福临门家香味小榨原香菜籽油（三级）5L*1瓶 中粮出品没问题
蓝月亮深沉洁净洗衣液1kg3桶没问题
蓝月亮深沉洁净洗衣液1kg3桶没问题
唯怡核桃乳（紫标）*12瓶*960ml*1箱没问题
唯怡核桃乳（紫标）*12瓶*960ml*1箱没问题
唯怡核桃乳（紫标）*12瓶*960ml*1箱没问题
中粮福临门非转纯正菜籽油5L金典长粒香大米5KG组合没问题
中粮福临门非转纯正菜籽油5L金典长粒香大米5KG组合没问题
中粮福临门非转纯正菜籽油5L金典长粒香大米5KG组合没问题
中粮福临门非转纯正菜籽油5L金典长粒香大米5KG组合没问题
苏泊尔5L 家用电压力锅 5人-6人煮饭两用炖锅SY-50YC501Q没问题
苏泊尔5L 家用电压力锅 5人-6人煮饭两用炖锅SY-50YC501Q没问题
苏泊尔5L 家用电压力锅 5人-6人煮饭两用炖锅SY-50YC501Q没问题
苏泊尔5L 家用电压力锅 5人-6人煮饭两用炖锅SY-50YC501Q没问题
苏泊尔5L 家用电压力锅 5人-6人煮饭两用炖锅SY-50YC501Q没问题
清风高端原色木组合装24件套没问题
清风高端原色木组合装24件套没问题
清风高端原色木组合装24件套没问题
清风高端原色木组合装24件套没问题
清风高端原色木组合装24件套没问题
清风高端原色木组合装24件套没问题
Bear/小熊*DKX-A09A1*电烤箱* 小型电烤箱家用迷你小烤箱烘焙机蛋糕机没问题
Bear/小熊*DKX-A09A1*电烤箱* 小型电烤箱家用迷你小烤箱烘焙机蛋糕机没问题
Bear/小熊*DKX-A09A1*电烤箱* 小型电烤箱家用迷你小烤箱烘焙机蛋糕机没问题
Bear/小熊*DKX-A09A1*电烤箱* 小型电烤箱家用迷你小烤箱烘焙机蛋糕机没问题
Bear/小熊*DKX-A09A1*电烤箱* 小型电烤箱家用迷你小烤箱烘焙机蛋糕机没问题
Bear/小熊*DKX-A09A1*电烤箱* 小型电烤箱家用迷你小烤箱烘焙机蛋糕机没问题
Bear/小熊*DKX-A09A1*电烤箱* 小型电烤箱家用迷你小烤箱烘焙机蛋糕机没问题
棒棒娃*大礼包308g*1袋 麻辣牛肉干小吃大礼包 没问题
棒棒娃*大礼包308g*1袋 麻辣牛肉干小吃大礼包 没问题
棒棒娃*大礼包308g*1袋 麻辣牛肉干小吃大礼包 没问题
棒棒娃*大礼包308g*1袋 麻辣牛肉干小吃大礼包 没问题
棒棒娃*大礼包308g*1袋 麻辣牛肉干小吃大礼包 没问题
棒棒娃*大礼包308g*1袋 麻辣牛肉干小吃大礼包 没问题
棒棒娃*大礼包308g*1袋 麻辣牛肉干小吃大礼包 没问题
棒棒娃*大礼包308g*1袋 麻辣牛肉干小吃大礼包 没问题
菊乐有机纯牛奶250ml*12盒*提（偏远地区不发货）没问题
菊乐有机纯牛奶250ml*12盒*提（偏远地区不发货）没问题
菊乐有机纯牛奶250ml*12盒*提（偏远地区不发货）没问题
菊乐有机纯牛奶250ml*12盒*提（偏远地区不发货）没问题
菊乐有机纯牛奶250ml*12盒*提（偏远地区不发货）没问题
菊乐有机纯牛奶250ml*12盒*提（偏远地区不发货）没问题
菊乐有机纯牛奶250ml*12盒*提（偏远地区不发货）没问题
菊乐有机纯牛奶250ml*12盒*提（偏远地区不发货）没问题
菊乐有机纯牛奶250ml*12盒*提（偏远地区不发货）没问题
等蜂来枸杞蜂蜜（500g*1瓶）没问题
等蜂来枸杞蜂蜜（500g*1瓶）没问题
等蜂来枸杞蜂蜜（500g*1瓶）没问题
等蜂来枸杞蜂蜜（500g*1瓶）没问题
等蜂来枸杞蜂蜜（500g*1瓶）没问题
等蜂来枸杞蜂蜜（500g*1瓶）没问题
等蜂来枸杞蜂蜜（500g*1瓶）没问题
等蜂来枸杞蜂蜜（500g*1瓶）没问题
等蜂来枸杞蜂蜜（500g*1瓶）没问题
等蜂来枸杞蜂蜜（500g*1瓶）没问题
招牌蛋黄酥没问题
招牌蛋黄酥没问题
招牌蛋黄酥没问题
招牌蛋黄酥没问题
招牌蛋黄酥没问题
招牌蛋黄酥没问题
招牌蛋黄酥没问题
招牌蛋黄酥没问题
招牌蛋黄酥没问题
招牌蛋黄酥没问题
招牌蛋黄酥没问题
【惠生活】中粮福临门五常赋香稻5KG没问题
【惠生活】中粮福临门五常赋香稻5KG没问题
【惠生活】中粮福临门五常赋香稻5KG没问题
【惠生活】中粮福临门五常赋香稻5KG没问题
【惠生活】中粮福临门五常赋香稻5KG没问题
【惠生活】中粮福临门五常赋香稻5KG没问题
【惠生活】中粮福临门五常赋香稻5KG没问题
【惠生活】中粮福临门五常赋香稻5KG没问题
【惠生活】中粮福临门五常赋香稻5KG没问题
【惠生活】中粮福临门五常赋香稻5KG没问题
【惠生活】中粮福临门五常赋香稻5KG没问题
【惠生活】中粮福临门五常赋香稻5KG没问题
Danisa皇冠丹麦曲奇饼干72G*6盒 丹麦风味进口黄油曲奇饼干零食没问题
Danisa皇冠丹麦曲奇饼干72G*6盒 丹麦风味进口黄油曲奇饼干零食没问题
Danisa皇冠丹麦曲奇饼干72G*6盒 丹麦风味进口黄油曲奇饼干零食没问题
Danisa皇冠丹麦曲奇饼干72G*6盒 丹麦风味进口黄油曲奇饼干零食没问题
Danisa皇冠丹麦曲奇饼干72G*6盒 丹麦风味进口黄油曲奇饼干零食没问题
Danisa皇冠丹麦曲奇饼干72G*6盒 丹麦风味进口黄油曲奇饼干零食没问题
Danisa皇冠丹麦曲奇饼干72G*6盒 丹麦风味进口黄油曲奇饼干零食没问题
Danisa皇冠丹麦曲奇饼干72G*6盒 丹麦风味进口黄油曲奇饼干零食没问题
Danisa皇冠丹麦曲奇饼干72G*6盒 丹麦风味进口黄油曲奇饼干零食没问题
Danisa皇冠丹麦曲奇饼干72G*6盒 丹麦风味进口黄油曲奇饼干零食没问题
Danisa皇冠丹麦曲奇饼干72G*6盒 丹麦风味进口黄油曲奇饼干零食没问题
Danisa皇冠丹麦曲奇饼干72G*6盒 丹麦风味进口黄油曲奇饼干零食没问题
Danisa皇冠丹麦曲奇饼干72G*6盒 丹麦风味进口黄油曲奇饼干零食没问题
黄老五陪伴组合606g 小麻花宿舍小吃食品没问题
黄老五陪伴组合606g 小麻花宿舍小吃食品没问题
黄老五陪伴组合606g 小麻花宿舍小吃食品没问题
黄老五陪伴组合606g 小麻花宿舍小吃食品没问题
黄老五陪伴组合606g 小麻花宿舍小吃食品没问题
黄老五陪伴组合606g 小麻花宿舍小吃食品没问题
黄老五陪伴组合606g 小麻花宿舍小吃食品没问题
黄老五陪伴组合606g 小麻花宿舍小吃食品没问题
黄老五陪伴组合606g 小麻花宿舍小吃食品没问题
黄老五陪伴组合606g 小麻花宿舍小吃食品没问题
黄老五陪伴组合606g 小麻花宿舍小吃食品没问题
黄老五陪伴组合606g 小麻花宿舍小吃食品没问题
黄老五陪伴组合606g 小麻花宿舍小吃食品没问题
黄老五陪伴组合606g 小麻花宿舍小吃食品没问题
100g蜀涛毛峰  明前绿茶  独立小袋 送礼皆可 四川 茶叶 特产没问题
100g蜀涛毛峰  明前绿茶  独立小袋 送礼皆可 四川 茶叶 特产没问题
100g蜀涛毛峰  明前绿茶  独立小袋 送礼皆可 四川 茶叶 特产没问题
100g蜀涛毛峰  明前绿茶  独立小袋 送礼皆可 四川 茶叶 特产没问题
100g蜀涛毛峰  明前绿茶  独立小袋 送礼皆可 四川 茶叶 特产没问题
100g蜀涛毛峰  明前绿茶  独立小袋 送礼皆可 四川 茶叶 特产没问题
100g蜀涛毛峰  明前绿茶  独立小袋 送礼皆可 四川 茶叶 特产没问题
100g蜀涛毛峰  明前绿茶  独立小袋 送礼皆可 四川 茶叶 特产没问题
100g蜀涛毛峰  明前绿茶  独立小袋 送礼皆可 四川 茶叶 特产没问题
100g蜀涛毛峰  明前绿茶  独立小袋 送礼皆可 四川 茶叶 特产没问题
100g蜀涛毛峰  明前绿茶  独立小袋 送礼皆可 四川 茶叶 特产没问题
100g蜀涛毛峰  明前绿茶  独立小袋 送礼皆可 四川 茶叶 特产没问题
100g蜀涛毛峰  明前绿茶  独立小袋 送礼皆可 四川 茶叶 特产没问题
100g蜀涛毛峰  明前绿茶  独立小袋 送礼皆可 四川 茶叶 特产没问题
100g蜀涛毛峰  明前绿茶  独立小袋 送礼皆可 四川 茶叶 特产没问题
史努比软胶提手不锈钢保温餐桶没问题
史努比软胶提手不锈钢保温餐桶没问题
史努比软胶提手不锈钢保温餐桶没问题
史努比软胶提手不锈钢保温餐桶没问题
史努比软胶提手不锈钢保温餐桶没问题
史努比软胶提手不锈钢保温餐桶没问题
史努比软胶提手不锈钢保温餐桶没问题
史努比软胶提手不锈钢保温餐桶没问题
史努比软胶提手不锈钢保温餐桶没问题
史努比软胶提手不锈钢保温餐桶没问题
史努比软胶提手不锈钢保温餐桶没问题
史努比软胶提手不锈钢保温餐桶没问题
史努比软胶提手不锈钢保温餐桶没问题
史努比软胶提手不锈钢保温餐桶没问题
史努比软胶提手不锈钢保温餐桶没问题
史努比软胶提手不锈钢保温餐桶没问题
费雪健身架婴儿脚踏钢琴健身架器0-1岁婴儿玩具宝宝音乐脚踩钢琴没问题
费雪健身架婴儿脚踏钢琴健身架器0-1岁婴儿玩具宝宝音乐脚踩钢琴没问题
费雪健身架婴儿脚踏钢琴健身架器0-1岁婴儿玩具宝宝音乐脚踩钢琴没问题
费雪健身架婴儿脚踏钢琴健身架器0-1岁婴儿玩具宝宝音乐脚踩钢琴没问题
费雪健身架婴儿脚踏钢琴健身架器0-1岁婴儿玩具宝宝音乐脚踩钢琴没问题
费雪健身架婴儿脚踏钢琴健身架器0-1岁婴儿玩具宝宝音乐脚踩钢琴没问题
费雪健身架婴儿脚踏钢琴健身架器0-1岁婴儿玩具宝宝音乐脚踩钢琴没问题
费雪健身架婴儿脚踏钢琴健身架器0-1岁婴儿玩具宝宝音乐脚踩钢琴没问题
费雪健身架婴儿脚踏钢琴健身架器0-1岁婴儿玩具宝宝音乐脚踩钢琴没问题
费雪健身架婴儿脚踏钢琴健身架器0-1岁婴儿玩具宝宝音乐脚踩钢琴没问题
费雪健身架婴儿脚踏钢琴健身架器0-1岁婴儿玩具宝宝音乐脚踩钢琴没问题
费雪健身架婴儿脚踏钢琴健身架器0-1岁婴儿玩具宝宝音乐脚踩钢琴没问题
费雪健身架婴儿脚踏钢琴健身架器0-1岁婴儿玩具宝宝音乐脚踩钢琴没问题
费雪健身架婴儿脚踏钢琴健身架器0-1岁婴儿玩具宝宝音乐脚踩钢琴没问题
费雪健身架婴儿脚踏钢琴健身架器0-1岁婴儿玩具宝宝音乐脚踩钢琴没问题
费雪健身架婴儿脚踏钢琴健身架器0-1岁婴儿玩具宝宝音乐脚踩钢琴没问题
费雪健身架婴儿脚踏钢琴健身架器0-1岁婴儿玩具宝宝音乐脚踩钢琴没问题
德世朗荣爵多用中式炒锅DSL-C083 炒锅没问题
德世朗荣爵多用中式炒锅DSL-C083 炒锅没问题
德世朗荣爵多用中式炒锅DSL-C083 炒锅没问题
德世朗荣爵多用中式炒锅DSL-C083 炒锅没问题
德世朗荣爵多用中式炒锅DSL-C083 炒锅没问题
德世朗荣爵多用中式炒锅DSL-C083 炒锅没问题
德世朗荣爵多用中式炒锅DSL-C083 炒锅没问题
德世朗荣爵多用中式炒锅DSL-C083 炒锅没问题
德世朗荣爵多用中式炒锅DSL-C083 炒锅没问题
德世朗荣爵多用中式炒锅DSL-C083 炒锅没问题
德世朗荣爵多用中式炒锅DSL-C083 炒锅没问题
德世朗荣爵多用中式炒锅DSL-C083 炒锅没问题
德世朗荣爵多用中式炒锅DSL-C083 炒锅没问题
德世朗荣爵多用中式炒锅DSL-C083 炒锅没问题
德世朗荣爵多用中式炒锅DSL-C083 炒锅没问题
德世朗荣爵多用中式炒锅DSL-C083 炒锅没问题
德世朗荣爵多用中式炒锅DSL-C083 炒锅没问题
德世朗荣爵多用中式炒锅DSL-C083 炒锅没问题
自然来 超滤净水器大流量无废水不插电过滤器 ZRL-U10(A) 没问题
自然来 超滤净水器大流量无废水不插电过滤器 ZRL-U10(A) 没问题
自然来 超滤净水器大流量无废水不插电过滤器 ZRL-U10(A) 没问题
自然来 超滤净水器大流量无废水不插电过滤器 ZRL-U10(A) 没问题
自然来 超滤净水器大流量无废水不插电过滤器 ZRL-U10(A) 没问题
自然来 超滤净水器大流量无废水不插电过滤器 ZRL-U10(A) 没问题
自然来 超滤净水器大流量无废水不插电过滤器 ZRL-U10(A) 没问题
自然来 超滤净水器大流量无废水不插电过滤器 ZRL-U10(A) 没问题
自然来 超滤净水器大流量无废水不插电过滤器 ZRL-U10(A) 没问题
自然来 超滤净水器大流量无废水不插电过滤器 ZRL-U10(A) 没问题
自然来 超滤净水器大流量无废水不插电过滤器 ZRL-U10(A) 没问题
自然来 超滤净水器大流量无废水不插电过滤器 ZRL-U10(A) 没问题
自然来 超滤净水器大流量无废水不插电过滤器 ZRL-U10(A) 没问题
自然来 超滤净水器大流量无废水不插电过滤器 ZRL-U10(A) 没问题
自然来 超滤净水器大流量无废水不插电过滤器 ZRL-U10(A) 没问题
自然来 超滤净水器大流量无废水不插电过滤器 ZRL-U10(A) 没问题
自然来 超滤净水器大流量无废水不插电过滤器 ZRL-U10(A) 没问题
自然来 超滤净水器大流量无废水不插电过滤器 ZRL-U10(A) 没问题
自然来 超滤净水器大流量无废水不插电过滤器 ZRL-U10(A) 没问题
满婷男士清螨保湿爽肤水没问题
满婷男士清螨保湿爽肤水没问题
满婷男士清螨保湿爽肤水没问题
满婷男士清螨保湿爽肤水没问题
满婷男士清螨保湿爽肤水没问题
满婷男士清螨保湿爽肤水没问题
满婷男士清螨保湿爽肤水没问题
满婷男士清螨保湿爽肤水没问题
满婷男士清螨保湿爽肤水没问题
满婷男士清螨保湿爽肤水没问题
满婷男士清螨保湿爽肤水没问题
满婷男士清螨保湿爽肤水没问题
满婷男士清螨保湿爽肤水没问题
满婷男士清螨保湿爽肤水没问题
满婷男士清螨保湿爽肤水没问题
满婷男士清螨保湿爽肤水没问题
满婷男士清螨保湿爽肤水没问题
满婷男士清螨保湿爽肤水没问题
满婷男士清螨保湿爽肤水没问题
满婷男士清螨保湿爽肤水没问题
包邮老川东灯影牛肉丝300g成都小吃五香麻辣牛肉零食四川特产没问题
包邮老川东灯影牛肉丝300g成都小吃五香麻辣牛肉零食四川特产没问题
包邮老川东灯影牛肉丝300g成都小吃五香麻辣牛肉零食四川特产没问题
包邮老川东灯影牛肉丝300g成都小吃五香麻辣牛肉零食四川特产没问题
包邮老川东灯影牛肉丝300g成都小吃五香麻辣牛肉零食四川特产没问题
包邮老川东灯影牛肉丝300g成都小吃五香麻辣牛肉零食四川特产没问题
包邮老川东灯影牛肉丝300g成都小吃五香麻辣牛肉零食四川特产没问题
包邮老川东灯影牛肉丝300g成都小吃五香麻辣牛肉零食四川特产没问题
包邮老川东灯影牛肉丝300g成都小吃五香麻辣牛肉零食四川特产没问题
包邮老川东灯影牛肉丝300g成都小吃五香麻辣牛肉零食四川特产没问题
包邮老川东灯影牛肉丝300g成都小吃五香麻辣牛肉零食四川特产没问题
包邮老川东灯影牛肉丝300g成都小吃五香麻辣牛肉零食四川特产没问题
包邮老川东灯影牛肉丝300g成都小吃五香麻辣牛肉零食四川特产没问题
包邮老川东灯影牛肉丝300g成都小吃五香麻辣牛肉零食四川特产没问题
包邮老川东灯影牛肉丝300g成都小吃五香麻辣牛肉零食四川特产没问题
包邮老川东灯影牛肉丝300g成都小吃五香麻辣牛肉零食四川特产没问题
包邮老川东灯影牛肉丝300g成都小吃五香麻辣牛肉零食四川特产没问题
包邮老川东灯影牛肉丝300g成都小吃五香麻辣牛肉零食四川特产没问题
包邮老川东灯影牛肉丝300g成都小吃五香麻辣牛肉零食四川特产没问题
包邮老川东灯影牛肉丝300g成都小吃五香麻辣牛肉零食四川特产没问题
包邮老川东灯影牛肉丝300g成都小吃五香麻辣牛肉零食四川特产没问题
云南白药牙膏益生菌三支套装益优系列全新包装 清新口气护龈美白没问题
云南白药牙膏益生菌三支套装益优系列全新包装 清新口气护龈美白没问题
云南白药牙膏益生菌三支套装益优系列全新包装 清新口气护龈美白没问题
云南白药牙膏益生菌三支套装益优系列全新包装 清新口气护龈美白没问题
云南白药牙膏益生菌三支套装益优系列全新包装 清新口气护龈美白没问题
云南白药牙膏益生菌三支套装益优系列全新包装 清新口气护龈美白没问题
云南白药牙膏益生菌三支套装益优系列全新包装 清新口气护龈美白没问题
云南白药牙膏益生菌三支套装益优系列全新包装 清新口气护龈美白没问题
云南白药牙膏益生菌三支套装益优系列全新包装 清新口气护龈美白没问题
云南白药牙膏益生菌三支套装益优系列全新包装 清新口气护龈美白没问题
云南白药牙膏益生菌三支套装益优系列全新包装 清新口气护龈美白没问题
云南白药牙膏益生菌三支套装益优系列全新包装 清新口气护龈美白没问题
云南白药牙膏益生菌三支套装益优系列全新包装 清新口气护龈美白没问题
云南白药牙膏益生菌三支套装益优系列全新包装 清新口气护龈美白没问题
云南白药牙膏益生菌三支套装益优系列全新包装 清新口气护龈美白没问题
云南白药牙膏益生菌三支套装益优系列全新包装 清新口气护龈美白没问题
云南白药牙膏益生菌三支套装益优系列全新包装 清新口气护龈美白没问题
云南白药牙膏益生菌三支套装益优系列全新包装 清新口气护龈美白没问题
云南白药牙膏益生菌三支套装益优系列全新包装 清新口气护龈美白没问题
云南白药牙膏益生菌三支套装益优系列全新包装 清新口气护龈美白没问题
云南白药牙膏益生菌三支套装益优系列全新包装 清新口气护龈美白没问题
云南白药牙膏益生菌三支套装益优系列全新包装 清新口气护龈美白没问题
云南白药竹纤维抽纸18包促销装没问题
云南白药竹纤维抽纸18包促销装没问题
云南白药竹纤维抽纸18包促销装没问题
云南白药竹纤维抽纸18包促销装没问题
云南白药竹纤维抽纸18包促销装没问题
云南白药竹纤维抽纸18包促销装没问题
云南白药竹纤维抽纸18包促销装没问题
云南白药竹纤维抽纸18包促销装没问题
云南白药竹纤维抽纸18包促销装没问题
云南白药竹纤维抽纸18包促销装没问题
云南白药竹纤维抽纸18包促销装没问题
云南白药竹纤维抽纸18包促销装没问题
云南白药竹纤维抽纸18包促销装没问题
云南白药竹纤维抽纸18包促销装没问题
云南白药竹纤维抽纸18包促销装没问题
云南白药竹纤维抽纸18包促销装没问题
云南白药竹纤维抽纸18包促销装没问题
云南白药竹纤维抽纸18包促销装没问题
云南白药竹纤维抽纸18包促销装没问题
云南白药竹纤维抽纸18包促销装没问题
云南白药竹纤维抽纸18包促销装没问题
云南白药竹纤维抽纸18包促销装没问题
云南白药竹纤维抽纸18包促销装没问题
云南白药沁新日子本色竹纤维有芯卷纸1400g*2提没问题
云南白药沁新日子本色竹纤维有芯卷纸1400g*2提没问题
云南白药沁新日子本色竹纤维有芯卷纸1400g*2提没问题
云南白药沁新日子本色竹纤维有芯卷纸1400g*2提没问题
云南白药沁新日子本色竹纤维有芯卷纸1400g*2提没问题
云南白药沁新日子本色竹纤维有芯卷纸1400g*2提没问题
云南白药沁新日子本色竹纤维有芯卷纸1400g*2提没问题
云南白药沁新日子本色竹纤维有芯卷纸1400g*2提没问题
云南白药沁新日子本色竹纤维有芯卷纸1400g*2提没问题
云南白药沁新日子本色竹纤维有芯卷纸1400g*2提没问题
云南白药沁新日子本色竹纤维有芯卷纸1400g*2提没问题
云南白药沁新日子本色竹纤维有芯卷纸1400g*2提没问题
云南白药沁新日子本色竹纤维有芯卷纸1400g*2提没问题
云南白药沁新日子本色竹纤维有芯卷纸1400g*2提没问题
云南白药沁新日子本色竹纤维有芯卷纸1400g*2提没问题
云南白药沁新日子本色竹纤维有芯卷纸1400g*2提没问题
云南白药沁新日子本色竹纤维有芯卷纸1400g*2提没问题
云南白药沁新日子本色竹纤维有芯卷纸1400g*2提没问题
云南白药沁新日子本色竹纤维有芯卷纸1400g*2提没问题
云南白药沁新日子本色竹纤维有芯卷纸1400g*2提没问题
云南白药沁新日子本色竹纤维有芯卷纸1400g*2提没问题
云南白药沁新日子本色竹纤维有芯卷纸1400g*2提没问题
云南白药沁新日子本色竹纤维有芯卷纸1400g*2提没问题
云南白药沁新日子本色竹纤维有芯卷纸1400g*2提没问题
【爆款包邮】媚丽阳光本色竹纤维家用纸巾整箱48包/116mm*190mm*300张三层*6包/提没问题
【爆款包邮】媚丽阳光本色竹纤维家用纸巾整箱48包/116mm*190mm*300张三层*6包/提没问题
【爆款包邮】媚丽阳光本色竹纤维家用纸巾整箱48包/116mm*190mm*300张三层*6包/提没问题
【爆款包邮】媚丽阳光本色竹纤维家用纸巾整箱48包/116mm*190mm*300张三层*6包/提没问题
【爆款包邮】媚丽阳光本色竹纤维家用纸巾整箱48包/116mm*190mm*300张三层*6包/提没问题
【爆款包邮】媚丽阳光本色竹纤维家用纸巾整箱48包/116mm*190mm*300张三层*6包/提没问题
【爆款包邮】媚丽阳光本色竹纤维家用纸巾整箱48包/116mm*190mm*300张三层*6包/提没问题
【爆款包邮】媚丽阳光本色竹纤维家用纸巾整箱48包/116mm*190mm*300张三层*6包/提没问题
【爆款包邮】媚丽阳光本色竹纤维家用纸巾整箱48包/116mm*190mm*300张三层*6包/提没问题
【爆款包邮】媚丽阳光本色竹纤维家用纸巾整箱48包/116mm*190mm*300张三层*6包/提没问题
【爆款包邮】媚丽阳光本色竹纤维家用纸巾整箱48包/116mm*190mm*300张三层*6包/提没问题
【爆款包邮】媚丽阳光本色竹纤维家用纸巾整箱48包/116mm*190mm*300张三层*6包/提没问题
【爆款包邮】媚丽阳光本色竹纤维家用纸巾整箱48包/116mm*190mm*300张三层*6包/提没问题
【爆款包邮】媚丽阳光本色竹纤维家用纸巾整箱48包/116mm*190mm*300张三层*6包/提没问题
【爆款包邮】媚丽阳光本色竹纤维家用纸巾整箱48包/116mm*190mm*300张三层*6包/提没问题
【爆款包邮】媚丽阳光本色竹纤维家用纸巾整箱48包/116mm*190mm*300张三层*6包/提没问题
【爆款包邮】媚丽阳光本色竹纤维家用纸巾整箱48包/116mm*190mm*300张三层*6包/提没问题
【爆款包邮】媚丽阳光本色竹纤维家用纸巾整箱48包/116mm*190mm*300张三层*6包/提没问题
【爆款包邮】媚丽阳光本色竹纤维家用纸巾整箱48包/116mm*190mm*300张三层*6包/提没问题
【爆款包邮】媚丽阳光本色竹纤维家用纸巾整箱48包/116mm*190mm*300张三层*6包/提没问题
【爆款包邮】媚丽阳光本色竹纤维家用纸巾整箱48包/116mm*190mm*300张三层*6包/提没问题
【爆款包邮】媚丽阳光本色竹纤维家用纸巾整箱48包/116mm*190mm*300张三层*6包/提没问题
【爆款包邮】媚丽阳光本色竹纤维家用纸巾整箱48包/116mm*190mm*300张三层*6包/提没问题
【爆款包邮】媚丽阳光本色竹纤维家用纸巾整箱48包/116mm*190mm*300张三层*6包/提没问题
【爆款包邮】媚丽阳光本色竹纤维家用纸巾整箱48包/116mm*190mm*300张三层*6包/提没问题
王老吉凉茶1x24入没问题
王老吉凉茶1x24入没问题
王老吉凉茶1x24入没问题
王老吉凉茶1x24入没问题
王老吉凉茶1x24入没问题
王老吉凉茶1x24入没问题
王老吉凉茶1x24入没问题
王老吉凉茶1x24入没问题
王老吉凉茶1x24入没问题
王老吉凉茶1x24入没问题
王老吉凉茶1x24入没问题
王老吉凉茶1x24入没问题
王老吉凉茶1x24入没问题
王老吉凉茶1x24入没问题
王老吉凉茶1x24入没问题
王老吉凉茶1x24入没问题
王老吉凉茶1x24入没问题
王老吉凉茶1x24入没问题
王老吉凉茶1x24入没问题
王老吉凉茶1x24入没问题
王老吉凉茶1x24入没问题
王老吉凉茶1x24入没问题
王老吉凉茶1x24入没问题
王老吉凉茶1x24入没问题
王老吉凉茶1x24入没问题
王老吉凉茶1x24入没问题
志高吸尘器家用大吸力手持式地毯强力除螨吸小米粒小型迷你大功率ZG-CR258没问题
志高吸尘器家用大吸力手持式地毯强力除螨吸小米粒小型迷你大功率ZG-CR258没问题
志高吸尘器家用大吸力手持式地毯强力除螨吸小米粒小型迷你大功率ZG-CR258没问题
志高吸尘器家用大吸力手持式地毯强力除螨吸小米粒小型迷你大功率ZG-CR258没问题
志高吸尘器家用大吸力手持式地毯强力除螨吸小米粒小型迷你大功率ZG-CR258没问题
志高吸尘器家用大吸力手持式地毯强力除螨吸小米粒小型迷你大功率ZG-CR258没问题
志高吸尘器家用大吸力手持式地毯强力除螨吸小米粒小型迷你大功率ZG-CR258没问题
志高吸尘器家用大吸力手持式地毯强力除螨吸小米粒小型迷你大功率ZG-CR258没问题
志高吸尘器家用大吸力手持式地毯强力除螨吸小米粒小型迷你大功率ZG-CR258没问题
志高吸尘器家用大吸力手持式地毯强力除螨吸小米粒小型迷你大功率ZG-CR258没问题
志高吸尘器家用大吸力手持式地毯强力除螨吸小米粒小型迷你大功率ZG-CR258没问题
志高吸尘器家用大吸力手持式地毯强力除螨吸小米粒小型迷你大功率ZG-CR258没问题
志高吸尘器家用大吸力手持式地毯强力除螨吸小米粒小型迷你大功率ZG-CR258没问题
志高吸尘器家用大吸力手持式地毯强力除螨吸小米粒小型迷你大功率ZG-CR258没问题
志高吸尘器家用大吸力手持式地毯强力除螨吸小米粒小型迷你大功率ZG-CR258没问题
志高吸尘器家用大吸力手持式地毯强力除螨吸小米粒小型迷你大功率ZG-CR258没问题
志高吸尘器家用大吸力手持式地毯强力除螨吸小米粒小型迷你大功率ZG-CR258没问题
志高吸尘器家用大吸力手持式地毯强力除螨吸小米粒小型迷你大功率ZG-CR258没问题
志高吸尘器家用大吸力手持式地毯强力除螨吸小米粒小型迷你大功率ZG-CR258没问题
志高吸尘器家用大吸力手持式地毯强力除螨吸小米粒小型迷你大功率ZG-CR258没问题
志高吸尘器家用大吸力手持式地毯强力除螨吸小米粒小型迷你大功率ZG-CR258没问题
志高吸尘器家用大吸力手持式地毯强力除螨吸小米粒小型迷你大功率ZG-CR258没问题
志高吸尘器家用大吸力手持式地毯强力除螨吸小米粒小型迷你大功率ZG-CR258没问题
志高吸尘器家用大吸力手持式地毯强力除螨吸小米粒小型迷你大功率ZG-CR258没问题
志高吸尘器家用大吸力手持式地毯强力除螨吸小米粒小型迷你大功率ZG-CR258没问题
志高吸尘器家用大吸力手持式地毯强力除螨吸小米粒小型迷你大功率ZG-CR258没问题
志高吸尘器家用大吸力手持式地毯强力除螨吸小米粒小型迷你大功率ZG-CR258没问题
正品斑布  斑布竹浆本色家用纸巾抽纸不漂白无荧光实惠装 130抽16包/整箱 没问题
正品斑布  斑布竹浆本色家用纸巾抽纸不漂白无荧光实惠装 130抽16包/整箱 没问题
正品斑布  斑布竹浆本色家用纸巾抽纸不漂白无荧光实惠装 130抽16包/整箱 没问题
正品斑布  斑布竹浆本色家用纸巾抽纸不漂白无荧光实惠装 130抽16包/整箱 没问题
正品斑布  斑布竹浆本色家用纸巾抽纸不漂白无荧光实惠装 130抽16包/整箱 没问题
正品斑布  斑布竹浆本色家用纸巾抽纸不漂白无荧光实惠装 130抽16包/整箱 没问题
正品斑布  斑布竹浆本色家用纸巾抽纸不漂白无荧光实惠装 130抽16包/整箱 没问题
正品斑布  斑布竹浆本色家用纸巾抽纸不漂白无荧光实惠装 130抽16包/整箱 没问题
正品斑布  斑布竹浆本色家用纸巾抽纸不漂白无荧光实惠装 130抽16包/整箱 没问题
正品斑布  斑布竹浆本色家用纸巾抽纸不漂白无荧光实惠装 130抽16包/整箱 没问题
正品斑布  斑布竹浆本色家用纸巾抽纸不漂白无荧光实惠装 130抽16包/整箱 没问题
正品斑布  斑布竹浆本色家用纸巾抽纸不漂白无荧光实惠装 130抽16包/整箱 没问题
正品斑布  斑布竹浆本色家用纸巾抽纸不漂白无荧光实惠装 130抽16包/整箱 没问题
正品斑布  斑布竹浆本色家用纸巾抽纸不漂白无荧光实惠装 130抽16包/整箱 没问题
正品斑布  斑布竹浆本色家用纸巾抽纸不漂白无荧光实惠装 130抽16包/整箱 没问题
正品斑布  斑布竹浆本色家用纸巾抽纸不漂白无荧光实惠装 130抽16包/整箱 没问题
正品斑布  斑布竹浆本色家用纸巾抽纸不漂白无荧光实惠装 130抽16包/整箱 没问题
正品斑布  斑布竹浆本色家用纸巾抽纸不漂白无荧光实惠装 130抽16包/整箱 没问题
正品斑布  斑布竹浆本色家用纸巾抽纸不漂白无荧光实惠装 130抽16包/整箱 没问题
正品斑布  斑布竹浆本色家用纸巾抽纸不漂白无荧光实惠装 130抽16包/整箱 没问题
正品斑布  斑布竹浆本色家用纸巾抽纸不漂白无荧光实惠装 130抽16包/整箱 没问题
正品斑布  斑布竹浆本色家用纸巾抽纸不漂白无荧光实惠装 130抽16包/整箱 没问题
正品斑布  斑布竹浆本色家用纸巾抽纸不漂白无荧光实惠装 130抽16包/整箱 没问题
正品斑布  斑布竹浆本色家用纸巾抽纸不漂白无荧光实惠装 130抽16包/整箱 没问题
正品斑布  斑布竹浆本色家用纸巾抽纸不漂白无荧光实惠装 130抽16包/整箱 没问题
正品斑布  斑布竹浆本色家用纸巾抽纸不漂白无荧光实惠装 130抽16包/整箱 没问题
正品斑布  斑布竹浆本色家用纸巾抽纸不漂白无荧光实惠装 130抽16包/整箱 没问题
正品斑布  斑布竹浆本色家用纸巾抽纸不漂白无荧光实惠装 130抽16包/整箱 没问题
汤臣倍健健力多氨糖软骨素钙片礼盒装（25*3瓶）没问题
汤臣倍健健力多氨糖软骨素钙片礼盒装（25*3瓶）没问题
汤臣倍健健力多氨糖软骨素钙片礼盒装（25*3瓶）没问题
汤臣倍健健力多氨糖软骨素钙片礼盒装（25*3瓶）没问题
汤臣倍健健力多氨糖软骨素钙片礼盒装（25*3瓶）没问题
汤臣倍健健力多氨糖软骨素钙片礼盒装（25*3瓶）没问题
汤臣倍健健力多氨糖软骨素钙片礼盒装（25*3瓶）没问题
汤臣倍健健力多氨糖软骨素钙片礼盒装（25*3瓶）没问题
汤臣倍健健力多氨糖软骨素钙片礼盒装（25*3瓶）没问题
汤臣倍健健力多氨糖软骨素钙片礼盒装（25*3瓶）没问题
汤臣倍健健力多氨糖软骨素钙片礼盒装（25*3瓶）没问题
汤臣倍健健力多氨糖软骨素钙片礼盒装（25*3瓶）没问题
汤臣倍健健力多氨糖软骨素钙片礼盒装（25*3瓶）没问题
汤臣倍健健力多氨糖软骨素钙片礼盒装（25*3瓶）没问题
汤臣倍健健力多氨糖软骨素钙片礼盒装（25*3瓶）没问题
汤臣倍健健力多氨糖软骨素钙片礼盒装（25*3瓶）没问题
汤臣倍健健力多氨糖软骨素钙片礼盒装（25*3瓶）没问题
汤臣倍健健力多氨糖软骨素钙片礼盒装（25*3瓶）没问题
汤臣倍健健力多氨糖软骨素钙片礼盒装（25*3瓶）没问题
汤臣倍健健力多氨糖软骨素钙片礼盒装（25*3瓶）没问题
汤臣倍健健力多氨糖软骨素钙片礼盒装（25*3瓶）没问题
汤臣倍健健力多氨糖软骨素钙片礼盒装（25*3瓶）没问题
汤臣倍健健力多氨糖软骨素钙片礼盒装（25*3瓶）没问题
汤臣倍健健力多氨糖软骨素钙片礼盒装（25*3瓶）没问题
汤臣倍健健力多氨糖软骨素钙片礼盒装（25*3瓶）没问题
汤臣倍健健力多氨糖软骨素钙片礼盒装（25*3瓶）没问题
汤臣倍健健力多氨糖软骨素钙片礼盒装（25*3瓶）没问题
汤臣倍健健力多氨糖软骨素钙片礼盒装（25*3瓶）没问题
汤臣倍健健力多氨糖软骨素钙片礼盒装（25*3瓶）没问题
【疫情防护】汤臣倍健蛋白粉礼盒（600g)没问题
【疫情防护】汤臣倍健蛋白粉礼盒（600g)没问题
【疫情防护】汤臣倍健蛋白粉礼盒（600g)没问题
【疫情防护】汤臣倍健蛋白粉礼盒（600g)没问题
【疫情防护】汤臣倍健蛋白粉礼盒（600g)没问题
【疫情防护】汤臣倍健蛋白粉礼盒（600g)没问题
【疫情防护】汤臣倍健蛋白粉礼盒（600g)没问题
【疫情防护】汤臣倍健蛋白粉礼盒（600g)没问题
【疫情防护】汤臣倍健蛋白粉礼盒（600g)没问题
【疫情防护】汤臣倍健蛋白粉礼盒（600g)没问题
【疫情防护】汤臣倍健蛋白粉礼盒（600g)没问题
【疫情防护】汤臣倍健蛋白粉礼盒（600g)没问题
【疫情防护】汤臣倍健蛋白粉礼盒（600g)没问题
【疫情防护】汤臣倍健蛋白粉礼盒（600g)没问题
【疫情防护】汤臣倍健蛋白粉礼盒（600g)没问题
【疫情防护】汤臣倍健蛋白粉礼盒（600g)没问题
【疫情防护】汤臣倍健蛋白粉礼盒（600g)没问题
【疫情防护】汤臣倍健蛋白粉礼盒（600g)没问题
【疫情防护】汤臣倍健蛋白粉礼盒（600g)没问题
【疫情防护】汤臣倍健蛋白粉礼盒（600g)没问题
【疫情防护】汤臣倍健蛋白粉礼盒（600g)没问题
【疫情防护】汤臣倍健蛋白粉礼盒（600g)没问题
【疫情防护】汤臣倍健蛋白粉礼盒（600g)没问题
【疫情防护】汤臣倍健蛋白粉礼盒（600g)没问题
【疫情防护】汤臣倍健蛋白粉礼盒（600g)没问题
【疫情防护】汤臣倍健蛋白粉礼盒（600g)没问题
【疫情防护】汤臣倍健蛋白粉礼盒（600g)没问题
【疫情防护】汤臣倍健蛋白粉礼盒（600g)没问题
【疫情防护】汤臣倍健蛋白粉礼盒（600g)没问题
【疫情防护】汤臣倍健蛋白粉礼盒（600g)没问题
「晓蛮」7色活力豆浆没问题
「晓蛮」7色活力豆浆没问题
「晓蛮」7色活力豆浆没问题
「晓蛮」7色活力豆浆没问题
「晓蛮」7色活力豆浆没问题
「晓蛮」7色活力豆浆没问题
「晓蛮」7色活力豆浆没问题
「晓蛮」7色活力豆浆没问题
「晓蛮」7色活力豆浆没问题
「晓蛮」7色活力豆浆没问题
「晓蛮」7色活力豆浆没问题
「晓蛮」7色活力豆浆没问题
「晓蛮」7色活力豆浆没问题
「晓蛮」7色活力豆浆没问题
「晓蛮」7色活力豆浆没问题
「晓蛮」7色活力豆浆没问题
「晓蛮」7色活力豆浆没问题
「晓蛮」7色活力豆浆没问题
「晓蛮」7色活力豆浆没问题
「晓蛮」7色活力豆浆没问题
「晓蛮」7色活力豆浆没问题
「晓蛮」7色活力豆浆没问题
「晓蛮」7色活力豆浆没问题
「晓蛮」7色活力豆浆没问题
「晓蛮」7色活力豆浆没问题
「晓蛮」7色活力豆浆没问题
「晓蛮」7色活力豆浆没问题
「晓蛮」7色活力豆浆没问题
「晓蛮」7色活力豆浆没问题
「晓蛮」7色活力豆浆没问题
「晓蛮」7色活力豆浆没问题
清风原木纯品270段卷纸10卷送春竹抽纸手帕纸没问题
清风原木纯品270段卷纸10卷送春竹抽纸手帕纸没问题
清风原木纯品270段卷纸10卷送春竹抽纸手帕纸没问题
清风原木纯品270段卷纸10卷送春竹抽纸手帕纸没问题
清风原木纯品270段卷纸10卷送春竹抽纸手帕纸没问题
清风原木纯品270段卷纸10卷送春竹抽纸手帕纸没问题
清风原木纯品270段卷纸10卷送春竹抽纸手帕纸没问题
清风原木纯品270段卷纸10卷送春竹抽纸手帕纸没问题
清风原木纯品270段卷纸10卷送春竹抽纸手帕纸没问题
清风原木纯品270段卷纸10卷送春竹抽纸手帕纸没问题
清风原木纯品270段卷纸10卷送春竹抽纸手帕纸没问题
清风原木纯品270段卷纸10卷送春竹抽纸手帕纸没问题
清风原木纯品270段卷纸10卷送春竹抽纸手帕纸没问题
清风原木纯品270段卷纸10卷送春竹抽纸手帕纸没问题
清风原木纯品270段卷纸10卷送春竹抽纸手帕纸没问题
清风原木纯品270段卷纸10卷送春竹抽纸手帕纸没问题
清风原木纯品270段卷纸10卷送春竹抽纸手帕纸没问题
清风原木纯品270段卷纸10卷送春竹抽纸手帕纸没问题
清风原木纯品270段卷纸10卷送春竹抽纸手帕纸没问题
清风原木纯品270段卷纸10卷送春竹抽纸手帕纸没问题
清风原木纯品270段卷纸10卷送春竹抽纸手帕纸没问题
清风原木纯品270段卷纸10卷送春竹抽纸手帕纸没问题
清风原木纯品270段卷纸10卷送春竹抽纸手帕纸没问题
清风原木纯品270段卷纸10卷送春竹抽纸手帕纸没问题
清风原木纯品270段卷纸10卷送春竹抽纸手帕纸没问题
清风原木纯品270段卷纸10卷送春竹抽纸手帕纸没问题
清风原木纯品270段卷纸10卷送春竹抽纸手帕纸没问题
清风原木纯品270段卷纸10卷送春竹抽纸手帕纸没问题
清风原木纯品270段卷纸10卷送春竹抽纸手帕纸没问题
清风原木纯品270段卷纸10卷送春竹抽纸手帕纸没问题
清风原木纯品270段卷纸10卷送春竹抽纸手帕纸没问题
清风原木纯品270段卷纸10卷送春竹抽纸手帕纸没问题
优贝健  低温冷榨食用油 有机核桃油100ML没问题
优贝健  低温冷榨食用油 有机核桃油100ML没问题
优贝健  低温冷榨食用油 有机核桃油100ML没问题
优贝健  低温冷榨食用油 有机核桃油100ML没问题
优贝健  低温冷榨食用油 有机核桃油100ML没问题
优贝健  低温冷榨食用油 有机核桃油100ML没问题
优贝健  低温冷榨食用油 有机核桃油100ML没问题
优贝健  低温冷榨食用油 有机核桃油100ML没问题
优贝健  低温冷榨食用油 有机核桃油100ML没问题
优贝健  低温冷榨食用油 有机核桃油100ML没问题
优贝健  低温冷榨食用油 有机核桃油100ML没问题
优贝健  低温冷榨食用油 有机核桃油100ML没问题
优贝健  低温冷榨食用油 有机核桃油100ML没问题
优贝健  低温冷榨食用油 有机核桃油100ML没问题
优贝健  低温冷榨食用油 有机核桃油100ML没问题
优贝健  低温冷榨食用油 有机核桃油100ML没问题
优贝健  低温冷榨食用油 有机核桃油100ML没问题
优贝健  低温冷榨食用油 有机核桃油100ML没问题
优贝健  低温冷榨食用油 有机核桃油100ML没问题
优贝健  低温冷榨食用油 有机核桃油100ML没问题
优贝健  低温冷榨食用油 有机核桃油100ML没问题
优贝健  低温冷榨食用油 有机核桃油100ML没问题
优贝健  低温冷榨食用油 有机核桃油100ML没问题
优贝健  低温冷榨食用油 有机核桃油100ML没问题
优贝健  低温冷榨食用油 有机核桃油100ML没问题
优贝健  低温冷榨食用油 有机核桃油100ML没问题
优贝健  低温冷榨食用油 有机核桃油100ML没问题
优贝健  低温冷榨食用油 有机核桃油100ML没问题
优贝健  低温冷榨食用油 有机核桃油100ML没问题
优贝健  低温冷榨食用油 有机核桃油100ML没问题
优贝健  低温冷榨食用油 有机核桃油100ML没问题
优贝健  低温冷榨食用油 有机核桃油100ML没问题
优贝健  低温冷榨食用油 有机核桃油100ML没问题
崔字牌礼盒装芝麻油448ml*2瓶+芝麻酱300g*2瓶+50g芝麻*2袋没问题
崔字牌礼盒装芝麻油448ml*2瓶+芝麻酱300g*2瓶+50g芝麻*2袋没问题
崔字牌礼盒装芝麻油448ml*2瓶+芝麻酱300g*2瓶+50g芝麻*2袋没问题
崔字牌礼盒装芝麻油448ml*2瓶+芝麻酱300g*2瓶+50g芝麻*2袋没问题
崔字牌礼盒装芝麻油448ml*2瓶+芝麻酱300g*2瓶+50g芝麻*2袋没问题
崔字牌礼盒装芝麻油448ml*2瓶+芝麻酱300g*2瓶+50g芝麻*2袋没问题
崔字牌礼盒装芝麻油448ml*2瓶+芝麻酱300g*2瓶+50g芝麻*2袋没问题
崔字牌礼盒装芝麻油448ml*2瓶+芝麻酱300g*2瓶+50g芝麻*2袋没问题
崔字牌礼盒装芝麻油448ml*2瓶+芝麻酱300g*2瓶+50g芝麻*2袋没问题
崔字牌礼盒装芝麻油448ml*2瓶+芝麻酱300g*2瓶+50g芝麻*2袋没问题
崔字牌礼盒装芝麻油448ml*2瓶+芝麻酱300g*2瓶+50g芝麻*2袋没问题
崔字牌礼盒装芝麻油448ml*2瓶+芝麻酱300g*2瓶+50g芝麻*2袋没问题
崔字牌礼盒装芝麻油448ml*2瓶+芝麻酱300g*2瓶+50g芝麻*2袋没问题
崔字牌礼盒装芝麻油448ml*2瓶+芝麻酱300g*2瓶+50g芝麻*2袋没问题
崔字牌礼盒装芝麻油448ml*2瓶+芝麻酱300g*2瓶+50g芝麻*2袋没问题
崔字牌礼盒装芝麻油448ml*2瓶+芝麻酱300g*2瓶+50g芝麻*2袋没问题
崔字牌礼盒装芝麻油448ml*2瓶+芝麻酱300g*2瓶+50g芝麻*2袋没问题
崔字牌礼盒装芝麻油448ml*2瓶+芝麻酱300g*2瓶+50g芝麻*2袋没问题
崔字牌礼盒装芝麻油448ml*2瓶+芝麻酱300g*2瓶+50g芝麻*2袋没问题
崔字牌礼盒装芝麻油448ml*2瓶+芝麻酱300g*2瓶+50g芝麻*2袋没问题
崔字牌礼盒装芝麻油448ml*2瓶+芝麻酱300g*2瓶+50g芝麻*2袋没问题
崔字牌礼盒装芝麻油448ml*2瓶+芝麻酱300g*2瓶+50g芝麻*2袋没问题
崔字牌礼盒装芝麻油448ml*2瓶+芝麻酱300g*2瓶+50g芝麻*2袋没问题
崔字牌礼盒装芝麻油448ml*2瓶+芝麻酱300g*2瓶+50g芝麻*2袋没问题
崔字牌礼盒装芝麻油448ml*2瓶+芝麻酱300g*2瓶+50g芝麻*2袋没问题
崔字牌礼盒装芝麻油448ml*2瓶+芝麻酱300g*2瓶+50g芝麻*2袋没问题
崔字牌礼盒装芝麻油448ml*2瓶+芝麻酱300g*2瓶+50g芝麻*2袋没问题
崔字牌礼盒装芝麻油448ml*2瓶+芝麻酱300g*2瓶+50g芝麻*2袋没问题
崔字牌礼盒装芝麻油448ml*2瓶+芝麻酱300g*2瓶+50g芝麻*2袋没问题
崔字牌礼盒装芝麻油448ml*2瓶+芝麻酱300g*2瓶+50g芝麻*2袋没问题
崔字牌礼盒装芝麻油448ml*2瓶+芝麻酱300g*2瓶+50g芝麻*2袋没问题
崔字牌礼盒装芝麻油448ml*2瓶+芝麻酱300g*2瓶+50g芝麻*2袋没问题
崔字牌礼盒装芝麻油448ml*2瓶+芝麻酱300g*2瓶+50g芝麻*2袋没问题
崔字牌礼盒装芝麻油448ml*2瓶+芝麻酱300g*2瓶+50g芝麻*2袋没问题
【顺丰包邮】峨眉雪芽 2020新茶现货抢鲜发货  茶叶 慧欣252克/盒 春茶绿茶高山茶礼盒没问题
【顺丰包邮】峨眉雪芽 2020新茶现货抢鲜发货  茶叶 慧欣252克/盒 春茶绿茶高山茶礼盒没问题
【顺丰包邮】峨眉雪芽 2020新茶现货抢鲜发货  茶叶 慧欣252克/盒 春茶绿茶高山茶礼盒没问题
【顺丰包邮】峨眉雪芽 2020新茶现货抢鲜发货  茶叶 慧欣252克/盒 春茶绿茶高山茶礼盒没问题
【顺丰包邮】峨眉雪芽 2020新茶现货抢鲜发货  茶叶 慧欣252克/盒 春茶绿茶高山茶礼盒没问题
【顺丰包邮】峨眉雪芽 2020新茶现货抢鲜发货  茶叶 慧欣252克/盒 春茶绿茶高山茶礼盒没问题
【顺丰包邮】峨眉雪芽 2020新茶现货抢鲜发货  茶叶 慧欣252克/盒 春茶绿茶高山茶礼盒没问题
【顺丰包邮】峨眉雪芽 2020新茶现货抢鲜发货  茶叶 慧欣252克/盒 春茶绿茶高山茶礼盒没问题
【顺丰包邮】峨眉雪芽 2020新茶现货抢鲜发货  茶叶 慧欣252克/盒 春茶绿茶高山茶礼盒没问题
【顺丰包邮】峨眉雪芽 2020新茶现货抢鲜发货  茶叶 慧欣252克/盒 春茶绿茶高山茶礼盒没问题
【顺丰包邮】峨眉雪芽 2020新茶现货抢鲜发货  茶叶 慧欣252克/盒 春茶绿茶高山茶礼盒没问题
【顺丰包邮】峨眉雪芽 2020新茶现货抢鲜发货  茶叶 慧欣252克/盒 春茶绿茶高山茶礼盒没问题
【顺丰包邮】峨眉雪芽 2020新茶现货抢鲜发货  茶叶 慧欣252克/盒 春茶绿茶高山茶礼盒没问题
【顺丰包邮】峨眉雪芽 2020新茶现货抢鲜发货  茶叶 慧欣252克/盒 春茶绿茶高山茶礼盒没问题
【顺丰包邮】峨眉雪芽 2020新茶现货抢鲜发货  茶叶 慧欣252克/盒 春茶绿茶高山茶礼盒没问题
【顺丰包邮】峨眉雪芽 2020新茶现货抢鲜发货  茶叶 慧欣252克/盒 春茶绿茶高山茶礼盒没问题
【顺丰包邮】峨眉雪芽 2020新茶现货抢鲜发货  茶叶 慧欣252克/盒 春茶绿茶高山茶礼盒没问题
【顺丰包邮】峨眉雪芽 2020新茶现货抢鲜发货  茶叶 慧欣252克/盒 春茶绿茶高山茶礼盒没问题
【顺丰包邮】峨眉雪芽 2020新茶现货抢鲜发货  茶叶 慧欣252克/盒 春茶绿茶高山茶礼盒没问题
【顺丰包邮】峨眉雪芽 2020新茶现货抢鲜发货  茶叶 慧欣252克/盒 春茶绿茶高山茶礼盒没问题
【顺丰包邮】峨眉雪芽 2020新茶现货抢鲜发货  茶叶 慧欣252克/盒 春茶绿茶高山茶礼盒没问题
【顺丰包邮】峨眉雪芽 2020新茶现货抢鲜发货  茶叶 慧欣252克/盒 春茶绿茶高山茶礼盒没问题
【顺丰包邮】峨眉雪芽 2020新茶现货抢鲜发货  茶叶 慧欣252克/盒 春茶绿茶高山茶礼盒没问题
【顺丰包邮】峨眉雪芽 2020新茶现货抢鲜发货  茶叶 慧欣252克/盒 春茶绿茶高山茶礼盒没问题
【顺丰包邮】峨眉雪芽 2020新茶现货抢鲜发货  茶叶 慧欣252克/盒 春茶绿茶高山茶礼盒没问题
【顺丰包邮】峨眉雪芽 2020新茶现货抢鲜发货  茶叶 慧欣252克/盒 春茶绿茶高山茶礼盒没问题
【顺丰包邮】峨眉雪芽 2020新茶现货抢鲜发货  茶叶 慧欣252克/盒 春茶绿茶高山茶礼盒没问题
【顺丰包邮】峨眉雪芽 2020新茶现货抢鲜发货  茶叶 慧欣252克/盒 春茶绿茶高山茶礼盒没问题
【顺丰包邮】峨眉雪芽 2020新茶现货抢鲜发货  茶叶 慧欣252克/盒 春茶绿茶高山茶礼盒没问题
【顺丰包邮】峨眉雪芽 2020新茶现货抢鲜发货  茶叶 慧欣252克/盒 春茶绿茶高山茶礼盒没问题
【顺丰包邮】峨眉雪芽 2020新茶现货抢鲜发货  茶叶 慧欣252克/盒 春茶绿茶高山茶礼盒没问题
【顺丰包邮】峨眉雪芽 2020新茶现货抢鲜发货  茶叶 慧欣252克/盒 春茶绿茶高山茶礼盒没问题
【顺丰包邮】峨眉雪芽 2020新茶现货抢鲜发货  茶叶 慧欣252克/盒 春茶绿茶高山茶礼盒没问题
【顺丰包邮】峨眉雪芽 2020新茶现货抢鲜发货  茶叶 慧欣252克/盒 春茶绿茶高山茶礼盒没问题
【顺丰包邮】峨眉雪芽 2020新茶现货抢鲜发货  茶叶 慧欣252克/盒 春茶绿茶高山茶礼盒没问题
维达抽纸超韧纸巾3层S码130抽24包【整箱销售】原生木浆纸面巾无香餐巾纸没问题
维达抽纸超韧纸巾3层S码130抽24包【整箱销售】原生木浆纸面巾无香餐巾纸没问题
维达抽纸超韧纸巾3层S码130抽24包【整箱销售】原生木浆纸面巾无香餐巾纸没问题
维达抽纸超韧纸巾3层S码130抽24包【整箱销售】原生木浆纸面巾无香餐巾纸没问题
维达抽纸超韧纸巾3层S码130抽24包【整箱销售】原生木浆纸面巾无香餐巾纸没问题
维达抽纸超韧纸巾3层S码130抽24包【整箱销售】原生木浆纸面巾无香餐巾纸没问题
维达抽纸超韧纸巾3层S码130抽24包【整箱销售】原生木浆纸面巾无香餐巾纸没问题
维达抽纸超韧纸巾3层S码130抽24包【整箱销售】原生木浆纸面巾无香餐巾纸没问题
维达抽纸超韧纸巾3层S码130抽24包【整箱销售】原生木浆纸面巾无香餐巾纸没问题
维达抽纸超韧纸巾3层S码130抽24包【整箱销售】原生木浆纸面巾无香餐巾纸没问题
维达抽纸超韧纸巾3层S码130抽24包【整箱销售】原生木浆纸面巾无香餐巾纸没问题
维达抽纸超韧纸巾3层S码130抽24包【整箱销售】原生木浆纸面巾无香餐巾纸没问题
维达抽纸超韧纸巾3层S码130抽24包【整箱销售】原生木浆纸面巾无香餐巾纸没问题
维达抽纸超韧纸巾3层S码130抽24包【整箱销售】原生木浆纸面巾无香餐巾纸没问题
维达抽纸超韧纸巾3层S码130抽24包【整箱销售】原生木浆纸面巾无香餐巾纸没问题
维达抽纸超韧纸巾3层S码130抽24包【整箱销售】原生木浆纸面巾无香餐巾纸没问题
维达抽纸超韧纸巾3层S码130抽24包【整箱销售】原生木浆纸面巾无香餐巾纸没问题
维达抽纸超韧纸巾3层S码130抽24包【整箱销售】原生木浆纸面巾无香餐巾纸没问题
维达抽纸超韧纸巾3层S码130抽24包【整箱销售】原生木浆纸面巾无香餐巾纸没问题
维达抽纸超韧纸巾3层S码130抽24包【整箱销售】原生木浆纸面巾无香餐巾纸没问题
维达抽纸超韧纸巾3层S码130抽24包【整箱销售】原生木浆纸面巾无香餐巾纸没问题
维达抽纸超韧纸巾3层S码130抽24包【整箱销售】原生木浆纸面巾无香餐巾纸没问题
维达抽纸超韧纸巾3层S码130抽24包【整箱销售】原生木浆纸面巾无香餐巾纸没问题
维达抽纸超韧纸巾3层S码130抽24包【整箱销售】原生木浆纸面巾无香餐巾纸没问题
维达抽纸超韧纸巾3层S码130抽24包【整箱销售】原生木浆纸面巾无香餐巾纸没问题
维达抽纸超韧纸巾3层S码130抽24包【整箱销售】原生木浆纸面巾无香餐巾纸没问题
维达抽纸超韧纸巾3层S码130抽24包【整箱销售】原生木浆纸面巾无香餐巾纸没问题
维达抽纸超韧纸巾3层S码130抽24包【整箱销售】原生木浆纸面巾无香餐巾纸没问题
维达抽纸超韧纸巾3层S码130抽24包【整箱销售】原生木浆纸面巾无香餐巾纸没问题
维达抽纸超韧纸巾3层S码130抽24包【整箱销售】原生木浆纸面巾无香餐巾纸没问题
维达抽纸超韧纸巾3层S码130抽24包【整箱销售】原生木浆纸面巾无香餐巾纸没问题
维达抽纸超韧纸巾3层S码130抽24包【整箱销售】原生木浆纸面巾无香餐巾纸没问题
维达抽纸超韧纸巾3层S码130抽24包【整箱销售】原生木浆纸面巾无香餐巾纸没问题
维达抽纸超韧纸巾3层S码130抽24包【整箱销售】原生木浆纸面巾无香餐巾纸没问题
维达抽纸超韧纸巾3层S码130抽24包【整箱销售】原生木浆纸面巾无香餐巾纸没问题
维达抽纸超韧纸巾3层S码130抽24包【整箱销售】原生木浆纸面巾无香餐巾纸没问题
千禾零添加头道原香180天酱油1.28L*2瓶 大桶装非转基因特级生抽酿造酱没问题
千禾零添加头道原香180天酱油1.28L*2瓶 大桶装非转基因特级生抽酿造酱没问题
千禾零添加头道原香180天酱油1.28L*2瓶 大桶装非转基因特级生抽酿造酱没问题
千禾零添加头道原香180天酱油1.28L*2瓶 大桶装非转基因特级生抽酿造酱没问题
千禾零添加头道原香180天酱油1.28L*2瓶 大桶装非转基因特级生抽酿造酱没问题
千禾零添加头道原香180天酱油1.28L*2瓶 大桶装非转基因特级生抽酿造酱没问题
千禾零添加头道原香180天酱油1.28L*2瓶 大桶装非转基因特级生抽酿造酱没问题
千禾零添加头道原香180天酱油1.28L*2瓶 大桶装非转基因特级生抽酿造酱没问题
千禾零添加头道原香180天酱油1.28L*2瓶 大桶装非转基因特级生抽酿造酱没问题
千禾零添加头道原香180天酱油1.28L*2瓶 大桶装非转基因特级生抽酿造酱没问题
千禾零添加头道原香180天酱油1.28L*2瓶 大桶装非转基因特级生抽酿造酱没问题
千禾零添加头道原香180天酱油1.28L*2瓶 大桶装非转基因特级生抽酿造酱没问题
千禾零添加头道原香180天酱油1.28L*2瓶 大桶装非转基因特级生抽酿造酱没问题
千禾零添加头道原香180天酱油1.28L*2瓶 大桶装非转基因特级生抽酿造酱没问题
千禾零添加头道原香180天酱油1.28L*2瓶 大桶装非转基因特级生抽酿造酱没问题
千禾零添加头道原香180天酱油1.28L*2瓶 大桶装非转基因特级生抽酿造酱没问题
千禾零添加头道原香180天酱油1.28L*2瓶 大桶装非转基因特级生抽酿造酱没问题
千禾零添加头道原香180天酱油1.28L*2瓶 大桶装非转基因特级生抽酿造酱没问题
千禾零添加头道原香180天酱油1.28L*2瓶 大桶装非转基因特级生抽酿造酱没问题
千禾零添加头道原香180天酱油1.28L*2瓶 大桶装非转基因特级生抽酿造酱没问题
千禾零添加头道原香180天酱油1.28L*2瓶 大桶装非转基因特级生抽酿造酱没问题
千禾零添加头道原香180天酱油1.28L*2瓶 大桶装非转基因特级生抽酿造酱没问题
千禾零添加头道原香180天酱油1.28L*2瓶 大桶装非转基因特级生抽酿造酱没问题
千禾零添加头道原香180天酱油1.28L*2瓶 大桶装非转基因特级生抽酿造酱没问题
千禾零添加头道原香180天酱油1.28L*2瓶 大桶装非转基因特级生抽酿造酱没问题
千禾零添加头道原香180天酱油1.28L*2瓶 大桶装非转基因特级生抽酿造酱没问题
千禾零添加头道原香180天酱油1.28L*2瓶 大桶装非转基因特级生抽酿造酱没问题
千禾零添加头道原香180天酱油1.28L*2瓶 大桶装非转基因特级生抽酿造酱没问题
千禾零添加头道原香180天酱油1.28L*2瓶 大桶装非转基因特级生抽酿造酱没问题
千禾零添加头道原香180天酱油1.28L*2瓶 大桶装非转基因特级生抽酿造酱没问题
千禾零添加头道原香180天酱油1.28L*2瓶 大桶装非转基因特级生抽酿造酱没问题
千禾零添加头道原香180天酱油1.28L*2瓶 大桶装非转基因特级生抽酿造酱没问题
千禾零添加头道原香180天酱油1.28L*2瓶 大桶装非转基因特级生抽酿造酱没问题
千禾零添加头道原香180天酱油1.28L*2瓶 大桶装非转基因特级生抽酿造酱没问题
千禾零添加头道原香180天酱油1.28L*2瓶 大桶装非转基因特级生抽酿造酱没问题
千禾零添加头道原香180天酱油1.28L*2瓶 大桶装非转基因特级生抽酿造酱没问题
千禾零添加头道原香180天酱油1.28L*2瓶 大桶装非转基因特级生抽酿造酱没问题
德施曼3D人脸识别智能锁R7没问题
德施曼3D人脸识别智能锁R7没问题
德施曼3D人脸识别智能锁R7没问题
德施曼3D人脸识别智能锁R7没问题
德施曼3D人脸识别智能锁R7没问题
德施曼3D人脸识别智能锁R7没问题
德施曼3D人脸识别智能锁R7没问题
德施曼3D人脸识别智能锁R7没问题
德施曼3D人脸识别智能锁R7没问题
德施曼3D人脸识别智能锁R7没问题
德施曼3D人脸识别智能锁R7没问题
德施曼3D人脸识别智能锁R7没问题
德施曼3D人脸识别智能锁R7没问题
德施曼3D人脸识别智能锁R7没问题
德施曼3D人脸识别智能锁R7没问题
德施曼3D人脸识别智能锁R7没问题
德施曼3D人脸识别智能锁R7没问题
德施曼3D人脸识别智能锁R7没问题
德施曼3D人脸识别智能锁R7没问题
德施曼3D人脸识别智能锁R7没问题
德施曼3D人脸识别智能锁R7没问题
德施曼3D人脸识别智能锁R7没问题
德施曼3D人脸识别智能锁R7没问题
德施曼3D人脸识别智能锁R7没问题
德施曼3D人脸识别智能锁R7没问题
德施曼3D人脸识别智能锁R7没问题
德施曼3D人脸识别智能锁R7没问题
德施曼3D人脸识别智能锁R7没问题
德施曼3D人脸识别智能锁R7没问题
德施曼3D人脸识别智能锁R7没问题
德施曼3D人脸识别智能锁R7没问题
德施曼3D人脸识别智能锁R7没问题
德施曼3D人脸识别智能锁R7没问题
德施曼3D人脸识别智能锁R7没问题
德施曼3D人脸识别智能锁R7没问题
德施曼3D人脸识别智能锁R7没问题
德施曼3D人脸识别智能锁R7没问题
德施曼3D人脸识别智能锁R7没问题
【下午茶】蓝岸卡布奇诺咖啡324g+康师傅咸酥葱香奶油80g*5袋没问题
【下午茶】蓝岸卡布奇诺咖啡324g+康师傅咸酥葱香奶油80g*5袋没问题
【下午茶】蓝岸卡布奇诺咖啡324g+康师傅咸酥葱香奶油80g*5袋没问题
【下午茶】蓝岸卡布奇诺咖啡324g+康师傅咸酥葱香奶油80g*5袋没问题
【下午茶】蓝岸卡布奇诺咖啡324g+康师傅咸酥葱香奶油80g*5袋没问题
【下午茶】蓝岸卡布奇诺咖啡324g+康师傅咸酥葱香奶油80g*5袋没问题
【下午茶】蓝岸卡布奇诺咖啡324g+康师傅咸酥葱香奶油80g*5袋没问题
【下午茶】蓝岸卡布奇诺咖啡324g+康师傅咸酥葱香奶油80g*5袋没问题
【下午茶】蓝岸卡布奇诺咖啡324g+康师傅咸酥葱香奶油80g*5袋没问题
【下午茶】蓝岸卡布奇诺咖啡324g+康师傅咸酥葱香奶油80g*5袋没问题
【下午茶】蓝岸卡布奇诺咖啡324g+康师傅咸酥葱香奶油80g*5袋没问题
【下午茶】蓝岸卡布奇诺咖啡324g+康师傅咸酥葱香奶油80g*5袋没问题
【下午茶】蓝岸卡布奇诺咖啡324g+康师傅咸酥葱香奶油80g*5袋没问题
【下午茶】蓝岸卡布奇诺咖啡324g+康师傅咸酥葱香奶油80g*5袋没问题
【下午茶】蓝岸卡布奇诺咖啡324g+康师傅咸酥葱香奶油80g*5袋没问题
【下午茶】蓝岸卡布奇诺咖啡324g+康师傅咸酥葱香奶油80g*5袋没问题
【下午茶】蓝岸卡布奇诺咖啡324g+康师傅咸酥葱香奶油80g*5袋没问题
【下午茶】蓝岸卡布奇诺咖啡324g+康师傅咸酥葱香奶油80g*5袋没问题
【下午茶】蓝岸卡布奇诺咖啡324g+康师傅咸酥葱香奶油80g*5袋没问题
【下午茶】蓝岸卡布奇诺咖啡324g+康师傅咸酥葱香奶油80g*5袋没问题
【下午茶】蓝岸卡布奇诺咖啡324g+康师傅咸酥葱香奶油80g*5袋没问题
【下午茶】蓝岸卡布奇诺咖啡324g+康师傅咸酥葱香奶油80g*5袋没问题
【下午茶】蓝岸卡布奇诺咖啡324g+康师傅咸酥葱香奶油80g*5袋没问题
【下午茶】蓝岸卡布奇诺咖啡324g+康师傅咸酥葱香奶油80g*5袋没问题
【下午茶】蓝岸卡布奇诺咖啡324g+康师傅咸酥葱香奶油80g*5袋没问题
【下午茶】蓝岸卡布奇诺咖啡324g+康师傅咸酥葱香奶油80g*5袋没问题
【下午茶】蓝岸卡布奇诺咖啡324g+康师傅咸酥葱香奶油80g*5袋没问题
【下午茶】蓝岸卡布奇诺咖啡324g+康师傅咸酥葱香奶油80g*5袋没问题
【下午茶】蓝岸卡布奇诺咖啡324g+康师傅咸酥葱香奶油80g*5袋没问题
【下午茶】蓝岸卡布奇诺咖啡324g+康师傅咸酥葱香奶油80g*5袋没问题
【下午茶】蓝岸卡布奇诺咖啡324g+康师傅咸酥葱香奶油80g*5袋没问题
【下午茶】蓝岸卡布奇诺咖啡324g+康师傅咸酥葱香奶油80g*5袋没问题
【下午茶】蓝岸卡布奇诺咖啡324g+康师傅咸酥葱香奶油80g*5袋没问题
【下午茶】蓝岸卡布奇诺咖啡324g+康师傅咸酥葱香奶油80g*5袋没问题
【下午茶】蓝岸卡布奇诺咖啡324g+康师傅咸酥葱香奶油80g*5袋没问题
【下午茶】蓝岸卡布奇诺咖啡324g+康师傅咸酥葱香奶油80g*5袋没问题
【下午茶】蓝岸卡布奇诺咖啡324g+康师傅咸酥葱香奶油80g*5袋没问题
【下午茶】蓝岸卡布奇诺咖啡324g+康师傅咸酥葱香奶油80g*5袋没问题
【下午茶】蓝岸卡布奇诺咖啡324g+康师傅咸酥葱香奶油80g*5袋没问题
中粮福临门金田米长粒香5kg东北大米10斤装没问题
中粮福临门金田米长粒香5kg东北大米10斤装没问题
中粮福临门金田米长粒香5kg东北大米10斤装没问题
中粮福临门金田米长粒香5kg东北大米10斤装没问题
中粮福临门金田米长粒香5kg东北大米10斤装没问题
中粮福临门金田米长粒香5kg东北大米10斤装没问题
中粮福临门金田米长粒香5kg东北大米10斤装没问题
中粮福临门金田米长粒香5kg东北大米10斤装没问题
中粮福临门金田米长粒香5kg东北大米10斤装没问题
中粮福临门金田米长粒香5kg东北大米10斤装没问题
中粮福临门金田米长粒香5kg东北大米10斤装没问题
中粮福临门金田米长粒香5kg东北大米10斤装没问题
中粮福临门金田米长粒香5kg东北大米10斤装没问题
中粮福临门金田米长粒香5kg东北大米10斤装没问题
中粮福临门金田米长粒香5kg东北大米10斤装没问题
中粮福临门金田米长粒香5kg东北大米10斤装没问题
中粮福临门金田米长粒香5kg东北大米10斤装没问题
中粮福临门金田米长粒香5kg东北大米10斤装没问题
中粮福临门金田米长粒香5kg东北大米10斤装没问题
中粮福临门金田米长粒香5kg东北大米10斤装没问题
中粮福临门金田米长粒香5kg东北大米10斤装没问题
中粮福临门金田米长粒香5kg东北大米10斤装没问题
中粮福临门金田米长粒香5kg东北大米10斤装没问题
中粮福临门金田米长粒香5kg东北大米10斤装没问题
中粮福临门金田米长粒香5kg东北大米10斤装没问题
中粮福临门金田米长粒香5kg东北大米10斤装没问题
中粮福临门金田米长粒香5kg东北大米10斤装没问题
中粮福临门金田米长粒香5kg东北大米10斤装没问题
中粮福临门金田米长粒香5kg东北大米10斤装没问题
中粮福临门金田米长粒香5kg东北大米10斤装没问题
中粮福临门金田米长粒香5kg东北大米10斤装没问题
中粮福临门金田米长粒香5kg东北大米10斤装没问题
中粮福临门金田米长粒香5kg东北大米10斤装没问题
中粮福临门金田米长粒香5kg东北大米10斤装没问题
中粮福临门金田米长粒香5kg东北大米10斤装没问题
中粮福临门金田米长粒香5kg东北大米10斤装没问题
中粮福临门金田米长粒香5kg东北大米10斤装没问题
中粮福临门金田米长粒香5kg东北大米10斤装没问题
中粮福临门金田米长粒香5kg东北大米10斤装没问题
中粮福临门金田米长粒香5kg东北大米10斤装没问题
蓝月亮深沉洁净洗衣液袋装1kg*3袋加送清风手帕纸10包（款式随机）没问题
蓝月亮深沉洁净洗衣液袋装1kg*3袋加送清风手帕纸10包（款式随机）没问题
蓝月亮深沉洁净洗衣液袋装1kg*3袋加送清风手帕纸10包（款式随机）没问题
蓝月亮深沉洁净洗衣液袋装1kg*3袋加送清风手帕纸10包（款式随机）没问题
蓝月亮深沉洁净洗衣液袋装1kg*3袋加送清风手帕纸10包（款式随机）没问题
蓝月亮深沉洁净洗衣液袋装1kg*3袋加送清风手帕纸10包（款式随机）没问题
蓝月亮深沉洁净洗衣液袋装1kg*3袋加送清风手帕纸10包（款式随机）没问题
蓝月亮深沉洁净洗衣液袋装1kg*3袋加送清风手帕纸10包（款式随机）没问题
蓝月亮深沉洁净洗衣液袋装1kg*3袋加送清风手帕纸10包（款式随机）没问题
蓝月亮深沉洁净洗衣液袋装1kg*3袋加送清风手帕纸10包（款式随机）没问题
蓝月亮深沉洁净洗衣液袋装1kg*3袋加送清风手帕纸10包（款式随机）没问题
蓝月亮深沉洁净洗衣液袋装1kg*3袋加送清风手帕纸10包（款式随机）没问题
蓝月亮深沉洁净洗衣液袋装1kg*3袋加送清风手帕纸10包（款式随机）没问题
蓝月亮深沉洁净洗衣液袋装1kg*3袋加送清风手帕纸10包（款式随机）没问题
蓝月亮深沉洁净洗衣液袋装1kg*3袋加送清风手帕纸10包（款式随机）没问题
蓝月亮深沉洁净洗衣液袋装1kg*3袋加送清风手帕纸10包（款式随机）没问题
蓝月亮深沉洁净洗衣液袋装1kg*3袋加送清风手帕纸10包（款式随机）没问题
蓝月亮深沉洁净洗衣液袋装1kg*3袋加送清风手帕纸10包（款式随机）没问题
蓝月亮深沉洁净洗衣液袋装1kg*3袋加送清风手帕纸10包（款式随机）没问题
蓝月亮深沉洁净洗衣液袋装1kg*3袋加送清风手帕纸10包（款式随机）没问题
蓝月亮深沉洁净洗衣液袋装1kg*3袋加送清风手帕纸10包（款式随机）没问题
蓝月亮深沉洁净洗衣液袋装1kg*3袋加送清风手帕纸10包（款式随机）没问题
蓝月亮深沉洁净洗衣液袋装1kg*3袋加送清风手帕纸10包（款式随机）没问题
蓝月亮深沉洁净洗衣液袋装1kg*3袋加送清风手帕纸10包（款式随机）没问题
蓝月亮深沉洁净洗衣液袋装1kg*3袋加送清风手帕纸10包（款式随机）没问题
蓝月亮深沉洁净洗衣液袋装1kg*3袋加送清风手帕纸10包（款式随机）没问题
蓝月亮深沉洁净洗衣液袋装1kg*3袋加送清风手帕纸10包（款式随机）没问题
蓝月亮深沉洁净洗衣液袋装1kg*3袋加送清风手帕纸10包（款式随机）没问题
蓝月亮深沉洁净洗衣液袋装1kg*3袋加送清风手帕纸10包（款式随机）没问题
蓝月亮深沉洁净洗衣液袋装1kg*3袋加送清风手帕纸10包（款式随机）没问题
蓝月亮深沉洁净洗衣液袋装1kg*3袋加送清风手帕纸10包（款式随机）没问题
蓝月亮深沉洁净洗衣液袋装1kg*3袋加送清风手帕纸10包（款式随机）没问题
蓝月亮深沉洁净洗衣液袋装1kg*3袋加送清风手帕纸10包（款式随机）没问题
蓝月亮深沉洁净洗衣液袋装1kg*3袋加送清风手帕纸10包（款式随机）没问题
蓝月亮深沉洁净洗衣液袋装1kg*3袋加送清风手帕纸10包（款式随机）没问题
蓝月亮深沉洁净洗衣液袋装1kg*3袋加送清风手帕纸10包（款式随机）没问题
蓝月亮深沉洁净洗衣液袋装1kg*3袋加送清风手帕纸10包（款式随机）没问题
蓝月亮深沉洁净洗衣液袋装1kg*3袋加送清风手帕纸10包（款式随机）没问题
蓝月亮深沉洁净洗衣液袋装1kg*3袋加送清风手帕纸10包（款式随机）没问题
蓝月亮深沉洁净洗衣液袋装1kg*3袋加送清风手帕纸10包（款式随机）没问题
蓝月亮深沉洁净洗衣液袋装1kg*3袋加送清风手帕纸10包（款式随机）没问题
苏菲安心裤F均码2片装送云南白药益小小日用卫生巾5包加送本色12包手帕1条没问题
苏菲安心裤F均码2片装送云南白药益小小日用卫生巾5包加送本色12包手帕1条没问题
苏菲安心裤F均码2片装送云南白药益小小日用卫生巾5包加送本色12包手帕1条没问题
苏菲安心裤F均码2片装送云南白药益小小日用卫生巾5包加送本色12包手帕1条没问题
苏菲安心裤F均码2片装送云南白药益小小日用卫生巾5包加送本色12包手帕1条没问题
苏菲安心裤F均码2片装送云南白药益小小日用卫生巾5包加送本色12包手帕1条没问题
苏菲安心裤F均码2片装送云南白药益小小日用卫生巾5包加送本色12包手帕1条没问题
苏菲安心裤F均码2片装送云南白药益小小日用卫生巾5包加送本色12包手帕1条没问题
苏菲安心裤F均码2片装送云南白药益小小日用卫生巾5包加送本色12包手帕1条没问题
苏菲安心裤F均码2片装送云南白药益小小日用卫生巾5包加送本色12包手帕1条没问题
苏菲安心裤F均码2片装送云南白药益小小日用卫生巾5包加送本色12包手帕1条没问题
苏菲安心裤F均码2片装送云南白药益小小日用卫生巾5包加送本色12包手帕1条没问题
苏菲安心裤F均码2片装送云南白药益小小日用卫生巾5包加送本色12包手帕1条没问题
苏菲安心裤F均码2片装送云南白药益小小日用卫生巾5包加送本色12包手帕1条没问题
苏菲安心裤F均码2片装送云南白药益小小日用卫生巾5包加送本色12包手帕1条没问题
苏菲安心裤F均码2片装送云南白药益小小日用卫生巾5包加送本色12包手帕1条没问题
苏菲安心裤F均码2片装送云南白药益小小日用卫生巾5包加送本色12包手帕1条没问题
苏菲安心裤F均码2片装送云南白药益小小日用卫生巾5包加送本色12包手帕1条没问题
苏菲安心裤F均码2片装送云南白药益小小日用卫生巾5包加送本色12包手帕1条没问题
苏菲安心裤F均码2片装送云南白药益小小日用卫生巾5包加送本色12包手帕1条没问题
苏菲安心裤F均码2片装送云南白药益小小日用卫生巾5包加送本色12包手帕1条没问题
苏菲安心裤F均码2片装送云南白药益小小日用卫生巾5包加送本色12包手帕1条没问题
苏菲安心裤F均码2片装送云南白药益小小日用卫生巾5包加送本色12包手帕1条没问题
苏菲安心裤F均码2片装送云南白药益小小日用卫生巾5包加送本色12包手帕1条没问题
苏菲安心裤F均码2片装送云南白药益小小日用卫生巾5包加送本色12包手帕1条没问题
苏菲安心裤F均码2片装送云南白药益小小日用卫生巾5包加送本色12包手帕1条没问题
苏菲安心裤F均码2片装送云南白药益小小日用卫生巾5包加送本色12包手帕1条没问题
苏菲安心裤F均码2片装送云南白药益小小日用卫生巾5包加送本色12包手帕1条没问题
苏菲安心裤F均码2片装送云南白药益小小日用卫生巾5包加送本色12包手帕1条没问题
苏菲安心裤F均码2片装送云南白药益小小日用卫生巾5包加送本色12包手帕1条没问题
苏菲安心裤F均码2片装送云南白药益小小日用卫生巾5包加送本色12包手帕1条没问题
苏菲安心裤F均码2片装送云南白药益小小日用卫生巾5包加送本色12包手帕1条没问题
苏菲安心裤F均码2片装送云南白药益小小日用卫生巾5包加送本色12包手帕1条没问题
苏菲安心裤F均码2片装送云南白药益小小日用卫生巾5包加送本色12包手帕1条没问题
苏菲安心裤F均码2片装送云南白药益小小日用卫生巾5包加送本色12包手帕1条没问题
苏菲安心裤F均码2片装送云南白药益小小日用卫生巾5包加送本色12包手帕1条没问题
苏菲安心裤F均码2片装送云南白药益小小日用卫生巾5包加送本色12包手帕1条没问题
苏菲安心裤F均码2片装送云南白药益小小日用卫生巾5包加送本色12包手帕1条没问题
苏菲安心裤F均码2片装送云南白药益小小日用卫生巾5包加送本色12包手帕1条没问题
苏菲安心裤F均码2片装送云南白药益小小日用卫生巾5包加送本色12包手帕1条没问题
苏菲安心裤F均码2片装送云南白药益小小日用卫生巾5包加送本色12包手帕1条没问题
苏菲安心裤F均码2片装送云南白药益小小日用卫生巾5包加送本色12包手帕1条没问题
双立人TWINPOINT中片刀和多用刀没问题
双立人TWINPOINT中片刀和多用刀没问题
双立人TWINPOINT中片刀和多用刀没问题
双立人TWINPOINT中片刀和多用刀没问题
双立人TWINPOINT中片刀和多用刀没问题
双立人TWINPOINT中片刀和多用刀没问题
双立人TWINPOINT中片刀和多用刀没问题
双立人TWINPOINT中片刀和多用刀没问题
双立人TWINPOINT中片刀和多用刀没问题
双立人TWINPOINT中片刀和多用刀没问题
双立人TWINPOINT中片刀和多用刀没问题
双立人TWINPOINT中片刀和多用刀没问题
双立人TWINPOINT中片刀和多用刀没问题
双立人TWINPOINT中片刀和多用刀没问题
双立人TWINPOINT中片刀和多用刀没问题
双立人TWINPOINT中片刀和多用刀没问题
双立人TWINPOINT中片刀和多用刀没问题
双立人TWINPOINT中片刀和多用刀没问题
双立人TWINPOINT中片刀和多用刀没问题
双立人TWINPOINT中片刀和多用刀没问题
双立人TWINPOINT中片刀和多用刀没问题
双立人TWINPOINT中片刀和多用刀没问题
双立人TWINPOINT中片刀和多用刀没问题
双立人TWINPOINT中片刀和多用刀没问题
双立人TWINPOINT中片刀和多用刀没问题
双立人TWINPOINT中片刀和多用刀没问题
双立人TWINPOINT中片刀和多用刀没问题
双立人TWINPOINT中片刀和多用刀没问题
双立人TWINPOINT中片刀和多用刀没问题
双立人TWINPOINT中片刀和多用刀没问题
双立人TWINPOINT中片刀和多用刀没问题
双立人TWINPOINT中片刀和多用刀没问题
双立人TWINPOINT中片刀和多用刀没问题
双立人TWINPOINT中片刀和多用刀没问题
双立人TWINPOINT中片刀和多用刀没问题
双立人TWINPOINT中片刀和多用刀没问题
双立人TWINPOINT中片刀和多用刀没问题
双立人TWINPOINT中片刀和多用刀没问题
双立人TWINPOINT中片刀和多用刀没问题
双立人TWINPOINT中片刀和多用刀没问题
双立人TWINPOINT中片刀和多用刀没问题
双立人TWINPOINT中片刀和多用刀没问题
双立人TWINPOINT中片刀和多用刀没问题
恩芝 卫生巾超值套装(日用18片+夜用9片+迷你巾6片)没问题
恩芝 卫生巾超值套装(日用18片+夜用9片+迷你巾6片)没问题
恩芝 卫生巾超值套装(日用18片+夜用9片+迷你巾6片)没问题
恩芝 卫生巾超值套装(日用18片+夜用9片+迷你巾6片)没问题
恩芝 卫生巾超值套装(日用18片+夜用9片+迷你巾6片)没问题
恩芝 卫生巾超值套装(日用18片+夜用9片+迷你巾6片)没问题
恩芝 卫生巾超值套装(日用18片+夜用9片+迷你巾6片)没问题
恩芝 卫生巾超值套装(日用18片+夜用9片+迷你巾6片)没问题
恩芝 卫生巾超值套装(日用18片+夜用9片+迷你巾6片)没问题
恩芝 卫生巾超值套装(日用18片+夜用9片+迷你巾6片)没问题
恩芝 卫生巾超值套装(日用18片+夜用9片+迷你巾6片)没问题
恩芝 卫生巾超值套装(日用18片+夜用9片+迷你巾6片)没问题
恩芝 卫生巾超值套装(日用18片+夜用9片+迷你巾6片)没问题
恩芝 卫生巾超值套装(日用18片+夜用9片+迷你巾6片)没问题
恩芝 卫生巾超值套装(日用18片+夜用9片+迷你巾6片)没问题
恩芝 卫生巾超值套装(日用18片+夜用9片+迷你巾6片)没问题
恩芝 卫生巾超值套装(日用18片+夜用9片+迷你巾6片)没问题
恩芝 卫生巾超值套装(日用18片+夜用9片+迷你巾6片)没问题
恩芝 卫生巾超值套装(日用18片+夜用9片+迷你巾6片)没问题
恩芝 卫生巾超值套装(日用18片+夜用9片+迷你巾6片)没问题
恩芝 卫生巾超值套装(日用18片+夜用9片+迷你巾6片)没问题
恩芝 卫生巾超值套装(日用18片+夜用9片+迷你巾6片)没问题
恩芝 卫生巾超值套装(日用18片+夜用9片+迷你巾6片)没问题
恩芝 卫生巾超值套装(日用18片+夜用9片+迷你巾6片)没问题
恩芝 卫生巾超值套装(日用18片+夜用9片+迷你巾6片)没问题
恩芝 卫生巾超值套装(日用18片+夜用9片+迷你巾6片)没问题
恩芝 卫生巾超值套装(日用18片+夜用9片+迷你巾6片)没问题
恩芝 卫生巾超值套装(日用18片+夜用9片+迷你巾6片)没问题
恩芝 卫生巾超值套装(日用18片+夜用9片+迷你巾6片)没问题
恩芝 卫生巾超值套装(日用18片+夜用9片+迷你巾6片)没问题
恩芝 卫生巾超值套装(日用18片+夜用9片+迷你巾6片)没问题
恩芝 卫生巾超值套装(日用18片+夜用9片+迷你巾6片)没问题
恩芝 卫生巾超值套装(日用18片+夜用9片+迷你巾6片)没问题
恩芝 卫生巾超值套装(日用18片+夜用9片+迷你巾6片)没问题
恩芝 卫生巾超值套装(日用18片+夜用9片+迷你巾6片)没问题
恩芝 卫生巾超值套装(日用18片+夜用9片+迷你巾6片)没问题
恩芝 卫生巾超值套装(日用18片+夜用9片+迷你巾6片)没问题
恩芝 卫生巾超值套装(日用18片+夜用9片+迷你巾6片)没问题
恩芝 卫生巾超值套装(日用18片+夜用9片+迷你巾6片)没问题
恩芝 卫生巾超值套装(日用18片+夜用9片+迷你巾6片)没问题
恩芝 卫生巾超值套装(日用18片+夜用9片+迷你巾6片)没问题
恩芝 卫生巾超值套装(日用18片+夜用9片+迷你巾6片)没问题
恩芝 卫生巾超值套装(日用18片+夜用9片+迷你巾6片)没问题
恩芝 卫生巾超值套装(日用18片+夜用9片+迷你巾6片)没问题
【赠猫小菲+购物袋】恩芝猫小菲卫生巾6無系列日用超长夜用护垫迷你巾8包超值组合任意搭配没问题
【赠猫小菲+购物袋】恩芝猫小菲卫生巾6無系列日用超长夜用护垫迷你巾8包超值组合任意搭配没问题
【赠猫小菲+购物袋】恩芝猫小菲卫生巾6無系列日用超长夜用护垫迷你巾8包超值组合任意搭配没问题
【赠猫小菲+购物袋】恩芝猫小菲卫生巾6無系列日用超长夜用护垫迷你巾8包超值组合任意搭配没问题
【赠猫小菲+购物袋】恩芝猫小菲卫生巾6無系列日用超长夜用护垫迷你巾8包超值组合任意搭配没问题
【赠猫小菲+购物袋】恩芝猫小菲卫生巾6無系列日用超长夜用护垫迷你巾8包超值组合任意搭配没问题
【赠猫小菲+购物袋】恩芝猫小菲卫生巾6無系列日用超长夜用护垫迷你巾8包超值组合任意搭配没问题
【赠猫小菲+购物袋】恩芝猫小菲卫生巾6無系列日用超长夜用护垫迷你巾8包超值组合任意搭配没问题
【赠猫小菲+购物袋】恩芝猫小菲卫生巾6無系列日用超长夜用护垫迷你巾8包超值组合任意搭配没问题
【赠猫小菲+购物袋】恩芝猫小菲卫生巾6無系列日用超长夜用护垫迷你巾8包超值组合任意搭配没问题
【赠猫小菲+购物袋】恩芝猫小菲卫生巾6無系列日用超长夜用护垫迷你巾8包超值组合任意搭配没问题
【赠猫小菲+购物袋】恩芝猫小菲卫生巾6無系列日用超长夜用护垫迷你巾8包超值组合任意搭配没问题
【赠猫小菲+购物袋】恩芝猫小菲卫生巾6無系列日用超长夜用护垫迷你巾8包超值组合任意搭配没问题
【赠猫小菲+购物袋】恩芝猫小菲卫生巾6無系列日用超长夜用护垫迷你巾8包超值组合任意搭配没问题
【赠猫小菲+购物袋】恩芝猫小菲卫生巾6無系列日用超长夜用护垫迷你巾8包超值组合任意搭配没问题
【赠猫小菲+购物袋】恩芝猫小菲卫生巾6無系列日用超长夜用护垫迷你巾8包超值组合任意搭配没问题
【赠猫小菲+购物袋】恩芝猫小菲卫生巾6無系列日用超长夜用护垫迷你巾8包超值组合任意搭配没问题
【赠猫小菲+购物袋】恩芝猫小菲卫生巾6無系列日用超长夜用护垫迷你巾8包超值组合任意搭配没问题
【赠猫小菲+购物袋】恩芝猫小菲卫生巾6無系列日用超长夜用护垫迷你巾8包超值组合任意搭配没问题
【赠猫小菲+购物袋】恩芝猫小菲卫生巾6無系列日用超长夜用护垫迷你巾8包超值组合任意搭配没问题
【赠猫小菲+购物袋】恩芝猫小菲卫生巾6無系列日用超长夜用护垫迷你巾8包超值组合任意搭配没问题
【赠猫小菲+购物袋】恩芝猫小菲卫生巾6無系列日用超长夜用护垫迷你巾8包超值组合任意搭配没问题
【赠猫小菲+购物袋】恩芝猫小菲卫生巾6無系列日用超长夜用护垫迷你巾8包超值组合任意搭配没问题
【赠猫小菲+购物袋】恩芝猫小菲卫生巾6無系列日用超长夜用护垫迷你巾8包超值组合任意搭配没问题
【赠猫小菲+购物袋】恩芝猫小菲卫生巾6無系列日用超长夜用护垫迷你巾8包超值组合任意搭配没问题
【赠猫小菲+购物袋】恩芝猫小菲卫生巾6無系列日用超长夜用护垫迷你巾8包超值组合任意搭配没问题
【赠猫小菲+购物袋】恩芝猫小菲卫生巾6無系列日用超长夜用护垫迷你巾8包超值组合任意搭配没问题
【赠猫小菲+购物袋】恩芝猫小菲卫生巾6無系列日用超长夜用护垫迷你巾8包超值组合任意搭配没问题
【赠猫小菲+购物袋】恩芝猫小菲卫生巾6無系列日用超长夜用护垫迷你巾8包超值组合任意搭配没问题
【赠猫小菲+购物袋】恩芝猫小菲卫生巾6無系列日用超长夜用护垫迷你巾8包超值组合任意搭配没问题
【赠猫小菲+购物袋】恩芝猫小菲卫生巾6無系列日用超长夜用护垫迷你巾8包超值组合任意搭配没问题
【赠猫小菲+购物袋】恩芝猫小菲卫生巾6無系列日用超长夜用护垫迷你巾8包超值组合任意搭配没问题
【赠猫小菲+购物袋】恩芝猫小菲卫生巾6無系列日用超长夜用护垫迷你巾8包超值组合任意搭配没问题
【赠猫小菲+购物袋】恩芝猫小菲卫生巾6無系列日用超长夜用护垫迷你巾8包超值组合任意搭配没问题
【赠猫小菲+购物袋】恩芝猫小菲卫生巾6無系列日用超长夜用护垫迷你巾8包超值组合任意搭配没问题
【赠猫小菲+购物袋】恩芝猫小菲卫生巾6無系列日用超长夜用护垫迷你巾8包超值组合任意搭配没问题
【赠猫小菲+购物袋】恩芝猫小菲卫生巾6無系列日用超长夜用护垫迷你巾8包超值组合任意搭配没问题
【赠猫小菲+购物袋】恩芝猫小菲卫生巾6無系列日用超长夜用护垫迷你巾8包超值组合任意搭配没问题
【赠猫小菲+购物袋】恩芝猫小菲卫生巾6無系列日用超长夜用护垫迷你巾8包超值组合任意搭配没问题
【赠猫小菲+购物袋】恩芝猫小菲卫生巾6無系列日用超长夜用护垫迷你巾8包超值组合任意搭配没问题
【赠猫小菲+购物袋】恩芝猫小菲卫生巾6無系列日用超长夜用护垫迷你巾8包超值组合任意搭配没问题
【赠猫小菲+购物袋】恩芝猫小菲卫生巾6無系列日用超长夜用护垫迷你巾8包超值组合任意搭配没问题
【赠猫小菲+购物袋】恩芝猫小菲卫生巾6無系列日用超长夜用护垫迷你巾8包超值组合任意搭配没问题
【赠猫小菲+购物袋】恩芝猫小菲卫生巾6無系列日用超长夜用护垫迷你巾8包超值组合任意搭配没问题
【赠猫小菲+购物袋】恩芝猫小菲卫生巾6無系列日用超长夜用护垫迷你巾8包超值组合任意搭配没问题
福临门家香味小榨原香菜籽油（三级）5L*1瓶 中粮出品:  没问题
蓝月亮深沉洁净洗衣液1kg3桶:  没问题
蓝月亮深沉洁净洗衣液1kg3桶:  没问题
唯怡核桃乳（紫标）*12瓶*960ml*1箱:  没问题
唯怡核桃乳（紫标）*12瓶*960ml*1箱:  没问题
唯怡核桃乳（紫标）*12瓶*960ml*1箱:  没问题
中粮福临门非转纯正菜籽油5L金典长粒香大米5KG组合:  没问题
中粮福临门非转纯正菜籽油5L金典长粒香大米5KG组合:  没问题
中粮福临门非转纯正菜籽油5L金典长粒香大米5KG组合:  没问题
中粮福临门非转纯正菜籽油5L金典长粒香大米5KG组合:  没问题
苏泊尔5L 家用电压力锅 5人-6人煮饭两用炖锅SY-50YC501Q:  没问题
苏泊尔5L 家用电压力锅 5人-6人煮饭两用炖锅SY-50YC501Q:  没问题
苏泊尔5L 家用电压力锅 5人-6人煮饭两用炖锅SY-50YC501Q:  没问题
苏泊尔5L 家用电压力锅 5人-6人煮饭两用炖锅SY-50YC501Q:  没问题
苏泊尔5L 家用电压力锅 5人-6人煮饭两用炖锅SY-50YC501Q:  没问题
清风高端原色木组合装24件套:  没问题
清风高端原色木组合装24件套:  没问题
清风高端原色木组合装24件套:  没问题
清风高端原色木组合装24件套:  没问题
清风高端原色木组合装24件套:  没问题
清风高端原色木组合装24件套:  没问题
Bear/小熊*DKX-A09A1*电烤箱* 小型电烤箱家用迷你小烤箱烘焙机蛋糕机:  没问题
Bear/小熊*DKX-A09A1*电烤箱* 小型电烤箱家用迷你小烤箱烘焙机蛋糕机:  没问题
Bear/小熊*DKX-A09A1*电烤箱* 小型电烤箱家用迷你小烤箱烘焙机蛋糕机:  没问题
Bear/小熊*DKX-A09A1*电烤箱* 小型电烤箱家用迷你小烤箱烘焙机蛋糕机:  没问题
Bear/小熊*DKX-A09A1*电烤箱* 小型电烤箱家用迷你小烤箱烘焙机蛋糕机:  没问题
Bear/小熊*DKX-A09A1*电烤箱* 小型电烤箱家用迷你小烤箱烘焙机蛋糕机:  没问题
Bear/小熊*DKX-A09A1*电烤箱* 小型电烤箱家用迷你小烤箱烘焙机蛋糕机:  没问题
棒棒娃*大礼包308g*1袋 麻辣牛肉干小吃大礼包 :  没问题
棒棒娃*大礼包308g*1袋 麻辣牛肉干小吃大礼包 :  没问题
棒棒娃*大礼包308g*1袋 麻辣牛肉干小吃大礼包 :  没问题
棒棒娃*大礼包308g*1袋 麻辣牛肉干小吃大礼包 :  没问题
棒棒娃*大礼包308g*1袋 麻辣牛肉干小吃大礼包 :  没问题
棒棒娃*大礼包308g*1袋 麻辣牛肉干小吃大礼包 :  没问题
棒棒娃*大礼包308g*1袋 麻辣牛肉干小吃大礼包 :  没问题
棒棒娃*大礼包308g*1袋 麻辣牛肉干小吃大礼包 :  没问题
菊乐有机纯牛奶250ml*12盒*提（偏远地区不发货）:  没问题
菊乐有机纯牛奶250ml*12盒*提（偏远地区不发货）:  没问题
菊乐有机纯牛奶250ml*12盒*提（偏远地区不发货）:  没问题
菊乐有机纯牛奶250ml*12盒*提（偏远地区不发货）:  没问题
菊乐有机纯牛奶250ml*12盒*提（偏远地区不发货）:  没问题
菊乐有机纯牛奶250ml*12盒*提（偏远地区不发货）:  没问题
菊乐有机纯牛奶250ml*12盒*提（偏远地区不发货）:  没问题
菊乐有机纯牛奶250ml*12盒*提（偏远地区不发货）:  没问题
菊乐有机纯牛奶250ml*12盒*提（偏远地区不发货）:  没问题
等蜂来枸杞蜂蜜（500g*1瓶）:  没问题
等蜂来枸杞蜂蜜（500g*1瓶）:  没问题
等蜂来枸杞蜂蜜（500g*1瓶）:  没问题
等蜂来枸杞蜂蜜（500g*1瓶）:  没问题
等蜂来枸杞蜂蜜（500g*1瓶）:  没问题
等蜂来枸杞蜂蜜（500g*1瓶）:  没问题
等蜂来枸杞蜂蜜（500g*1瓶）:  没问题
等蜂来枸杞蜂蜜（500g*1瓶）:  没问题
等蜂来枸杞蜂蜜（500g*1瓶）:  没问题
等蜂来枸杞蜂蜜（500g*1瓶）:  没问题
招牌蛋黄酥:  没问题
招牌蛋黄酥:  没问题
招牌蛋黄酥:  没问题
招牌蛋黄酥:  没问题
招牌蛋黄酥:  没问题
招牌蛋黄酥:  没问题
招牌蛋黄酥:  没问题
招牌蛋黄酥:  没问题
招牌蛋黄酥:  没问题
招牌蛋黄酥:  没问题
招牌蛋黄酥:  没问题
【惠生活】中粮福临门五常赋香稻5KG:  没问题
【惠生活】中粮福临门五常赋香稻5KG:  没问题
【惠生活】中粮福临门五常赋香稻5KG:  没问题
【惠生活】中粮福临门五常赋香稻5KG:  没问题
【惠生活】中粮福临门五常赋香稻5KG:  没问题
【惠生活】中粮福临门五常赋香稻5KG:  没问题
【惠生活】中粮福临门五常赋香稻5KG:  没问题
【惠生活】中粮福临门五常赋香稻5KG:  没问题
【惠生活】中粮福临门五常赋香稻5KG:  没问题
【惠生活】中粮福临门五常赋香稻5KG:  没问题
【惠生活】中粮福临门五常赋香稻5KG:  没问题
【惠生活】中粮福临门五常赋香稻5KG:  没问题
Danisa皇冠丹麦曲奇饼干72G*6盒 丹麦风味进口黄油曲奇饼干零食:  没问题
Danisa皇冠丹麦曲奇饼干72G*6盒 丹麦风味进口黄油曲奇饼干零食:  没问题
Danisa皇冠丹麦曲奇饼干72G*6盒 丹麦风味进口黄油曲奇饼干零食:  没问题
Danisa皇冠丹麦曲奇饼干72G*6盒 丹麦风味进口黄油曲奇饼干零食:  没问题
Danisa皇冠丹麦曲奇饼干72G*6盒 丹麦风味进口黄油曲奇饼干零食:  没问题
Danisa皇冠丹麦曲奇饼干72G*6盒 丹麦风味进口黄油曲奇饼干零食:  没问题
Danisa皇冠丹麦曲奇饼干72G*6盒 丹麦风味进口黄油曲奇饼干零食:  没问题
Danisa皇冠丹麦曲奇饼干72G*6盒 丹麦风味进口黄油曲奇饼干零食:  没问题
Danisa皇冠丹麦曲奇饼干72G*6盒 丹麦风味进口黄油曲奇饼干零食:  没问题
Danisa皇冠丹麦曲奇饼干72G*6盒 丹麦风味进口黄油曲奇饼干零食:  没问题
Danisa皇冠丹麦曲奇饼干72G*6盒 丹麦风味进口黄油曲奇饼干零食:  没问题
Danisa皇冠丹麦曲奇饼干72G*6盒 丹麦风味进口黄油曲奇饼干零食:  没问题
Danisa皇冠丹麦曲奇饼干72G*6盒 丹麦风味进口黄油曲奇饼干零食:  没问题
黄老五陪伴组合606g 小麻花宿舍小吃食品:  没问题
黄老五陪伴组合606g 小麻花宿舍小吃食品:  没问题
黄老五陪伴组合606g 小麻花宿舍小吃食品:  没问题
黄老五陪伴组合606g 小麻花宿舍小吃食品:  没问题
黄老五陪伴组合606g 小麻花宿舍小吃食品:  没问题
黄老五陪伴组合606g 小麻花宿舍小吃食品:  没问题
黄老五陪伴组合606g 小麻花宿舍小吃食品:  没问题
黄老五陪伴组合606g 小麻花宿舍小吃食品:  没问题
黄老五陪伴组合606g 小麻花宿舍小吃食品:  没问题
黄老五陪伴组合606g 小麻花宿舍小吃食品:  没问题
黄老五陪伴组合606g 小麻花宿舍小吃食品:  没问题
黄老五陪伴组合606g 小麻花宿舍小吃食品:  没问题
黄老五陪伴组合606g 小麻花宿舍小吃食品:  没问题
黄老五陪伴组合606g 小麻花宿舍小吃食品:  没问题
100g蜀涛毛峰  明前绿茶  独立小袋 送礼皆可 四川 茶叶 特产:  没问题
100g蜀涛毛峰  明前绿茶  独立小袋 送礼皆可 四川 茶叶 特产:  没问题
100g蜀涛毛峰  明前绿茶  独立小袋 送礼皆可 四川 茶叶 特产:  没问题
100g蜀涛毛峰  明前绿茶  独立小袋 送礼皆可 四川 茶叶 特产:  没问题
100g蜀涛毛峰  明前绿茶  独立小袋 送礼皆可 四川 茶叶 特产:  没问题
100g蜀涛毛峰  明前绿茶  独立小袋 送礼皆可 四川 茶叶 特产:  没问题
100g蜀涛毛峰  明前绿茶  独立小袋 送礼皆可 四川 茶叶 特产:  没问题
100g蜀涛毛峰  明前绿茶  独立小袋 送礼皆可 四川 茶叶 特产:  没问题
100g蜀涛毛峰  明前绿茶  独立小袋 送礼皆可 四川 茶叶 特产:  没问题
100g蜀涛毛峰  明前绿茶  独立小袋 送礼皆可 四川 茶叶 特产:  没问题
100g蜀涛毛峰  明前绿茶  独立小袋 送礼皆可 四川 茶叶 特产:  没问题
100g蜀涛毛峰  明前绿茶  独立小袋 送礼皆可 四川 茶叶 特产:  没问题
100g蜀涛毛峰  明前绿茶  独立小袋 送礼皆可 四川 茶叶 特产:  没问题
100g蜀涛毛峰  明前绿茶  独立小袋 送礼皆可 四川 茶叶 特产:  没问题
100g蜀涛毛峰  明前绿茶  独立小袋 送礼皆可 四川 茶叶 特产:  没问题
史努比软胶提手不锈钢保温餐桶:  没问题
史努比软胶提手不锈钢保温餐桶:  没问题
史努比软胶提手不锈钢保温餐桶:  没问题
史努比软胶提手不锈钢保温餐桶:  没问题
史努比软胶提手不锈钢保温餐桶:  没问题
史努比软胶提手不锈钢保温餐桶:  没问题
史努比软胶提手不锈钢保温餐桶:  没问题
史努比软胶提手不锈钢保温餐桶:  没问题
史努比软胶提手不锈钢保温餐桶:  没问题
史努比软胶提手不锈钢保温餐桶:  没问题
史努比软胶提手不锈钢保温餐桶:  没问题
史努比软胶提手不锈钢保温餐桶:  没问题
史努比软胶提手不锈钢保温餐桶:  没问题
史努比软胶提手不锈钢保温餐桶:  没问题
史努比软胶提手不锈钢保温餐桶:  没问题
史努比软胶提手不锈钢保温餐桶:  没问题
费雪健身架婴儿脚踏钢琴健身架器0-1岁婴儿玩具宝宝音乐脚踩钢琴:  没问题
费雪健身架婴儿脚踏钢琴健身架器0-1岁婴儿玩具宝宝音乐脚踩钢琴:  没问题
费雪健身架婴儿脚踏钢琴健身架器0-1岁婴儿玩具宝宝音乐脚踩钢琴:  没问题
费雪健身架婴儿脚踏钢琴健身架器0-1岁婴儿玩具宝宝音乐脚踩钢琴:  没问题
费雪健身架婴儿脚踏钢琴健身架器0-1岁婴儿玩具宝宝音乐脚踩钢琴:  没问题
费雪健身架婴儿脚踏钢琴健身架器0-1岁婴儿玩具宝宝音乐脚踩钢琴:  没问题
费雪健身架婴儿脚踏钢琴健身架器0-1岁婴儿玩具宝宝音乐脚踩钢琴:  没问题
费雪健身架婴儿脚踏钢琴健身架器0-1岁婴儿玩具宝宝音乐脚踩钢琴:  没问题
费雪健身架婴儿脚踏钢琴健身架器0-1岁婴儿玩具宝宝音乐脚踩钢琴:  没问题
费雪健身架婴儿脚踏钢琴健身架器0-1岁婴儿玩具宝宝音乐脚踩钢琴:  没问题
费雪健身架婴儿脚踏钢琴健身架器0-1岁婴儿玩具宝宝音乐脚踩钢琴:  没问题
费雪健身架婴儿脚踏钢琴健身架器0-1岁婴儿玩具宝宝音乐脚踩钢琴:  没问题
费雪健身架婴儿脚踏钢琴健身架器0-1岁婴儿玩具宝宝音乐脚踩钢琴:  没问题
费雪健身架婴儿脚踏钢琴健身架器0-1岁婴儿玩具宝宝音乐脚踩钢琴:  没问题
费雪健身架婴儿脚踏钢琴健身架器0-1岁婴儿玩具宝宝音乐脚踩钢琴:  没问题
费雪健身架婴儿脚踏钢琴健身架器0-1岁婴儿玩具宝宝音乐脚踩钢琴:  没问题
费雪健身架婴儿脚踏钢琴健身架器0-1岁婴儿玩具宝宝音乐脚踩钢琴:  没问题
德世朗荣爵多用中式炒锅DSL-C083 炒锅:  没问题
德世朗荣爵多用中式炒锅DSL-C083 炒锅:  没问题
德世朗荣爵多用中式炒锅DSL-C083 炒锅:  没问题
德世朗荣爵多用中式炒锅DSL-C083 炒锅:  没问题
德世朗荣爵多用中式炒锅DSL-C083 炒锅:  没问题
德世朗荣爵多用中式炒锅DSL-C083 炒锅:  没问题
德世朗荣爵多用中式炒锅DSL-C083 炒锅:  没问题
德世朗荣爵多用中式炒锅DSL-C083 炒锅:  没问题
德世朗荣爵多用中式炒锅DSL-C083 炒锅:  没问题
德世朗荣爵多用中式炒锅DSL-C083 炒锅:  没问题
德世朗荣爵多用中式炒锅DSL-C083 炒锅:  没问题
德世朗荣爵多用中式炒锅DSL-C083 炒锅:  没问题
德世朗荣爵多用中式炒锅DSL-C083 炒锅:  没问题
德世朗荣爵多用中式炒锅DSL-C083 炒锅:  没问题
德世朗荣爵多用中式炒锅DSL-C083 炒锅:  没问题
德世朗荣爵多用中式炒锅DSL-C083 炒锅:  没问题
德世朗荣爵多用中式炒锅DSL-C083 炒锅:  没问题
德世朗荣爵多用中式炒锅DSL-C083 炒锅:  没问题
自然来 超滤净水器大流量无废水不插电过滤器 ZRL-U10(A) :  没问题
自然来 超滤净水器大流量无废水不插电过滤器 ZRL-U10(A) :  没问题
自然来 超滤净水器大流量无废水不插电过滤器 ZRL-U10(A) :  没问题
自然来 超滤净水器大流量无废水不插电过滤器 ZRL-U10(A) :  没问题
自然来 超滤净水器大流量无废水不插电过滤器 ZRL-U10(A) :  没问题
自然来 超滤净水器大流量无废水不插电过滤器 ZRL-U10(A) :  没问题
自然来 超滤净水器大流量无废水不插电过滤器 ZRL-U10(A) :  没问题
自然来 超滤净水器大流量无废水不插电过滤器 ZRL-U10(A) :  没问题
自然来 超滤净水器大流量无废水不插电过滤器 ZRL-U10(A) :  没问题
自然来 超滤净水器大流量无废水不插电过滤器 ZRL-U10(A) :  没问题
自然来 超滤净水器大流量无废水不插电过滤器 ZRL-U10(A) :  没问题
自然来 超滤净水器大流量无废水不插电过滤器 ZRL-U10(A) :  没问题
自然来 超滤净水器大流量无废水不插电过滤器 ZRL-U10(A) :  没问题
自然来 超滤净水器大流量无废水不插电过滤器 ZRL-U10(A) :  没问题
自然来 超滤净水器大流量无废水不插电过滤器 ZRL-U10(A) :  没问题
自然来 超滤净水器大流量无废水不插电过滤器 ZRL-U10(A) :  没问题
自然来 超滤净水器大流量无废水不插电过滤器 ZRL-U10(A) :  没问题
自然来 超滤净水器大流量无废水不插电过滤器 ZRL-U10(A) :  没问题
自然来 超滤净水器大流量无废水不插电过滤器 ZRL-U10(A) :  没问题
满婷男士清螨保湿爽肤水:  没问题
满婷男士清螨保湿爽肤水:  没问题
满婷男士清螨保湿爽肤水:  没问题
满婷男士清螨保湿爽肤水:  没问题
满婷男士清螨保湿爽肤水:  没问题
满婷男士清螨保湿爽肤水:  没问题
满婷男士清螨保湿爽肤水:  没问题
满婷男士清螨保湿爽肤水:  没问题
满婷男士清螨保湿爽肤水:  没问题
满婷男士清螨保湿爽肤水:  没问题
满婷男士清螨保湿爽肤水:  没问题
满婷男士清螨保湿爽肤水:  没问题
满婷男士清螨保湿爽肤水:  没问题
满婷男士清螨保湿爽肤水:  没问题
满婷男士清螨保湿爽肤水:  没问题
满婷男士清螨保湿爽肤水:  没问题
满婷男士清螨保湿爽肤水:  没问题
满婷男士清螨保湿爽肤水:  没问题
满婷男士清螨保湿爽肤水:  没问题
满婷男士清螨保湿爽肤水:  没问题
包邮老川东灯影牛肉丝300g成都小吃五香麻辣牛肉零食四川特产:  没问题
包邮老川东灯影牛肉丝300g成都小吃五香麻辣牛肉零食四川特产:  没问题
包邮老川东灯影牛肉丝300g成都小吃五香麻辣牛肉零食四川特产:  没问题
包邮老川东灯影牛肉丝300g成都小吃五香麻辣牛肉零食四川特产:  没问题
包邮老川东灯影牛肉丝300g成都小吃五香麻辣牛肉零食四川特产:  没问题
包邮老川东灯影牛肉丝300g成都小吃五香麻辣牛肉零食四川特产:  没问题
包邮老川东灯影牛肉丝300g成都小吃五香麻辣牛肉零食四川特产:  没问题
包邮老川东灯影牛肉丝300g成都小吃五香麻辣牛肉零食四川特产:  没问题
包邮老川东灯影牛肉丝300g成都小吃五香麻辣牛肉零食四川特产:  没问题
包邮老川东灯影牛肉丝300g成都小吃五香麻辣牛肉零食四川特产:  没问题
包邮老川东灯影牛肉丝300g成都小吃五香麻辣牛肉零食四川特产:  没问题
包邮老川东灯影牛肉丝300g成都小吃五香麻辣牛肉零食四川特产:  没问题
包邮老川东灯影牛肉丝300g成都小吃五香麻辣牛肉零食四川特产:  没问题
包邮老川东灯影牛肉丝300g成都小吃五香麻辣牛肉零食四川特产:  没问题
包邮老川东灯影牛肉丝300g成都小吃五香麻辣牛肉零食四川特产:  没问题
包邮老川东灯影牛肉丝300g成都小吃五香麻辣牛肉零食四川特产:  没问题
包邮老川东灯影牛肉丝300g成都小吃五香麻辣牛肉零食四川特产:  没问题
包邮老川东灯影牛肉丝300g成都小吃五香麻辣牛肉零食四川特产:  没问题
包邮老川东灯影牛肉丝300g成都小吃五香麻辣牛肉零食四川特产:  没问题
包邮老川东灯影牛肉丝300g成都小吃五香麻辣牛肉零食四川特产:  没问题
包邮老川东灯影牛肉丝300g成都小吃五香麻辣牛肉零食四川特产:  没问题
云南白药牙膏益生菌三支套装益优系列全新包装 清新口气护龈美白:  没问题
云南白药牙膏益生菌三支套装益优系列全新包装 清新口气护龈美白:  没问题
云南白药牙膏益生菌三支套装益优系列全新包装 清新口气护龈美白:  没问题
云南白药牙膏益生菌三支套装益优系列全新包装 清新口气护龈美白:  没问题
云南白药牙膏益生菌三支套装益优系列全新包装 清新口气护龈美白:  没问题
云南白药牙膏益生菌三支套装益优系列全新包装 清新口气护龈美白:  没问题
云南白药牙膏益生菌三支套装益优系列全新包装 清新口气护龈美白:  没问题
云南白药牙膏益生菌三支套装益优系列全新包装 清新口气护龈美白:  没问题
云南白药牙膏益生菌三支套装益优系列全新包装 清新口气护龈美白:  没问题
云南白药牙膏益生菌三支套装益优系列全新包装 清新口气护龈美白:  没问题
云南白药牙膏益生菌三支套装益优系列全新包装 清新口气护龈美白:  没问题
云南白药牙膏益生菌三支套装益优系列全新包装 清新口气护龈美白:  没问题
云南白药牙膏益生菌三支套装益优系列全新包装 清新口气护龈美白:  没问题
云南白药牙膏益生菌三支套装益优系列全新包装 清新口气护龈美白:  没问题
云南白药牙膏益生菌三支套装益优系列全新包装 清新口气护龈美白:  没问题
云南白药牙膏益生菌三支套装益优系列全新包装 清新口气护龈美白:  没问题
云南白药牙膏益生菌三支套装益优系列全新包装 清新口气护龈美白:  没问题
云南白药牙膏益生菌三支套装益优系列全新包装 清新口气护龈美白:  没问题
云南白药牙膏益生菌三支套装益优系列全新包装 清新口气护龈美白:  没问题
云南白药牙膏益生菌三支套装益优系列全新包装 清新口气护龈美白:  没问题
云南白药牙膏益生菌三支套装益优系列全新包装 清新口气护龈美白:  没问题
云南白药牙膏益生菌三支套装益优系列全新包装 清新口气护龈美白:  没问题
云南白药竹纤维抽纸18包促销装:  没问题
云南白药竹纤维抽纸18包促销装:  没问题
云南白药竹纤维抽纸18包促销装:  没问题
云南白药竹纤维抽纸18包促销装:  没问题
云南白药竹纤维抽纸18包促销装:  没问题
云南白药竹纤维抽纸18包促销装:  没问题
云南白药竹纤维抽纸18包促销装:  没问题
云南白药竹纤维抽纸18包促销装:  没问题
云南白药竹纤维抽纸18包促销装:  没问题
云南白药竹纤维抽纸18包促销装:  没问题
云南白药竹纤维抽纸18包促销装:  没问题
云南白药竹纤维抽纸18包促销装:  没问题
云南白药竹纤维抽纸18包促销装:  没问题
云南白药竹纤维抽纸18包促销装:  没问题
云南白药竹纤维抽纸18包促销装:  没问题
云南白药竹纤维抽纸18包促销装:  没问题
云南白药竹纤维抽纸18包促销装:  没问题
云南白药竹纤维抽纸18包促销装:  没问题
云南白药竹纤维抽纸18包促销装:  没问题
云南白药竹纤维抽纸18包促销装:  没问题
云南白药竹纤维抽纸18包促销装:  没问题
云南白药竹纤维抽纸18包促销装:  没问题
云南白药竹纤维抽纸18包促销装:  没问题
云南白药沁新日子本色竹纤维有芯卷纸1400g*2提:  没问题
云南白药沁新日子本色竹纤维有芯卷纸1400g*2提:  没问题
云南白药沁新日子本色竹纤维有芯卷纸1400g*2提:  没问题
云南白药沁新日子本色竹纤维有芯卷纸1400g*2提:  没问题
云南白药沁新日子本色竹纤维有芯卷纸1400g*2提:  没问题
云南白药沁新日子本色竹纤维有芯卷纸1400g*2提:  没问题
云南白药沁新日子本色竹纤维有芯卷纸1400g*2提:  没问题
云南白药沁新日子本色竹纤维有芯卷纸1400g*2提:  没问题
云南白药沁新日子本色竹纤维有芯卷纸1400g*2提:  没问题
云南白药沁新日子本色竹纤维有芯卷纸1400g*2提:  没问题
云南白药沁新日子本色竹纤维有芯卷纸1400g*2提:  没问题
云南白药沁新日子本色竹纤维有芯卷纸1400g*2提:  没问题
云南白药沁新日子本色竹纤维有芯卷纸1400g*2提:  没问题
云南白药沁新日子本色竹纤维有芯卷纸1400g*2提:  没问题
云南白药沁新日子本色竹纤维有芯卷纸1400g*2提:  没问题
云南白药沁新日子本色竹纤维有芯卷纸1400g*2提:  没问题
云南白药沁新日子本色竹纤维有芯卷纸1400g*2提:  没问题
云南白药沁新日子本色竹纤维有芯卷纸1400g*2提:  没问题
云南白药沁新日子本色竹纤维有芯卷纸1400g*2提:  没问题
云南白药沁新日子本色竹纤维有芯卷纸1400g*2提:  没问题
云南白药沁新日子本色竹纤维有芯卷纸1400g*2提:  没问题
云南白药沁新日子本色竹纤维有芯卷纸1400g*2提:  没问题
云南白药沁新日子本色竹纤维有芯卷纸1400g*2提:  没问题
云南白药沁新日子本色竹纤维有芯卷纸1400g*2提:  没问题
【爆款包邮】媚丽阳光本色竹纤维家用纸巾整箱48包/116mm*190mm*300张三层*6包/提:  没问题
【爆款包邮】媚丽阳光本色竹纤维家用纸巾整箱48包/116mm*190mm*300张三层*6包/提:  没问题
【爆款包邮】媚丽阳光本色竹纤维家用纸巾整箱48包/116mm*190mm*300张三层*6包/提:  没问题
【爆款包邮】媚丽阳光本色竹纤维家用纸巾整箱48包/116mm*190mm*300张三层*6包/提:  没问题
【爆款包邮】媚丽阳光本色竹纤维家用纸巾整箱48包/116mm*190mm*300张三层*6包/提:  没问题
【爆款包邮】媚丽阳光本色竹纤维家用纸巾整箱48包/116mm*190mm*300张三层*6包/提:  没问题
【爆款包邮】媚丽阳光本色竹纤维家用纸巾整箱48包/116mm*190mm*300张三层*6包/提:  没问题
【爆款包邮】媚丽阳光本色竹纤维家用纸巾整箱48包/116mm*190mm*300张三层*6包/提:  没问题
【爆款包邮】媚丽阳光本色竹纤维家用纸巾整箱48包/116mm*190mm*300张三层*6包/提:  没问题
【爆款包邮】媚丽阳光本色竹纤维家用纸巾整箱48包/116mm*190mm*300张三层*6包/提:  没问题
【爆款包邮】媚丽阳光本色竹纤维家用纸巾整箱48包/116mm*190mm*300张三层*6包/提:  没问题
【爆款包邮】媚丽阳光本色竹纤维家用纸巾整箱48包/116mm*190mm*300张三层*6包/提:  没问题
【爆款包邮】媚丽阳光本色竹纤维家用纸巾整箱48包/116mm*190mm*300张三层*6包/提:  没问题
【爆款包邮】媚丽阳光本色竹纤维家用纸巾整箱48包/116mm*190mm*300张三层*6包/提:  没问题
【爆款包邮】媚丽阳光本色竹纤维家用纸巾整箱48包/116mm*190mm*300张三层*6包/提:  没问题
【爆款包邮】媚丽阳光本色竹纤维家用纸巾整箱48包/116mm*190mm*300张三层*6包/提:  没问题
【爆款包邮】媚丽阳光本色竹纤维家用纸巾整箱48包/116mm*190mm*300张三层*6包/提:  没问题
【爆款包邮】媚丽阳光本色竹纤维家用纸巾整箱48包/116mm*190mm*300张三层*6包/提:  没问题
【爆款包邮】媚丽阳光本色竹纤维家用纸巾整箱48包/116mm*190mm*300张三层*6包/提:  没问题
【爆款包邮】媚丽阳光本色竹纤维家用纸巾整箱48包/116mm*190mm*300张三层*6包/提:  没问题
【爆款包邮】媚丽阳光本色竹纤维家用纸巾整箱48包/116mm*190mm*300张三层*6包/提:  没问题
【爆款包邮】媚丽阳光本色竹纤维家用纸巾整箱48包/116mm*190mm*300张三层*6包/提:  没问题
【爆款包邮】媚丽阳光本色竹纤维家用纸巾整箱48包/116mm*190mm*300张三层*6包/提:  没问题
【爆款包邮】媚丽阳光本色竹纤维家用纸巾整箱48包/116mm*190mm*300张三层*6包/提:  没问题
【爆款包邮】媚丽阳光本色竹纤维家用纸巾整箱48包/116mm*190mm*300张三层*6包/提:  没问题
王老吉凉茶1x24入:  没问题
王老吉凉茶1x24入:  没问题
王老吉凉茶1x24入:  没问题
王老吉凉茶1x24入:  没问题
王老吉凉茶1x24入:  没问题
王老吉凉茶1x24入:  没问题
王老吉凉茶1x24入:  没问题
王老吉凉茶1x24入:  没问题
王老吉凉茶1x24入:  没问题
王老吉凉茶1x24入:  没问题
王老吉凉茶1x24入:  没问题
王老吉凉茶1x24入:  没问题
王老吉凉茶1x24入:  没问题
王老吉凉茶1x24入:  没问题
王老吉凉茶1x24入:  没问题
王老吉凉茶1x24入:  没问题
王老吉凉茶1x24入:  没问题
王老吉凉茶1x24入:  没问题
王老吉凉茶1x24入:  没问题
王老吉凉茶1x24入:  没问题
王老吉凉茶1x24入:  没问题
王老吉凉茶1x24入:  没问题
王老吉凉茶1x24入:  没问题
王老吉凉茶1x24入:  没问题
王老吉凉茶1x24入:  没问题
王老吉凉茶1x24入:  没问题
志高吸尘器家用大吸力手持式地毯强力除螨吸小米粒小型迷你大功率ZG-CR258:  没问题
志高吸尘器家用大吸力手持式地毯强力除螨吸小米粒小型迷你大功率ZG-CR258:  没问题
志高吸尘器家用大吸力手持式地毯强力除螨吸小米粒小型迷你大功率ZG-CR258:  没问题
志高吸尘器家用大吸力手持式地毯强力除螨吸小米粒小型迷你大功率ZG-CR258:  没问题
志高吸尘器家用大吸力手持式地毯强力除螨吸小米粒小型迷你大功率ZG-CR258:  没问题
志高吸尘器家用大吸力手持式地毯强力除螨吸小米粒小型迷你大功率ZG-CR258:  没问题
志高吸尘器家用大吸力手持式地毯强力除螨吸小米粒小型迷你大功率ZG-CR258:  没问题
志高吸尘器家用大吸力手持式地毯强力除螨吸小米粒小型迷你大功率ZG-CR258:  没问题
志高吸尘器家用大吸力手持式地毯强力除螨吸小米粒小型迷你大功率ZG-CR258:  没问题
志高吸尘器家用大吸力手持式地毯强力除螨吸小米粒小型迷你大功率ZG-CR258:  没问题
志高吸尘器家用大吸力手持式地毯强力除螨吸小米粒小型迷你大功率ZG-CR258:  没问题
志高吸尘器家用大吸力手持式地毯强力除螨吸小米粒小型迷你大功率ZG-CR258:  没问题
志高吸尘器家用大吸力手持式地毯强力除螨吸小米粒小型迷你大功率ZG-CR258:  没问题
志高吸尘器家用大吸力手持式地毯强力除螨吸小米粒小型迷你大功率ZG-CR258:  没问题
志高吸尘器家用大吸力手持式地毯强力除螨吸小米粒小型迷你大功率ZG-CR258:  没问题
志高吸尘器家用大吸力手持式地毯强力除螨吸小米粒小型迷你大功率ZG-CR258:  没问题
志高吸尘器家用大吸力手持式地毯强力除螨吸小米粒小型迷你大功率ZG-CR258:  没问题
志高吸尘器家用大吸力手持式地毯强力除螨吸小米粒小型迷你大功率ZG-CR258:  没问题
志高吸尘器家用大吸力手持式地毯强力除螨吸小米粒小型迷你大功率ZG-CR258:  没问题
志高吸尘器家用大吸力手持式地毯强力除螨吸小米粒小型迷你大功率ZG-CR258:  没问题
志高吸尘器家用大吸力手持式地毯强力除螨吸小米粒小型迷你大功率ZG-CR258:  没问题
志高吸尘器家用大吸力手持式地毯强力除螨吸小米粒小型迷你大功率ZG-CR258:  没问题
志高吸尘器家用大吸力手持式地毯强力除螨吸小米粒小型迷你大功率ZG-CR258:  没问题
志高吸尘器家用大吸力手持式地毯强力除螨吸小米粒小型迷你大功率ZG-CR258:  没问题
志高吸尘器家用大吸力手持式地毯强力除螨吸小米粒小型迷你大功率ZG-CR258:  没问题
志高吸尘器家用大吸力手持式地毯强力除螨吸小米粒小型迷你大功率ZG-CR258:  没问题
志高吸尘器家用大吸力手持式地毯强力除螨吸小米粒小型迷你大功率ZG-CR258:  没问题
正品斑布  斑布竹浆本色家用纸巾抽纸不漂白无荧光实惠装 130抽16包/整箱 :  没问题
正品斑布  斑布竹浆本色家用纸巾抽纸不漂白无荧光实惠装 130抽16包/整箱 :  没问题
正品斑布  斑布竹浆本色家用纸巾抽纸不漂白无荧光实惠装 130抽16包/整箱 :  没问题
正品斑布  斑布竹浆本色家用纸巾抽纸不漂白无荧光实惠装 130抽16包/整箱 :  没问题
正品斑布  斑布竹浆本色家用纸巾抽纸不漂白无荧光实惠装 130抽16包/整箱 :  没问题
正品斑布  斑布竹浆本色家用纸巾抽纸不漂白无荧光实惠装 130抽16包/整箱 :  没问题
正品斑布  斑布竹浆本色家用纸巾抽纸不漂白无荧光实惠装 130抽16包/整箱 :  没问题
正品斑布  斑布竹浆本色家用纸巾抽纸不漂白无荧光实惠装 130抽16包/整箱 :  没问题
正品斑布  斑布竹浆本色家用纸巾抽纸不漂白无荧光实惠装 130抽16包/整箱 :  没问题
正品斑布  斑布竹浆本色家用纸巾抽纸不漂白无荧光实惠装 130抽16包/整箱 :  没问题
正品斑布  斑布竹浆本色家用纸巾抽纸不漂白无荧光实惠装 130抽16包/整箱 :  没问题
正品斑布  斑布竹浆本色家用纸巾抽纸不漂白无荧光实惠装 130抽16包/整箱 :  没问题
正品斑布  斑布竹浆本色家用纸巾抽纸不漂白无荧光实惠装 130抽16包/整箱 :  没问题
正品斑布  斑布竹浆本色家用纸巾抽纸不漂白无荧光实惠装 130抽16包/整箱 :  没问题
正品斑布  斑布竹浆本色家用纸巾抽纸不漂白无荧光实惠装 130抽16包/整箱 :  没问题
正品斑布  斑布竹浆本色家用纸巾抽纸不漂白无荧光实惠装 130抽16包/整箱 :  没问题
正品斑布  斑布竹浆本色家用纸巾抽纸不漂白无荧光实惠装 130抽16包/整箱 :  没问题
正品斑布  斑布竹浆本色家用纸巾抽纸不漂白无荧光实惠装 130抽16包/整箱 :  没问题
正品斑布  斑布竹浆本色家用纸巾抽纸不漂白无荧光实惠装 130抽16包/整箱 :  没问题
正品斑布  斑布竹浆本色家用纸巾抽纸不漂白无荧光实惠装 130抽16包/整箱 :  没问题
正品斑布  斑布竹浆本色家用纸巾抽纸不漂白无荧光实惠装 130抽16包/整箱 :  没问题
正品斑布  斑布竹浆本色家用纸巾抽纸不漂白无荧光实惠装 130抽16包/整箱 :  没问题
正品斑布  斑布竹浆本色家用纸巾抽纸不漂白无荧光实惠装 130抽16包/整箱 :  没问题
正品斑布  斑布竹浆本色家用纸巾抽纸不漂白无荧光实惠装 130抽16包/整箱 :  没问题
正品斑布  斑布竹浆本色家用纸巾抽纸不漂白无荧光实惠装 130抽16包/整箱 :  没问题
正品斑布  斑布竹浆本色家用纸巾抽纸不漂白无荧光实惠装 130抽16包/整箱 :  没问题
正品斑布  斑布竹浆本色家用纸巾抽纸不漂白无荧光实惠装 130抽16包/整箱 :  没问题
正品斑布  斑布竹浆本色家用纸巾抽纸不漂白无荧光实惠装 130抽16包/整箱 :  没问题
汤臣倍健健力多氨糖软骨素钙片礼盒装（25*3瓶）:  没问题
汤臣倍健健力多氨糖软骨素钙片礼盒装（25*3瓶）:  没问题
汤臣倍健健力多氨糖软骨素钙片礼盒装（25*3瓶）:  没问题
汤臣倍健健力多氨糖软骨素钙片礼盒装（25*3瓶）:  没问题
汤臣倍健健力多氨糖软骨素钙片礼盒装（25*3瓶）:  没问题
汤臣倍健健力多氨糖软骨素钙片礼盒装（25*3瓶）:  没问题
汤臣倍健健力多氨糖软骨素钙片礼盒装（25*3瓶）:  没问题
汤臣倍健健力多氨糖软骨素钙片礼盒装（25*3瓶）:  没问题
汤臣倍健健力多氨糖软骨素钙片礼盒装（25*3瓶）:  没问题
汤臣倍健健力多氨糖软骨素钙片礼盒装（25*3瓶）:  没问题
汤臣倍健健力多氨糖软骨素钙片礼盒装（25*3瓶）:  没问题
汤臣倍健健力多氨糖软骨素钙片礼盒装（25*3瓶）:  没问题
汤臣倍健健力多氨糖软骨素钙片礼盒装（25*3瓶）:  没问题
汤臣倍健健力多氨糖软骨素钙片礼盒装（25*3瓶）:  没问题
汤臣倍健健力多氨糖软骨素钙片礼盒装（25*3瓶）:  没问题
汤臣倍健健力多氨糖软骨素钙片礼盒装（25*3瓶）:  没问题
汤臣倍健健力多氨糖软骨素钙片礼盒装（25*3瓶）:  没问题
汤臣倍健健力多氨糖软骨素钙片礼盒装（25*3瓶）:  没问题
汤臣倍健健力多氨糖软骨素钙片礼盒装（25*3瓶）:  没问题
汤臣倍健健力多氨糖软骨素钙片礼盒装（25*3瓶）:  没问题
汤臣倍健健力多氨糖软骨素钙片礼盒装（25*3瓶）:  没问题
汤臣倍健健力多氨糖软骨素钙片礼盒装（25*3瓶）:  没问题
汤臣倍健健力多氨糖软骨素钙片礼盒装（25*3瓶）:  没问题
汤臣倍健健力多氨糖软骨素钙片礼盒装（25*3瓶）:  没问题
汤臣倍健健力多氨糖软骨素钙片礼盒装（25*3瓶）:  没问题
汤臣倍健健力多氨糖软骨素钙片礼盒装（25*3瓶）:  没问题
汤臣倍健健力多氨糖软骨素钙片礼盒装（25*3瓶）:  没问题
汤臣倍健健力多氨糖软骨素钙片礼盒装（25*3瓶）:  没问题
汤臣倍健健力多氨糖软骨素钙片礼盒装（25*3瓶）:  没问题
【疫情防护】汤臣倍健蛋白粉礼盒（600g):  没问题
【疫情防护】汤臣倍健蛋白粉礼盒（600g):  没问题
【疫情防护】汤臣倍健蛋白粉礼盒（600g):  没问题
【疫情防护】汤臣倍健蛋白粉礼盒（600g):  没问题
【疫情防护】汤臣倍健蛋白粉礼盒（600g):  没问题
【疫情防护】汤臣倍健蛋白粉礼盒（600g):  没问题
【疫情防护】汤臣倍健蛋白粉礼盒（600g):  没问题
【疫情防护】汤臣倍健蛋白粉礼盒（600g):  没问题
【疫情防护】汤臣倍健蛋白粉礼盒（600g):  没问题
【疫情防护】汤臣倍健蛋白粉礼盒（600g):  没问题
【疫情防护】汤臣倍健蛋白粉礼盒（600g):  没问题
【疫情防护】汤臣倍健蛋白粉礼盒（600g):  没问题
【疫情防护】汤臣倍健蛋白粉礼盒（600g):  没问题
【疫情防护】汤臣倍健蛋白粉礼盒（600g):  没问题
【疫情防护】汤臣倍健蛋白粉礼盒（600g):  没问题
【疫情防护】汤臣倍健蛋白粉礼盒（600g):  没问题
【疫情防护】汤臣倍健蛋白粉礼盒（600g):  没问题
【疫情防护】汤臣倍健蛋白粉礼盒（600g):  没问题
【疫情防护】汤臣倍健蛋白粉礼盒（600g):  没问题
【疫情防护】汤臣倍健蛋白粉礼盒（600g):  没问题
【疫情防护】汤臣倍健蛋白粉礼盒（600g):  没问题
【疫情防护】汤臣倍健蛋白粉礼盒（600g):  没问题
【疫情防护】汤臣倍健蛋白粉礼盒（600g):  没问题
【疫情防护】汤臣倍健蛋白粉礼盒（600g):  没问题
【疫情防护】汤臣倍健蛋白粉礼盒（600g):  没问题
【疫情防护】汤臣倍健蛋白粉礼盒（600g):  没问题
【疫情防护】汤臣倍健蛋白粉礼盒（600g):  没问题
【疫情防护】汤臣倍健蛋白粉礼盒（600g):  没问题
【疫情防护】汤臣倍健蛋白粉礼盒（600g):  没问题
【疫情防护】汤臣倍健蛋白粉礼盒（600g):  没问题
「晓蛮」7色活力豆浆:  没问题
「晓蛮」7色活力豆浆:  没问题
「晓蛮」7色活力豆浆:  没问题
「晓蛮」7色活力豆浆:  没问题
「晓蛮」7色活力豆浆:  没问题
「晓蛮」7色活力豆浆:  没问题
「晓蛮」7色活力豆浆:  没问题
「晓蛮」7色活力豆浆:  没问题
「晓蛮」7色活力豆浆:  没问题
「晓蛮」7色活力豆浆:  没问题
「晓蛮」7色活力豆浆:  没问题
「晓蛮」7色活力豆浆:  没问题
「晓蛮」7色活力豆浆:  没问题
「晓蛮」7色活力豆浆:  没问题
「晓蛮」7色活力豆浆:  没问题
「晓蛮」7色活力豆浆:  没问题
「晓蛮」7色活力豆浆:  没问题
「晓蛮」7色活力豆浆:  没问题
「晓蛮」7色活力豆浆:  没问题
「晓蛮」7色活力豆浆:  没问题
「晓蛮」7色活力豆浆:  没问题
「晓蛮」7色活力豆浆:  没问题
「晓蛮」7色活力豆浆:  没问题
「晓蛮」7色活力豆浆:  没问题
「晓蛮」7色活力豆浆:  没问题
「晓蛮」7色活力豆浆:  没问题
「晓蛮」7色活力豆浆:  没问题
「晓蛮」7色活力豆浆:  没问题
「晓蛮」7色活力豆浆:  没问题
「晓蛮」7色活力豆浆:  没问题
「晓蛮」7色活力豆浆:  没问题
清风原木纯品270段卷纸10卷送春竹抽纸手帕纸:  没问题
清风原木纯品270段卷纸10卷送春竹抽纸手帕纸:  没问题
清风原木纯品270段卷纸10卷送春竹抽纸手帕纸:  没问题
清风原木纯品270段卷纸10卷送春竹抽纸手帕纸:  没问题
清风原木纯品270段卷纸10卷送春竹抽纸手帕纸:  没问题
清风原木纯品270段卷纸10卷送春竹抽纸手帕纸:  没问题
清风原木纯品270段卷纸10卷送春竹抽纸手帕纸:  没问题
清风原木纯品270段卷纸10卷送春竹抽纸手帕纸:  没问题
清风原木纯品270段卷纸10卷送春竹抽纸手帕纸:  没问题
清风原木纯品270段卷纸10卷送春竹抽纸手帕纸:  没问题
清风原木纯品270段卷纸10卷送春竹抽纸手帕纸:  没问题
清风原木纯品270段卷纸10卷送春竹抽纸手帕纸:  没问题
清风原木纯品270段卷纸10卷送春竹抽纸手帕纸:  没问题
清风原木纯品270段卷纸10卷送春竹抽纸手帕纸:  没问题
清风原木纯品270段卷纸10卷送春竹抽纸手帕纸:  没问题
清风原木纯品270段卷纸10卷送春竹抽纸手帕纸:  没问题
清风原木纯品270段卷纸10卷送春竹抽纸手帕纸:  没问题
清风原木纯品270段卷纸10卷送春竹抽纸手帕纸:  没问题
清风原木纯品270段卷纸10卷送春竹抽纸手帕纸:  没问题
清风原木纯品270段卷纸10卷送春竹抽纸手帕纸:  没问题
清风原木纯品270段卷纸10卷送春竹抽纸手帕纸:  没问题
清风原木纯品270段卷纸10卷送春竹抽纸手帕纸:  没问题
清风原木纯品270段卷纸10卷送春竹抽纸手帕纸:  没问题
清风原木纯品270段卷纸10卷送春竹抽纸手帕纸:  没问题
清风原木纯品270段卷纸10卷送春竹抽纸手帕纸:  没问题
清风原木纯品270段卷纸10卷送春竹抽纸手帕纸:  没问题
清风原木纯品270段卷纸10卷送春竹抽纸手帕纸:  没问题
清风原木纯品270段卷纸10卷送春竹抽纸手帕纸:  没问题
清风原木纯品270段卷纸10卷送春竹抽纸手帕纸:  没问题
清风原木纯品270段卷纸10卷送春竹抽纸手帕纸:  没问题
清风原木纯品270段卷纸10卷送春竹抽纸手帕纸:  没问题
清风原木纯品270段卷纸10卷送春竹抽纸手帕纸:  没问题
优贝健  低温冷榨食用油 有机核桃油100ML:  没问题
优贝健  低温冷榨食用油 有机核桃油100ML:  没问题
优贝健  低温冷榨食用油 有机核桃油100ML:  没问题
优贝健  低温冷榨食用油 有机核桃油100ML:  没问题
优贝健  低温冷榨食用油 有机核桃油100ML:  没问题
优贝健  低温冷榨食用油 有机核桃油100ML:  没问题
优贝健  低温冷榨食用油 有机核桃油100ML:  没问题
优贝健  低温冷榨食用油 有机核桃油100ML:  没问题
优贝健  低温冷榨食用油 有机核桃油100ML:  没问题
优贝健  低温冷榨食用油 有机核桃油100ML:  没问题
优贝健  低温冷榨食用油 有机核桃油100ML:  没问题
优贝健  低温冷榨食用油 有机核桃油100ML:  没问题
优贝健  低温冷榨食用油 有机核桃油100ML:  没问题
优贝健  低温冷榨食用油 有机核桃油100ML:  没问题
优贝健  低温冷榨食用油 有机核桃油100ML:  没问题
优贝健  低温冷榨食用油 有机核桃油100ML:  没问题
优贝健  低温冷榨食用油 有机核桃油100ML:  没问题
优贝健  低温冷榨食用油 有机核桃油100ML:  没问题
优贝健  低温冷榨食用油 有机核桃油100ML:  没问题
优贝健  低温冷榨食用油 有机核桃油100ML:  没问题
优贝健  低温冷榨食用油 有机核桃油100ML:  没问题
优贝健  低温冷榨食用油 有机核桃油100ML:  没问题
优贝健  低温冷榨食用油 有机核桃油100ML:  没问题
优贝健  低温冷榨食用油 有机核桃油100ML:  没问题
优贝健  低温冷榨食用油 有机核桃油100ML:  没问题
优贝健  低温冷榨食用油 有机核桃油100ML:  没问题
优贝健  低温冷榨食用油 有机核桃油100ML:  没问题
优贝健  低温冷榨食用油 有机核桃油100ML:  没问题
优贝健  低温冷榨食用油 有机核桃油100ML:  没问题
优贝健  低温冷榨食用油 有机核桃油100ML:  没问题
优贝健  低温冷榨食用油 有机核桃油100ML:  没问题
优贝健  低温冷榨食用油 有机核桃油100ML:  没问题
优贝健  低温冷榨食用油 有机核桃油100ML:  没问题
崔字牌礼盒装芝麻油448ml*2瓶+芝麻酱300g*2瓶+50g芝麻*2袋:  没问题
崔字牌礼盒装芝麻油448ml*2瓶+芝麻酱300g*2瓶+50g芝麻*2袋:  没问题
崔字牌礼盒装芝麻油448ml*2瓶+芝麻酱300g*2瓶+50g芝麻*2袋:  没问题
崔字牌礼盒装芝麻油448ml*2瓶+芝麻酱300g*2瓶+50g芝麻*2袋:  没问题
崔字牌礼盒装芝麻油448ml*2瓶+芝麻酱300g*2瓶+50g芝麻*2袋:  没问题
崔字牌礼盒装芝麻油448ml*2瓶+芝麻酱300g*2瓶+50g芝麻*2袋:  没问题
崔字牌礼盒装芝麻油448ml*2瓶+芝麻酱300g*2瓶+50g芝麻*2袋:  没问题
崔字牌礼盒装芝麻油448ml*2瓶+芝麻酱300g*2瓶+50g芝麻*2袋:  没问题
崔字牌礼盒装芝麻油448ml*2瓶+芝麻酱300g*2瓶+50g芝麻*2袋:  没问题
崔字牌礼盒装芝麻油448ml*2瓶+芝麻酱300g*2瓶+50g芝麻*2袋:  没问题
崔字牌礼盒装芝麻油448ml*2瓶+芝麻酱300g*2瓶+50g芝麻*2袋:  没问题
崔字牌礼盒装芝麻油448ml*2瓶+芝麻酱300g*2瓶+50g芝麻*2袋:  没问题
崔字牌礼盒装芝麻油448ml*2瓶+芝麻酱300g*2瓶+50g芝麻*2袋:  没问题
崔字牌礼盒装芝麻油448ml*2瓶+芝麻酱300g*2瓶+50g芝麻*2袋:  没问题
崔字牌礼盒装芝麻油448ml*2瓶+芝麻酱300g*2瓶+50g芝麻*2袋:  没问题
崔字牌礼盒装芝麻油448ml*2瓶+芝麻酱300g*2瓶+50g芝麻*2袋:  没问题
崔字牌礼盒装芝麻油448ml*2瓶+芝麻酱300g*2瓶+50g芝麻*2袋:  没问题
崔字牌礼盒装芝麻油448ml*2瓶+芝麻酱300g*2瓶+50g芝麻*2袋:  没问题
崔字牌礼盒装芝麻油448ml*2瓶+芝麻酱300g*2瓶+50g芝麻*2袋:  没问题
崔字牌礼盒装芝麻油448ml*2瓶+芝麻酱300g*2瓶+50g芝麻*2袋:  没问题
崔字牌礼盒装芝麻油448ml*2瓶+芝麻酱300g*2瓶+50g芝麻*2袋:  没问题
崔字牌礼盒装芝麻油448ml*2瓶+芝麻酱300g*2瓶+50g芝麻*2袋:  没问题
崔字牌礼盒装芝麻油448ml*2瓶+芝麻酱300g*2瓶+50g芝麻*2袋:  没问题
崔字牌礼盒装芝麻油448ml*2瓶+芝麻酱300g*2瓶+50g芝麻*2袋:  没问题
崔字牌礼盒装芝麻油448ml*2瓶+芝麻酱300g*2瓶+50g芝麻*2袋:  没问题
崔字牌礼盒装芝麻油448ml*2瓶+芝麻酱300g*2瓶+50g芝麻*2袋:  没问题
崔字牌礼盒装芝麻油448ml*2瓶+芝麻酱300g*2瓶+50g芝麻*2袋:  没问题
崔字牌礼盒装芝麻油448ml*2瓶+芝麻酱300g*2瓶+50g芝麻*2袋:  没问题
崔字牌礼盒装芝麻油448ml*2瓶+芝麻酱300g*2瓶+50g芝麻*2袋:  没问题
崔字牌礼盒装芝麻油448ml*2瓶+芝麻酱300g*2瓶+50g芝麻*2袋:  没问题
崔字牌礼盒装芝麻油448ml*2瓶+芝麻酱300g*2瓶+50g芝麻*2袋:  没问题
崔字牌礼盒装芝麻油448ml*2瓶+芝麻酱300g*2瓶+50g芝麻*2袋:  没问题
崔字牌礼盒装芝麻油448ml*2瓶+芝麻酱300g*2瓶+50g芝麻*2袋:  没问题
崔字牌礼盒装芝麻油448ml*2瓶+芝麻酱300g*2瓶+50g芝麻*2袋:  没问题
【顺丰包邮】峨眉雪芽 2020新茶现货抢鲜发货  茶叶 慧欣252克/盒 春茶绿茶高山茶礼盒:  没问题
【顺丰包邮】峨眉雪芽 2020新茶现货抢鲜发货  茶叶 慧欣252克/盒 春茶绿茶高山茶礼盒:  没问题
【顺丰包邮】峨眉雪芽 2020新茶现货抢鲜发货  茶叶 慧欣252克/盒 春茶绿茶高山茶礼盒:  没问题
【顺丰包邮】峨眉雪芽 2020新茶现货抢鲜发货  茶叶 慧欣252克/盒 春茶绿茶高山茶礼盒:  没问题
【顺丰包邮】峨眉雪芽 2020新茶现货抢鲜发货  茶叶 慧欣252克/盒 春茶绿茶高山茶礼盒:  没问题
【顺丰包邮】峨眉雪芽 2020新茶现货抢鲜发货  茶叶 慧欣252克/盒 春茶绿茶高山茶礼盒:  没问题
【顺丰包邮】峨眉雪芽 2020新茶现货抢鲜发货  茶叶 慧欣252克/盒 春茶绿茶高山茶礼盒:  没问题
【顺丰包邮】峨眉雪芽 2020新茶现货抢鲜发货  茶叶 慧欣252克/盒 春茶绿茶高山茶礼盒:  没问题
【顺丰包邮】峨眉雪芽 2020新茶现货抢鲜发货  茶叶 慧欣252克/盒 春茶绿茶高山茶礼盒:  没问题
【顺丰包邮】峨眉雪芽 2020新茶现货抢鲜发货  茶叶 慧欣252克/盒 春茶绿茶高山茶礼盒:  没问题
【顺丰包邮】峨眉雪芽 2020新茶现货抢鲜发货  茶叶 慧欣252克/盒 春茶绿茶高山茶礼盒:  没问题
【顺丰包邮】峨眉雪芽 2020新茶现货抢鲜发货  茶叶 慧欣252克/盒 春茶绿茶高山茶礼盒:  没问题
【顺丰包邮】峨眉雪芽 2020新茶现货抢鲜发货  茶叶 慧欣252克/盒 春茶绿茶高山茶礼盒:  没问题
【顺丰包邮】峨眉雪芽 2020新茶现货抢鲜发货  茶叶 慧欣252克/盒 春茶绿茶高山茶礼盒:  没问题
【顺丰包邮】峨眉雪芽 2020新茶现货抢鲜发货  茶叶 慧欣252克/盒 春茶绿茶高山茶礼盒:  没问题
【顺丰包邮】峨眉雪芽 2020新茶现货抢鲜发货  茶叶 慧欣252克/盒 春茶绿茶高山茶礼盒:  没问题
【顺丰包邮】峨眉雪芽 2020新茶现货抢鲜发货  茶叶 慧欣252克/盒 春茶绿茶高山茶礼盒:  没问题
【顺丰包邮】峨眉雪芽 2020新茶现货抢鲜发货  茶叶 慧欣252克/盒 春茶绿茶高山茶礼盒:  没问题
【顺丰包邮】峨眉雪芽 2020新茶现货抢鲜发货  茶叶 慧欣252克/盒 春茶绿茶高山茶礼盒:  没问题
【顺丰包邮】峨眉雪芽 2020新茶现货抢鲜发货  茶叶 慧欣252克/盒 春茶绿茶高山茶礼盒:  没问题
【顺丰包邮】峨眉雪芽 2020新茶现货抢鲜发货  茶叶 慧欣252克/盒 春茶绿茶高山茶礼盒:  没问题
【顺丰包邮】峨眉雪芽 2020新茶现货抢鲜发货  茶叶 慧欣252克/盒 春茶绿茶高山茶礼盒:  没问题
【顺丰包邮】峨眉雪芽 2020新茶现货抢鲜发货  茶叶 慧欣252克/盒 春茶绿茶高山茶礼盒:  没问题
【顺丰包邮】峨眉雪芽 2020新茶现货抢鲜发货  茶叶 慧欣252克/盒 春茶绿茶高山茶礼盒:  没问题
【顺丰包邮】峨眉雪芽 2020新茶现货抢鲜发货  茶叶 慧欣252克/盒 春茶绿茶高山茶礼盒:  没问题
【顺丰包邮】峨眉雪芽 2020新茶现货抢鲜发货  茶叶 慧欣252克/盒 春茶绿茶高山茶礼盒:  没问题
【顺丰包邮】峨眉雪芽 2020新茶现货抢鲜发货  茶叶 慧欣252克/盒 春茶绿茶高山茶礼盒:  没问题
【顺丰包邮】峨眉雪芽 2020新茶现货抢鲜发货  茶叶 慧欣252克/盒 春茶绿茶高山茶礼盒:  没问题
【顺丰包邮】峨眉雪芽 2020新茶现货抢鲜发货  茶叶 慧欣252克/盒 春茶绿茶高山茶礼盒:  没问题
【顺丰包邮】峨眉雪芽 2020新茶现货抢鲜发货  茶叶 慧欣252克/盒 春茶绿茶高山茶礼盒:  没问题
【顺丰包邮】峨眉雪芽 2020新茶现货抢鲜发货  茶叶 慧欣252克/盒 春茶绿茶高山茶礼盒:  没问题
【顺丰包邮】峨眉雪芽 2020新茶现货抢鲜发货  茶叶 慧欣252克/盒 春茶绿茶高山茶礼盒:  没问题
【顺丰包邮】峨眉雪芽 2020新茶现货抢鲜发货  茶叶 慧欣252克/盒 春茶绿茶高山茶礼盒:  没问题
【顺丰包邮】峨眉雪芽 2020新茶现货抢鲜发货  茶叶 慧欣252克/盒 春茶绿茶高山茶礼盒:  没问题
【顺丰包邮】峨眉雪芽 2020新茶现货抢鲜发货  茶叶 慧欣252克/盒 春茶绿茶高山茶礼盒:  没问题
维达抽纸超韧纸巾3层S码130抽24包【整箱销售】原生木浆纸面巾无香餐巾纸:  没问题
维达抽纸超韧纸巾3层S码130抽24包【整箱销售】原生木浆纸面巾无香餐巾纸:  没问题
维达抽纸超韧纸巾3层S码130抽24包【整箱销售】原生木浆纸面巾无香餐巾纸:  没问题
维达抽纸超韧纸巾3层S码130抽24包【整箱销售】原生木浆纸面巾无香餐巾纸:  没问题
维达抽纸超韧纸巾3层S码130抽24包【整箱销售】原生木浆纸面巾无香餐巾纸:  没问题
维达抽纸超韧纸巾3层S码130抽24包【整箱销售】原生木浆纸面巾无香餐巾纸:  没问题
维达抽纸超韧纸巾3层S码130抽24包【整箱销售】原生木浆纸面巾无香餐巾纸:  没问题
维达抽纸超韧纸巾3层S码130抽24包【整箱销售】原生木浆纸面巾无香餐巾纸:  没问题
维达抽纸超韧纸巾3层S码130抽24包【整箱销售】原生木浆纸面巾无香餐巾纸:  没问题
维达抽纸超韧纸巾3层S码130抽24包【整箱销售】原生木浆纸面巾无香餐巾纸:  没问题
维达抽纸超韧纸巾3层S码130抽24包【整箱销售】原生木浆纸面巾无香餐巾纸:  没问题
维达抽纸超韧纸巾3层S码130抽24包【整箱销售】原生木浆纸面巾无香餐巾纸:  没问题
维达抽纸超韧纸巾3层S码130抽24包【整箱销售】原生木浆纸面巾无香餐巾纸:  没问题
维达抽纸超韧纸巾3层S码130抽24包【整箱销售】原生木浆纸面巾无香餐巾纸:  没问题
维达抽纸超韧纸巾3层S码130抽24包【整箱销售】原生木浆纸面巾无香餐巾纸:  没问题
维达抽纸超韧纸巾3层S码130抽24包【整箱销售】原生木浆纸面巾无香餐巾纸:  没问题
维达抽纸超韧纸巾3层S码130抽24包【整箱销售】原生木浆纸面巾无香餐巾纸:  没问题
维达抽纸超韧纸巾3层S码130抽24包【整箱销售】原生木浆纸面巾无香餐巾纸:  没问题
维达抽纸超韧纸巾3层S码130抽24包【整箱销售】原生木浆纸面巾无香餐巾纸:  没问题
维达抽纸超韧纸巾3层S码130抽24包【整箱销售】原生木浆纸面巾无香餐巾纸:  没问题
维达抽纸超韧纸巾3层S码130抽24包【整箱销售】原生木浆纸面巾无香餐巾纸:  没问题
维达抽纸超韧纸巾3层S码130抽24包【整箱销售】原生木浆纸面巾无香餐巾纸:  没问题
维达抽纸超韧纸巾3层S码130抽24包【整箱销售】原生木浆纸面巾无香餐巾纸:  没问题
维达抽纸超韧纸巾3层S码130抽24包【整箱销售】原生木浆纸面巾无香餐巾纸:  没问题
维达抽纸超韧纸巾3层S码130抽24包【整箱销售】原生木浆纸面巾无香餐巾纸:  没问题
维达抽纸超韧纸巾3层S码130抽24包【整箱销售】原生木浆纸面巾无香餐巾纸:  没问题
维达抽纸超韧纸巾3层S码130抽24包【整箱销售】原生木浆纸面巾无香餐巾纸:  没问题
维达抽纸超韧纸巾3层S码130抽24包【整箱销售】原生木浆纸面巾无香餐巾纸:  没问题
维达抽纸超韧纸巾3层S码130抽24包【整箱销售】原生木浆纸面巾无香餐巾纸:  没问题
维达抽纸超韧纸巾3层S码130抽24包【整箱销售】原生木浆纸面巾无香餐巾纸:  没问题
维达抽纸超韧纸巾3层S码130抽24包【整箱销售】原生木浆纸面巾无香餐巾纸:  没问题
维达抽纸超韧纸巾3层S码130抽24包【整箱销售】原生木浆纸面巾无香餐巾纸:  没问题
维达抽纸超韧纸巾3层S码130抽24包【整箱销售】原生木浆纸面巾无香餐巾纸:  没问题
维达抽纸超韧纸巾3层S码130抽24包【整箱销售】原生木浆纸面巾无香餐巾纸:  没问题
维达抽纸超韧纸巾3层S码130抽24包【整箱销售】原生木浆纸面巾无香餐巾纸:  没问题
维达抽纸超韧纸巾3层S码130抽24包【整箱销售】原生木浆纸面巾无香餐巾纸:  没问题
千禾零添加头道原香180天酱油1.28L*2瓶 大桶装非转基因特级生抽酿造酱:  没问题
千禾零添加头道原香180天酱油1.28L*2瓶 大桶装非转基因特级生抽酿造酱:  没问题
千禾零添加头道原香180天酱油1.28L*2瓶 大桶装非转基因特级生抽酿造酱:  没问题
千禾零添加头道原香180天酱油1.28L*2瓶 大桶装非转基因特级生抽酿造酱:  没问题
千禾零添加头道原香180天酱油1.28L*2瓶 大桶装非转基因特级生抽酿造酱:  没问题
千禾零添加头道原香180天酱油1.28L*2瓶 大桶装非转基因特级生抽酿造酱:  没问题
千禾零添加头道原香180天酱油1.28L*2瓶 大桶装非转基因特级生抽酿造酱:  没问题
千禾零添加头道原香180天酱油1.28L*2瓶 大桶装非转基因特级生抽酿造酱:  没问题
千禾零添加头道原香180天酱油1.28L*2瓶 大桶装非转基因特级生抽酿造酱:  没问题
千禾零添加头道原香180天酱油1.28L*2瓶 大桶装非转基因特级生抽酿造酱:  没问题
千禾零添加头道原香180天酱油1.28L*2瓶 大桶装非转基因特级生抽酿造酱:  没问题
千禾零添加头道原香180天酱油1.28L*2瓶 大桶装非转基因特级生抽酿造酱:  没问题
千禾零添加头道原香180天酱油1.28L*2瓶 大桶装非转基因特级生抽酿造酱:  没问题
千禾零添加头道原香180天酱油1.28L*2瓶 大桶装非转基因特级生抽酿造酱:  没问题
千禾零添加头道原香180天酱油1.28L*2瓶 大桶装非转基因特级生抽酿造酱:  没问题
千禾零添加头道原香180天酱油1.28L*2瓶 大桶装非转基因特级生抽酿造酱:  没问题
千禾零添加头道原香180天酱油1.28L*2瓶 大桶装非转基因特级生抽酿造酱:  没问题
千禾零添加头道原香180天酱油1.28L*2瓶 大桶装非转基因特级生抽酿造酱:  没问题
千禾零添加头道原香180天酱油1.28L*2瓶 大桶装非转基因特级生抽酿造酱:  没问题
千禾零添加头道原香180天酱油1.28L*2瓶 大桶装非转基因特级生抽酿造酱:  没问题
千禾零添加头道原香180天酱油1.28L*2瓶 大桶装非转基因特级生抽酿造酱:  没问题
千禾零添加头道原香180天酱油1.28L*2瓶 大桶装非转基因特级生抽酿造酱:  没问题
千禾零添加头道原香180天酱油1.28L*2瓶 大桶装非转基因特级生抽酿造酱:  没问题
千禾零添加头道原香180天酱油1.28L*2瓶 大桶装非转基因特级生抽酿造酱:  没问题
千禾零添加头道原香180天酱油1.28L*2瓶 大桶装非转基因特级生抽酿造酱:  没问题
千禾零添加头道原香180天酱油1.28L*2瓶 大桶装非转基因特级生抽酿造酱:  没问题
千禾零添加头道原香180天酱油1.28L*2瓶 大桶装非转基因特级生抽酿造酱:  没问题
千禾零添加头道原香180天酱油1.28L*2瓶 大桶装非转基因特级生抽酿造酱:  没问题
千禾零添加头道原香180天酱油1.28L*2瓶 大桶装非转基因特级生抽酿造酱:  没问题
千禾零添加头道原香180天酱油1.28L*2瓶 大桶装非转基因特级生抽酿造酱:  没问题
千禾零添加头道原香180天酱油1.28L*2瓶 大桶装非转基因特级生抽酿造酱:  没问题
千禾零添加头道原香180天酱油1.28L*2瓶 大桶装非转基因特级生抽酿造酱:  没问题
千禾零添加头道原香180天酱油1.28L*2瓶 大桶装非转基因特级生抽酿造酱:  没问题
千禾零添加头道原香180天酱油1.28L*2瓶 大桶装非转基因特级生抽酿造酱:  没问题
千禾零添加头道原香180天酱油1.28L*2瓶 大桶装非转基因特级生抽酿造酱:  没问题
千禾零添加头道原香180天酱油1.28L*2瓶 大桶装非转基因特级生抽酿造酱:  没问题
千禾零添加头道原香180天酱油1.28L*2瓶 大桶装非转基因特级生抽酿造酱:  没问题
德施曼3D人脸识别智能锁R7:  没问题
德施曼3D人脸识别智能锁R7:  没问题
德施曼3D人脸识别智能锁R7:  没问题
德施曼3D人脸识别智能锁R7:  没问题
德施曼3D人脸识别智能锁R7:  没问题
德施曼3D人脸识别智能锁R7:  没问题
德施曼3D人脸识别智能锁R7:  没问题
德施曼3D人脸识别智能锁R7:  没问题
德施曼3D人脸识别智能锁R7:  没问题
德施曼3D人脸识别智能锁R7:  没问题
德施曼3D人脸识别智能锁R7:  没问题
德施曼3D人脸识别智能锁R7:  没问题
德施曼3D人脸识别智能锁R7:  没问题
德施曼3D人脸识别智能锁R7:  没问题
德施曼3D人脸识别智能锁R7:  没问题
德施曼3D人脸识别智能锁R7:  没问题
德施曼3D人脸识别智能锁R7:  没问题
德施曼3D人脸识别智能锁R7:  没问题
德施曼3D人脸识别智能锁R7:  没问题
德施曼3D人脸识别智能锁R7:  没问题
德施曼3D人脸识别智能锁R7:  没问题
德施曼3D人脸识别智能锁R7:  没问题
德施曼3D人脸识别智能锁R7:  没问题
德施曼3D人脸识别智能锁R7:  没问题
德施曼3D人脸识别智能锁R7:  没问题
德施曼3D人脸识别智能锁R7:  没问题
德施曼3D人脸识别智能锁R7:  没问题
德施曼3D人脸识别智能锁R7:  没问题
德施曼3D人脸识别智能锁R7:  没问题
德施曼3D人脸识别智能锁R7:  没问题
德施曼3D人脸识别智能锁R7:  没问题
德施曼3D人脸识别智能锁R7:  没问题
德施曼3D人脸识别智能锁R7:  没问题
德施曼3D人脸识别智能锁R7:  没问题
德施曼3D人脸识别智能锁R7:  没问题
德施曼3D人脸识别智能锁R7:  没问题
德施曼3D人脸识别智能锁R7:  没问题
德施曼3D人脸识别智能锁R7:  没问题
【下午茶】蓝岸卡布奇诺咖啡324g+康师傅咸酥葱香奶油80g*5袋:  没问题
【下午茶】蓝岸卡布奇诺咖啡324g+康师傅咸酥葱香奶油80g*5袋:  没问题
【下午茶】蓝岸卡布奇诺咖啡324g+康师傅咸酥葱香奶油80g*5袋:  没问题
【下午茶】蓝岸卡布奇诺咖啡324g+康师傅咸酥葱香奶油80g*5袋:  没问题
【下午茶】蓝岸卡布奇诺咖啡324g+康师傅咸酥葱香奶油80g*5袋:  没问题
【下午茶】蓝岸卡布奇诺咖啡324g+康师傅咸酥葱香奶油80g*5袋:  没问题
【下午茶】蓝岸卡布奇诺咖啡324g+康师傅咸酥葱香奶油80g*5袋:  没问题
【下午茶】蓝岸卡布奇诺咖啡324g+康师傅咸酥葱香奶油80g*5袋:  没问题
【下午茶】蓝岸卡布奇诺咖啡324g+康师傅咸酥葱香奶油80g*5袋:  没问题
【下午茶】蓝岸卡布奇诺咖啡324g+康师傅咸酥葱香奶油80g*5袋:  没问题
【下午茶】蓝岸卡布奇诺咖啡324g+康师傅咸酥葱香奶油80g*5袋:  没问题
【下午茶】蓝岸卡布奇诺咖啡324g+康师傅咸酥葱香奶油80g*5袋:  没问题
【下午茶】蓝岸卡布奇诺咖啡324g+康师傅咸酥葱香奶油80g*5袋:  没问题
【下午茶】蓝岸卡布奇诺咖啡324g+康师傅咸酥葱香奶油80g*5袋:  没问题
【下午茶】蓝岸卡布奇诺咖啡324g+康师傅咸酥葱香奶油80g*5袋:  没问题
【下午茶】蓝岸卡布奇诺咖啡324g+康师傅咸酥葱香奶油80g*5袋:  没问题
【下午茶】蓝岸卡布奇诺咖啡324g+康师傅咸酥葱香奶油80g*5袋:  没问题
【下午茶】蓝岸卡布奇诺咖啡324g+康师傅咸酥葱香奶油80g*5袋:  没问题
【下午茶】蓝岸卡布奇诺咖啡324g+康师傅咸酥葱香奶油80g*5袋:  没问题
【下午茶】蓝岸卡布奇诺咖啡324g+康师傅咸酥葱香奶油80g*5袋:  没问题
【下午茶】蓝岸卡布奇诺咖啡324g+康师傅咸酥葱香奶油80g*5袋:  没问题
【下午茶】蓝岸卡布奇诺咖啡324g+康师傅咸酥葱香奶油80g*5袋:  没问题
【下午茶】蓝岸卡布奇诺咖啡324g+康师傅咸酥葱香奶油80g*5袋:  没问题
【下午茶】蓝岸卡布奇诺咖啡324g+康师傅咸酥葱香奶油80g*5袋:  没问题
【下午茶】蓝岸卡布奇诺咖啡324g+康师傅咸酥葱香奶油80g*5袋:  没问题
【下午茶】蓝岸卡布奇诺咖啡324g+康师傅咸酥葱香奶油80g*5袋:  没问题
【下午茶】蓝岸卡布奇诺咖啡324g+康师傅咸酥葱香奶油80g*5袋:  没问题
【下午茶】蓝岸卡布奇诺咖啡324g+康师傅咸酥葱香奶油80g*5袋:  没问题
【下午茶】蓝岸卡布奇诺咖啡324g+康师傅咸酥葱香奶油80g*5袋:  没问题
【下午茶】蓝岸卡布奇诺咖啡324g+康师傅咸酥葱香奶油80g*5袋:  没问题
【下午茶】蓝岸卡布奇诺咖啡324g+康师傅咸酥葱香奶油80g*5袋:  没问题
【下午茶】蓝岸卡布奇诺咖啡324g+康师傅咸酥葱香奶油80g*5袋:  没问题
【下午茶】蓝岸卡布奇诺咖啡324g+康师傅咸酥葱香奶油80g*5袋:  没问题
【下午茶】蓝岸卡布奇诺咖啡324g+康师傅咸酥葱香奶油80g*5袋:  没问题
【下午茶】蓝岸卡布奇诺咖啡324g+康师傅咸酥葱香奶油80g*5袋:  没问题
【下午茶】蓝岸卡布奇诺咖啡324g+康师傅咸酥葱香奶油80g*5袋:  没问题
【下午茶】蓝岸卡布奇诺咖啡324g+康师傅咸酥葱香奶油80g*5袋:  没问题
【下午茶】蓝岸卡布奇诺咖啡324g+康师傅咸酥葱香奶油80g*5袋:  没问题
【下午茶】蓝岸卡布奇诺咖啡324g+康师傅咸酥葱香奶油80g*5袋:  没问题
中粮福临门金田米长粒香5kg东北大米10斤装:  没问题
中粮福临门金田米长粒香5kg东北大米10斤装:  没问题
中粮福临门金田米长粒香5kg东北大米10斤装:  没问题
中粮福临门金田米长粒香5kg东北大米10斤装:  没问题
中粮福临门金田米长粒香5kg东北大米10斤装:  没问题
中粮福临门金田米长粒香5kg东北大米10斤装:  没问题
中粮福临门金田米长粒香5kg东北大米10斤装:  没问题
中粮福临门金田米长粒香5kg东北大米10斤装:  没问题
中粮福临门金田米长粒香5kg东北大米10斤装:  没问题
中粮福临门金田米长粒香5kg东北大米10斤装:  没问题
中粮福临门金田米长粒香5kg东北大米10斤装:  没问题
中粮福临门金田米长粒香5kg东北大米10斤装:  没问题
中粮福临门金田米长粒香5kg东北大米10斤装:  没问题
中粮福临门金田米长粒香5kg东北大米10斤装:  没问题
中粮福临门金田米长粒香5kg东北大米10斤装:  没问题
中粮福临门金田米长粒香5kg东北大米10斤装:  没问题
中粮福临门金田米长粒香5kg东北大米10斤装:  没问题
中粮福临门金田米长粒香5kg东北大米10斤装:  没问题
中粮福临门金田米长粒香5kg东北大米10斤装:  没问题
中粮福临门金田米长粒香5kg东北大米10斤装:  没问题
中粮福临门金田米长粒香5kg东北大米10斤装:  没问题
中粮福临门金田米长粒香5kg东北大米10斤装:  没问题
中粮福临门金田米长粒香5kg东北大米10斤装:  没问题
中粮福临门金田米长粒香5kg东北大米10斤装:  没问题
中粮福临门金田米长粒香5kg东北大米10斤装:  没问题
中粮福临门金田米长粒香5kg东北大米10斤装:  没问题
中粮福临门金田米长粒香5kg东北大米10斤装:  没问题
中粮福临门金田米长粒香5kg东北大米10斤装:  没问题
中粮福临门金田米长粒香5kg东北大米10斤装:  没问题
中粮福临门金田米长粒香5kg东北大米10斤装:  没问题
中粮福临门金田米长粒香5kg东北大米10斤装:  没问题
中粮福临门金田米长粒香5kg东北大米10斤装:  没问题
中粮福临门金田米长粒香5kg东北大米10斤装:  没问题
中粮福临门金田米长粒香5kg东北大米10斤装:  没问题
中粮福临门金田米长粒香5kg东北大米10斤装:  没问题
中粮福临门金田米长粒香5kg东北大米10斤装:  没问题
中粮福临门金田米长粒香5kg东北大米10斤装:  没问题
中粮福临门金田米长粒香5kg东北大米10斤装:  没问题
中粮福临门金田米长粒香5kg东北大米10斤装:  没问题
中粮福临门金田米长粒香5kg东北大米10斤装:  没问题
蓝月亮深沉洁净洗衣液袋装1kg*3袋加送清风手帕纸10包（款式随机）:  没问题
蓝月亮深沉洁净洗衣液袋装1kg*3袋加送清风手帕纸10包（款式随机）:  没问题
蓝月亮深沉洁净洗衣液袋装1kg*3袋加送清风手帕纸10包（款式随机）:  没问题
蓝月亮深沉洁净洗衣液袋装1kg*3袋加送清风手帕纸10包（款式随机）:  没问题
蓝月亮深沉洁净洗衣液袋装1kg*3袋加送清风手帕纸10包（款式随机）:  没问题
蓝月亮深沉洁净洗衣液袋装1kg*3袋加送清风手帕纸10包（款式随机）:  没问题
蓝月亮深沉洁净洗衣液袋装1kg*3袋加送清风手帕纸10包（款式随机）:  没问题
蓝月亮深沉洁净洗衣液袋装1kg*3袋加送清风手帕纸10包（款式随机）:  没问题
蓝月亮深沉洁净洗衣液袋装1kg*3袋加送清风手帕纸10包（款式随机）:  没问题
蓝月亮深沉洁净洗衣液袋装1kg*3袋加送清风手帕纸10包（款式随机）:  没问题
蓝月亮深沉洁净洗衣液袋装1kg*3袋加送清风手帕纸10包（款式随机）:  没问题
蓝月亮深沉洁净洗衣液袋装1kg*3袋加送清风手帕纸10包（款式随机）:  没问题
蓝月亮深沉洁净洗衣液袋装1kg*3袋加送清风手帕纸10包（款式随机）:  没问题
蓝月亮深沉洁净洗衣液袋装1kg*3袋加送清风手帕纸10包（款式随机）:  没问题
蓝月亮深沉洁净洗衣液袋装1kg*3袋加送清风手帕纸10包（款式随机）:  没问题
蓝月亮深沉洁净洗衣液袋装1kg*3袋加送清风手帕纸10包（款式随机）:  没问题
蓝月亮深沉洁净洗衣液袋装1kg*3袋加送清风手帕纸10包（款式随机）:  没问题
蓝月亮深沉洁净洗衣液袋装1kg*3袋加送清风手帕纸10包（款式随机）:  没问题
蓝月亮深沉洁净洗衣液袋装1kg*3袋加送清风手帕纸10包（款式随机）:  没问题
蓝月亮深沉洁净洗衣液袋装1kg*3袋加送清风手帕纸10包（款式随机）:  没问题
蓝月亮深沉洁净洗衣液袋装1kg*3袋加送清风手帕纸10包（款式随机）:  没问题
蓝月亮深沉洁净洗衣液袋装1kg*3袋加送清风手帕纸10包（款式随机）:  没问题
蓝月亮深沉洁净洗衣液袋装1kg*3袋加送清风手帕纸10包（款式随机）:  没问题
蓝月亮深沉洁净洗衣液袋装1kg*3袋加送清风手帕纸10包（款式随机）:  没问题
蓝月亮深沉洁净洗衣液袋装1kg*3袋加送清风手帕纸10包（款式随机）:  没问题
蓝月亮深沉洁净洗衣液袋装1kg*3袋加送清风手帕纸10包（款式随机）:  没问题
蓝月亮深沉洁净洗衣液袋装1kg*3袋加送清风手帕纸10包（款式随机）:  没问题
蓝月亮深沉洁净洗衣液袋装1kg*3袋加送清风手帕纸10包（款式随机）:  没问题
蓝月亮深沉洁净洗衣液袋装1kg*3袋加送清风手帕纸10包（款式随机）:  没问题
蓝月亮深沉洁净洗衣液袋装1kg*3袋加送清风手帕纸10包（款式随机）:  没问题
蓝月亮深沉洁净洗衣液袋装1kg*3袋加送清风手帕纸10包（款式随机）:  没问题
蓝月亮深沉洁净洗衣液袋装1kg*3袋加送清风手帕纸10包（款式随机）:  没问题
蓝月亮深沉洁净洗衣液袋装1kg*3袋加送清风手帕纸10包（款式随机）:  没问题
蓝月亮深沉洁净洗衣液袋装1kg*3袋加送清风手帕纸10包（款式随机）:  没问题
蓝月亮深沉洁净洗衣液袋装1kg*3袋加送清风手帕纸10包（款式随机）:  没问题
蓝月亮深沉洁净洗衣液袋装1kg*3袋加送清风手帕纸10包（款式随机）:  没问题
蓝月亮深沉洁净洗衣液袋装1kg*3袋加送清风手帕纸10包（款式随机）:  没问题
蓝月亮深沉洁净洗衣液袋装1kg*3袋加送清风手帕纸10包（款式随机）:  没问题
蓝月亮深沉洁净洗衣液袋装1kg*3袋加送清风手帕纸10包（款式随机）:  没问题
蓝月亮深沉洁净洗衣液袋装1kg*3袋加送清风手帕纸10包（款式随机）:  没问题
蓝月亮深沉洁净洗衣液袋装1kg*3袋加送清风手帕纸10包（款式随机）:  没问题
苏菲安心裤F均码2片装送云南白药益小小日用卫生巾5包加送本色12包手帕1条:  没问题
苏菲安心裤F均码2片装送云南白药益小小日用卫生巾5包加送本色12包手帕1条:  没问题
苏菲安心裤F均码2片装送云南白药益小小日用卫生巾5包加送本色12包手帕1条:  没问题
苏菲安心裤F均码2片装送云南白药益小小日用卫生巾5包加送本色12包手帕1条:  没问题
苏菲安心裤F均码2片装送云南白药益小小日用卫生巾5包加送本色12包手帕1条:  没问题
苏菲安心裤F均码2片装送云南白药益小小日用卫生巾5包加送本色12包手帕1条:  没问题
苏菲安心裤F均码2片装送云南白药益小小日用卫生巾5包加送本色12包手帕1条:  没问题
苏菲安心裤F均码2片装送云南白药益小小日用卫生巾5包加送本色12包手帕1条:  没问题
苏菲安心裤F均码2片装送云南白药益小小日用卫生巾5包加送本色12包手帕1条:  没问题
苏菲安心裤F均码2片装送云南白药益小小日用卫生巾5包加送本色12包手帕1条:  没问题
苏菲安心裤F均码2片装送云南白药益小小日用卫生巾5包加送本色12包手帕1条:  没问题
苏菲安心裤F均码2片装送云南白药益小小日用卫生巾5包加送本色12包手帕1条:  没问题
苏菲安心裤F均码2片装送云南白药益小小日用卫生巾5包加送本色12包手帕1条:  没问题
苏菲安心裤F均码2片装送云南白药益小小日用卫生巾5包加送本色12包手帕1条:  没问题
苏菲安心裤F均码2片装送云南白药益小小日用卫生巾5包加送本色12包手帕1条:  没问题
苏菲安心裤F均码2片装送云南白药益小小日用卫生巾5包加送本色12包手帕1条:  没问题
苏菲安心裤F均码2片装送云南白药益小小日用卫生巾5包加送本色12包手帕1条:  没问题
苏菲安心裤F均码2片装送云南白药益小小日用卫生巾5包加送本色12包手帕1条:  没问题
苏菲安心裤F均码2片装送云南白药益小小日用卫生巾5包加送本色12包手帕1条:  没问题
苏菲安心裤F均码2片装送云南白药益小小日用卫生巾5包加送本色12包手帕1条:  没问题
苏菲安心裤F均码2片装送云南白药益小小日用卫生巾5包加送本色12包手帕1条:  没问题
苏菲安心裤F均码2片装送云南白药益小小日用卫生巾5包加送本色12包手帕1条:  没问题
苏菲安心裤F均码2片装送云南白药益小小日用卫生巾5包加送本色12包手帕1条:  没问题
苏菲安心裤F均码2片装送云南白药益小小日用卫生巾5包加送本色12包手帕1条:  没问题
苏菲安心裤F均码2片装送云南白药益小小日用卫生巾5包加送本色12包手帕1条:  没问题
苏菲安心裤F均码2片装送云南白药益小小日用卫生巾5包加送本色12包手帕1条:  没问题
苏菲安心裤F均码2片装送云南白药益小小日用卫生巾5包加送本色12包手帕1条:  没问题
苏菲安心裤F均码2片装送云南白药益小小日用卫生巾5包加送本色12包手帕1条:  没问题
苏菲安心裤F均码2片装送云南白药益小小日用卫生巾5包加送本色12包手帕1条:  没问题
苏菲安心裤F均码2片装送云南白药益小小日用卫生巾5包加送本色12包手帕1条:  没问题
苏菲安心裤F均码2片装送云南白药益小小日用卫生巾5包加送本色12包手帕1条:  没问题
苏菲安心裤F均码2片装送云南白药益小小日用卫生巾5包加送本色12包手帕1条:  没问题
苏菲安心裤F均码2片装送云南白药益小小日用卫生巾5包加送本色12包手帕1条:  没问题
苏菲安心裤F均码2片装送云南白药益小小日用卫生巾5包加送本色12包手帕1条:  没问题
苏菲安心裤F均码2片装送云南白药益小小日用卫生巾5包加送本色12包手帕1条:  没问题
苏菲安心裤F均码2片装送云南白药益小小日用卫生巾5包加送本色12包手帕1条:  没问题
苏菲安心裤F均码2片装送云南白药益小小日用卫生巾5包加送本色12包手帕1条:  没问题
苏菲安心裤F均码2片装送云南白药益小小日用卫生巾5包加送本色12包手帕1条:  没问题
苏菲安心裤F均码2片装送云南白药益小小日用卫生巾5包加送本色12包手帕1条:  没问题
苏菲安心裤F均码2片装送云南白药益小小日用卫生巾5包加送本色12包手帕1条:  没问题
苏菲安心裤F均码2片装送云南白药益小小日用卫生巾5包加送本色12包手帕1条:  没问题
苏菲安心裤F均码2片装送云南白药益小小日用卫生巾5包加送本色12包手帕1条:  没问题
双立人TWINPOINT中片刀和多用刀:  没问题
双立人TWINPOINT中片刀和多用刀:  没问题
双立人TWINPOINT中片刀和多用刀:  没问题
双立人TWINPOINT中片刀和多用刀:  没问题
双立人TWINPOINT中片刀和多用刀:  没问题
双立人TWINPOINT中片刀和多用刀:  没问题
双立人TWINPOINT中片刀和多用刀:  没问题
双立人TWINPOINT中片刀和多用刀:  没问题
双立人TWINPOINT中片刀和多用刀:  没问题
双立人TWINPOINT中片刀和多用刀:  没问题
双立人TWINPOINT中片刀和多用刀:  没问题
双立人TWINPOINT中片刀和多用刀:  没问题
双立人TWINPOINT中片刀和多用刀:  没问题
双立人TWINPOINT中片刀和多用刀:  没问题
双立人TWINPOINT中片刀和多用刀:  没问题
双立人TWINPOINT中片刀和多用刀:  没问题
双立人TWINPOINT中片刀和多用刀:  没问题
双立人TWINPOINT中片刀和多用刀:  没问题
双立人TWINPOINT中片刀和多用刀:  没问题
双立人TWINPOINT中片刀和多用刀:  没问题
双立人TWINPOINT中片刀和多用刀:  没问题
双立人TWINPOINT中片刀和多用刀:  没问题
双立人TWINPOINT中片刀和多用刀:  没问题
双立人TWINPOINT中片刀和多用刀:  没问题
双立人TWINPOINT中片刀和多用刀:  没问题
双立人TWINPOINT中片刀和多用刀:  没问题
双立人TWINPOINT中片刀和多用刀:  没问题
双立人TWINPOINT中片刀和多用刀:  没问题
双立人TWINPOINT中片刀和多用刀:  没问题
双立人TWINPOINT中片刀和多用刀:  没问题
双立人TWINPOINT中片刀和多用刀:  没问题
双立人TWINPOINT中片刀和多用刀:  没问题
双立人TWINPOINT中片刀和多用刀:  没问题
双立人TWINPOINT中片刀和多用刀:  没问题
双立人TWINPOINT中片刀和多用刀:  没问题
双立人TWINPOINT中片刀和多用刀:  没问题
双立人TWINPOINT中片刀和多用刀:  没问题
双立人TWINPOINT中片刀和多用刀:  没问题
双立人TWINPOINT中片刀和多用刀:  没问题
双立人TWINPOINT中片刀和多用刀:  没问题
双立人TWINPOINT中片刀和多用刀:  没问题
双立人TWINPOINT中片刀和多用刀:  没问题
双立人TWINPOINT中片刀和多用刀:  没问题
恩芝 卫生巾超值套装(日用18片+夜用9片+迷你巾6片):  没问题
恩芝 卫生巾超值套装(日用18片+夜用9片+迷你巾6片):  没问题
恩芝 卫生巾超值套装(日用18片+夜用9片+迷你巾6片):  没问题
恩芝 卫生巾超值套装(日用18片+夜用9片+迷你巾6片):  没问题
恩芝 卫生巾超值套装(日用18片+夜用9片+迷你巾6片):  没问题
恩芝 卫生巾超值套装(日用18片+夜用9片+迷你巾6片):  没问题
恩芝 卫生巾超值套装(日用18片+夜用9片+迷你巾6片):  没问题
恩芝 卫生巾超值套装(日用18片+夜用9片+迷你巾6片):  没问题
恩芝 卫生巾超值套装(日用18片+夜用9片+迷你巾6片):  没问题
恩芝 卫生巾超值套装(日用18片+夜用9片+迷你巾6片):  没问题
恩芝 卫生巾超值套装(日用18片+夜用9片+迷你巾6片):  没问题
恩芝 卫生巾超值套装(日用18片+夜用9片+迷你巾6片):  没问题
恩芝 卫生巾超值套装(日用18片+夜用9片+迷你巾6片):  没问题
恩芝 卫生巾超值套装(日用18片+夜用9片+迷你巾6片):  没问题
恩芝 卫生巾超值套装(日用18片+夜用9片+迷你巾6片):  没问题
恩芝 卫生巾超值套装(日用18片+夜用9片+迷你巾6片):  没问题
恩芝 卫生巾超值套装(日用18片+夜用9片+迷你巾6片):  没问题
恩芝 卫生巾超值套装(日用18片+夜用9片+迷你巾6片):  没问题
恩芝 卫生巾超值套装(日用18片+夜用9片+迷你巾6片):  没问题
恩芝 卫生巾超值套装(日用18片+夜用9片+迷你巾6片):  没问题
恩芝 卫生巾超值套装(日用18片+夜用9片+迷你巾6片):  没问题
恩芝 卫生巾超值套装(日用18片+夜用9片+迷你巾6片):  没问题
恩芝 卫生巾超值套装(日用18片+夜用9片+迷你巾6片):  没问题
恩芝 卫生巾超值套装(日用18片+夜用9片+迷你巾6片):  没问题
恩芝 卫生巾超值套装(日用18片+夜用9片+迷你巾6片):  没问题
恩芝 卫生巾超值套装(日用18片+夜用9片+迷你巾6片):  没问题
恩芝 卫生巾超值套装(日用18片+夜用9片+迷你巾6片):  没问题
恩芝 卫生巾超值套装(日用18片+夜用9片+迷你巾6片):  没问题
恩芝 卫生巾超值套装(日用18片+夜用9片+迷你巾6片):  没问题
恩芝 卫生巾超值套装(日用18片+夜用9片+迷你巾6片):  没问题
恩芝 卫生巾超值套装(日用18片+夜用9片+迷你巾6片):  没问题
恩芝 卫生巾超值套装(日用18片+夜用9片+迷你巾6片):  没问题
恩芝 卫生巾超值套装(日用18片+夜用9片+迷你巾6片):  没问题
恩芝 卫生巾超值套装(日用18片+夜用9片+迷你巾6片):  没问题
恩芝 卫生巾超值套装(日用18片+夜用9片+迷你巾6片):  没问题
恩芝 卫生巾超值套装(日用18片+夜用9片+迷你巾6片):  没问题
恩芝 卫生巾超值套装(日用18片+夜用9片+迷你巾6片):  没问题
恩芝 卫生巾超值套装(日用18片+夜用9片+迷你巾6片):  没问题
恩芝 卫生巾超值套装(日用18片+夜用9片+迷你巾6片):  没问题
恩芝 卫生巾超值套装(日用18片+夜用9片+迷你巾6片):  没问题
恩芝 卫生巾超值套装(日用18片+夜用9片+迷你巾6片):  没问题
恩芝 卫生巾超值套装(日用18片+夜用9片+迷你巾6片):  没问题
恩芝 卫生巾超值套装(日用18片+夜用9片+迷你巾6片):  没问题
恩芝 卫生巾超值套装(日用18片+夜用9片+迷你巾6片):  没问题
【赠猫小菲+购物袋】恩芝猫小菲卫生巾6無系列日用超长夜用护垫迷你巾8包超值组合任意搭配:  没问题
【赠猫小菲+购物袋】恩芝猫小菲卫生巾6無系列日用超长夜用护垫迷你巾8包超值组合任意搭配:  没问题
【赠猫小菲+购物袋】恩芝猫小菲卫生巾6無系列日用超长夜用护垫迷你巾8包超值组合任意搭配:  没问题
【赠猫小菲+购物袋】恩芝猫小菲卫生巾6無系列日用超长夜用护垫迷你巾8包超值组合任意搭配:  没问题
【赠猫小菲+购物袋】恩芝猫小菲卫生巾6無系列日用超长夜用护垫迷你巾8包超值组合任意搭配:  没问题
【赠猫小菲+购物袋】恩芝猫小菲卫生巾6無系列日用超长夜用护垫迷你巾8包超值组合任意搭配:  没问题
【赠猫小菲+购物袋】恩芝猫小菲卫生巾6無系列日用超长夜用护垫迷你巾8包超值组合任意搭配:  没问题
【赠猫小菲+购物袋】恩芝猫小菲卫生巾6無系列日用超长夜用护垫迷你巾8包超值组合任意搭配:  没问题
【赠猫小菲+购物袋】恩芝猫小菲卫生巾6無系列日用超长夜用护垫迷你巾8包超值组合任意搭配:  没问题
【赠猫小菲+购物袋】恩芝猫小菲卫生巾6無系列日用超长夜用护垫迷你巾8包超值组合任意搭配:  没问题
【赠猫小菲+购物袋】恩芝猫小菲卫生巾6無系列日用超长夜用护垫迷你巾8包超值组合任意搭配:  没问题
【赠猫小菲+购物袋】恩芝猫小菲卫生巾6無系列日用超长夜用护垫迷你巾8包超值组合任意搭配:  没问题
【赠猫小菲+购物袋】恩芝猫小菲卫生巾6無系列日用超长夜用护垫迷你巾8包超值组合任意搭配:  没问题
【赠猫小菲+购物袋】恩芝猫小菲卫生巾6無系列日用超长夜用护垫迷你巾8包超值组合任意搭配:  没问题
【赠猫小菲+购物袋】恩芝猫小菲卫生巾6無系列日用超长夜用护垫迷你巾8包超值组合任意搭配:  没问题
【赠猫小菲+购物袋】恩芝猫小菲卫生巾6無系列日用超长夜用护垫迷你巾8包超值组合任意搭配:  没问题
【赠猫小菲+购物袋】恩芝猫小菲卫生巾6無系列日用超长夜用护垫迷你巾8包超值组合任意搭配:  没问题
【赠猫小菲+购物袋】恩芝猫小菲卫生巾6無系列日用超长夜用护垫迷你巾8包超值组合任意搭配:  没问题
【赠猫小菲+购物袋】恩芝猫小菲卫生巾6無系列日用超长夜用护垫迷你巾8包超值组合任意搭配:  没问题
【赠猫小菲+购物袋】恩芝猫小菲卫生巾6無系列日用超长夜用护垫迷你巾8包超值组合任意搭配:  没问题
【赠猫小菲+购物袋】恩芝猫小菲卫生巾6無系列日用超长夜用护垫迷你巾8包超值组合任意搭配:  没问题
【赠猫小菲+购物袋】恩芝猫小菲卫生巾6無系列日用超长夜用护垫迷你巾8包超值组合任意搭配:  没问题
【赠猫小菲+购物袋】恩芝猫小菲卫生巾6無系列日用超长夜用护垫迷你巾8包超值组合任意搭配:  没问题
【赠猫小菲+购物袋】恩芝猫小菲卫生巾6無系列日用超长夜用护垫迷你巾8包超值组合任意搭配:  没问题
【赠猫小菲+购物袋】恩芝猫小菲卫生巾6無系列日用超长夜用护垫迷你巾8包超值组合任意搭配:  没问题
【赠猫小菲+购物袋】恩芝猫小菲卫生巾6無系列日用超长夜用护垫迷你巾8包超值组合任意搭配:  没问题
【赠猫小菲+购物袋】恩芝猫小菲卫生巾6無系列日用超长夜用护垫迷你巾8包超值组合任意搭配:  没问题
【赠猫小菲+购物袋】恩芝猫小菲卫生巾6無系列日用超长夜用护垫迷你巾8包超值组合任意搭配:  没问题
【赠猫小菲+购物袋】恩芝猫小菲卫生巾6無系列日用超长夜用护垫迷你巾8包超值组合任意搭配:  没问题
【赠猫小菲+购物袋】恩芝猫小菲卫生巾6無系列日用超长夜用护垫迷你巾8包超值组合任意搭配:  没问题
【赠猫小菲+购物袋】恩芝猫小菲卫生巾6無系列日用超长夜用护垫迷你巾8包超值组合任意搭配:  没问题
【赠猫小菲+购物袋】恩芝猫小菲卫生巾6無系列日用超长夜用护垫迷你巾8包超值组合任意搭配:  没问题
【赠猫小菲+购物袋】恩芝猫小菲卫生巾6無系列日用超长夜用护垫迷你巾8包超值组合任意搭配:  没问题
【赠猫小菲+购物袋】恩芝猫小菲卫生巾6無系列日用超长夜用护垫迷你巾8包超值组合任意搭配:  没问题
【赠猫小菲+购物袋】恩芝猫小菲卫生巾6無系列日用超长夜用护垫迷你巾8包超值组合任意搭配:  没问题
【赠猫小菲+购物袋】恩芝猫小菲卫生巾6無系列日用超长夜用护垫迷你巾8包超值组合任意搭配:  没问题
【赠猫小菲+购物袋】恩芝猫小菲卫生巾6無系列日用超长夜用护垫迷你巾8包超值组合任意搭配:  没问题
【赠猫小菲+购物袋】恩芝猫小菲卫生巾6無系列日用超长夜用护垫迷你巾8包超值组合任意搭配:  没问题
【赠猫小菲+购物袋】恩芝猫小菲卫生巾6無系列日用超长夜用护垫迷你巾8包超值组合任意搭配:  没问题
【赠猫小菲+购物袋】恩芝猫小菲卫生巾6無系列日用超长夜用护垫迷你巾8包超值组合任意搭配:  没问题
【赠猫小菲+购物袋】恩芝猫小菲卫生巾6無系列日用超长夜用护垫迷你巾8包超值组合任意搭配:  没问题
【赠猫小菲+购物袋】恩芝猫小菲卫生巾6無系列日用超长夜用护垫迷你巾8包超值组合任意搭配:  没问题
【赠猫小菲+购物袋】恩芝猫小菲卫生巾6無系列日用超长夜用护垫迷你巾8包超值组合任意搭配:  没问题
【赠猫小菲+购物袋】恩芝猫小菲卫生巾6無系列日用超长夜用护垫迷你巾8包超值组合任意搭配:  没问题
【赠猫小菲+购物袋】恩芝猫小菲卫生巾6無系列日用超长夜用护垫迷你巾8包超值组合任意搭配:  没问题
