开始爬。。。。
https://cd.lianjia.com/ershoufang/jinjiang/青羊pg1
https://cd.lianjia.com/ershoufang/jinjiang/青羊pg2
https://cd.lianjia.com/ershoufang/jinjiang/青羊pg3
https://cd.lianjia.com/ershoufang/jinjiang/青羊pg4
https://cd.lianjia.com/ershoufang/jinjiang/青羊pg5
https://cd.lianjia.com/ershoufang/jinjiang/青羊pg6
https://cd.lianjia.com/ershoufang/jinjiang/青羊pg7
https://cd.lianjia.com/ershoufang/jinjiang/青羊pg8
https://cd.lianjia.com/ershoufang/jinjiang/青羊pg9
https://cd.lianjia.com/ershoufang/jinjiang/青羊pg10
https://cd.lianjia.com/ershoufang/jinjiang/青羊pg11
https://cd.lianjia.com/ershoufang/jinjiang/青羊pg12
https://cd.lianjia.com/ershoufang/jinjiang/青羊pg13
https://cd.lianjia.com/ershoufang/jinjiang/青羊pg14
https://cd.lianjia.com/ershoufang/jinjiang/青羊pg15
https://cd.lianjia.com/ershoufang/jinjiang/青羊pg16
https://cd.lianjia.com/ershoufang/jinjiang/青羊pg17
https://cd.lianjia.com/ershoufang/jinjiang/青羊pg18
https://cd.lianjia.com/ershoufang/jinjiang/青羊pg19
https://cd.lianjia.com/ershoufang/jinjiang/青羊pg20
https://cd.lianjia.com/ershoufang/jinjiang/青羊pg21
https://cd.lianjia.com/ershoufang/jinjiang/青羊pg22
https://cd.lianjia.com/ershoufang/jinjiang/青羊pg23
https://cd.lianjia.com/ershoufang/jinjiang/青羊pg24
https://cd.lianjia.com/ershoufang/jinjiang/青羊pg25
https://cd.lianjia.com/ershoufang/jinjiang/青羊pg26
开始爬。。。。
开始爬。。。。
开始爬。。。。
开始爬。。。。
开始爬。。。。
记录地区
开始爬。。。。
记录地区
[]
开始爬。。。。
记录地区
[<Element 'a' href='/ershoufang/jinjiang/' title='成都锦江在售二手房 '>, <Element 'a' href='/ershoufang/qingyang/' title='成都青羊在售二手房 '>, <Element 'a' href='/ershoufang/wuhou/' title='成都武侯在售二手房 '>, <Element 'a' href='/ershoufang/gaoxin7/' title='成都高新在售二手房 '>, <Element 'a' href='/ershoufang/chenghua/' title='成都成华在售二手房 '>, <Element 'a' href='/ershoufang/jinniu/' title='成都金牛在售二手房 '>, <Element 'a' href='/ershoufang/tianfuxinqu/' title='成都天府新区在售二手房 '>, <Element 'a' href='/ershoufang/gaoxinxi1/' title='成都高新西在售二手房 '>, <Element 'a' href='/ershoufang/shuangliu/' title='成都双流在售二手房 '>, <Element 'a' href='/ershoufang/wenjiang/' title='成都温江在售二手房 '>, <Element 'a' href='/ershoufang/pidou/' title='成都郫都在售二手房 '>, <Element 'a' href='/ershoufang/longquanyi/' title='成都龙泉驿在售二手房 '>, <Element 'a' href='/ershoufang/xindou/' title='成都新都在售二手房 '>, <Element 'a' href='/ershoufang/tianfuxinqunanqu/' title='成都天府新区南区在售二手房 '>, <Element 'a' href='/ershoufang/qingbaijiang/' title='成都青白江在售二手房 '>, <Element 'a' href='/ershoufang/doujiangyan/' title='成都都江堰在售二手房 '>, <Element 'a' href='/ershoufang/pengzhou/' title='成都彭州在售二手房 '>, <Element 'a' href='/ershoufang/jianyang/' title='成都简阳在售二手房 '>, <Element 'a' href='/ershoufang/xinjin/' title='成都新津在售二手房 '>, <Element 'a' href='/ershoufang/chongzhou1/' title='成都崇州在售二手房 '>, <Element 'a' href='/ershoufang/dayi/' title='成都大邑在售二手房 '>, <Element 'a' href='/ershoufang/jintang/' title='成都金堂在售二手房 '>, <Element 'a' href='/ershoufang/pujiang/' title='成都蒲江在售二手房 '>, <Element 'a' href='/ershoufang/qionglai/' title='成都邛崃在售二手房 '>, <Element 'a' href='/ditiefang/li110460717/' title='成都1号线(科学城-韦家碾)在售二手房 '>, <Element 'a' href='/ditiefang/li1620030075760238/' title='成都1号线(五根松-韦家碾)在售二手房 '>, <Element 'a' href='/ditiefang/li110460718/' title='成都2号线在售二手房 '>, <Element 'a' href='/ditiefang/li1613492049948368/' title='成都3号线在售二手房 '>, <Element 'a' href='/ditiefang/li168216086851433/' title='成都4号线在售二手房 '>, <Element 'a' href='/ditiefang/li1620045664386244/' title='成都5号线在售二手房 '>, <Element 'a' href='/ditiefang/li1620027130296202/' title='成都7号线在售二手房 '>, <Element 'a' href='/ditiefang/li1620024839118177/' title='成都10号线在售二手房 '>]
area
area
area
area
area
area
area
area
area
area
area
area
area
area
area
area
area
area
area
area
area
area
area
area
area
area
area
area
area
area
area
area
开始爬。。。。
记录地区
开始爬。。。。
记录地区
开始爬。。。。
记录地区
开始爬。。。。
记录地区
https://cd.lianjia.com/ershoufang/jinjiang/pg1
开始爬。。。。
记录地区
https://cd.lianjia.com/ershoufang/jinjiang/pg1
开始爬。。。。
记录地区
https://cd.lianjia.com/ershoufang/jinjiang/pg1
开始爬。。。。
记录地区
https://cd.lianjia.com/ershoufang/jinjiang/pg1
https://cd.lianjia.com/ershoufang/jinjiang/pg2
https://cd.lianjia.com/ershoufang/jinjiang/pg3
https://cd.lianjia.com/ershoufang/jinjiang/pg4
https://cd.lianjia.com/ershoufang/jinjiang/pg5
https://cd.lianjia.com/ershoufang/jinjiang/pg6
https://cd.lianjia.com/ershoufang/jinjiang/pg7
https://cd.lianjia.com/ershoufang/jinjiang/pg8
https://cd.lianjia.com/ershoufang/jinjiang/pg9
https://cd.lianjia.com/ershoufang/jinjiang/pg10
https://cd.lianjia.com/ershoufang/jinjiang/pg11
https://cd.lianjia.com/ershoufang/jinjiang/pg12
https://cd.lianjia.com/ershoufang/jinjiang/pg13
https://cd.lianjia.com/ershoufang/jinjiang/pg14
https://cd.lianjia.com/ershoufang/jinjiang/pg15
https://cd.lianjia.com/ershoufang/jinjiang/pg16
https://cd.lianjia.com/ershoufang/jinjiang/pg17
https://cd.lianjia.com/ershoufang/jinjiang/pg18
https://cd.lianjia.com/ershoufang/jinjiang/pg19
https://cd.lianjia.com/ershoufang/jinjiang/pg20
https://cd.lianjia.com/ershoufang/jinjiang/pg21
https://cd.lianjia.com/ershoufang/jinjiang/pg22
https://cd.lianjia.com/ershoufang/jinjiang/pg23
https://cd.lianjia.com/ershoufang/jinjiang/pg24
https://cd.lianjia.com/ershoufang/jinjiang/pg25
https://cd.lianjia.com/ershoufang/jinjiang/pg26
https://cd.lianjia.com/ershoufang/jinjiang/pg27
https://cd.lianjia.com/ershoufang/jinjiang/pg28
https://cd.lianjia.com/ershoufang/jinjiang/pg29
https://cd.lianjia.com/ershoufang/jinjiang/pg30
https://cd.lianjia.com/ershoufang/jinjiang/pg31
https://cd.lianjia.com/ershoufang/jinjiang/pg32
https://cd.lianjia.com/ershoufang/jinjiang/pg33
https://cd.lianjia.com/ershoufang/jinjiang/pg34
https://cd.lianjia.com/ershoufang/jinjiang/pg35
https://cd.lianjia.com/ershoufang/jinjiang/pg36
https://cd.lianjia.com/ershoufang/jinjiang/pg37
https://cd.lianjia.com/ershoufang/jinjiang/pg38
https://cd.lianjia.com/ershoufang/jinjiang/pg39
https://cd.lianjia.com/ershoufang/jinjiang/pg40
https://cd.lianjia.com/ershoufang/jinjiang/pg41
https://cd.lianjia.com/ershoufang/jinjiang/pg42
https://cd.lianjia.com/ershoufang/jinjiang/pg43
https://cd.lianjia.com/ershoufang/jinjiang/pg44
https://cd.lianjia.com/ershoufang/jinjiang/pg45
https://cd.lianjia.com/ershoufang/jinjiang/pg46
https://cd.lianjia.com/ershoufang/jinjiang/pg47
https://cd.lianjia.com/ershoufang/jinjiang/pg48
https://cd.lianjia.com/ershoufang/jinjiang/pg49
https://cd.lianjia.com/ershoufang/jinjiang/pg50
https://cd.lianjia.com/ershoufang/jinjiang/pg51
https://cd.lianjia.com/ershoufang/jinjiang/pg52
https://cd.lianjia.com/ershoufang/jinjiang/pg53
https://cd.lianjia.com/ershoufang/jinjiang/pg54
https://cd.lianjia.com/ershoufang/jinjiang/pg55
https://cd.lianjia.com/ershoufang/jinjiang/pg56
https://cd.lianjia.com/ershoufang/jinjiang/pg57
https://cd.lianjia.com/ershoufang/jinjiang/pg58
https://cd.lianjia.com/ershoufang/jinjiang/pg59
https://cd.lianjia.com/ershoufang/jinjiang/pg60
https://cd.lianjia.com/ershoufang/jinjiang/pg61
https://cd.lianjia.com/ershoufang/jinjiang/pg62
https://cd.lianjia.com/ershoufang/jinjiang/pg63
https://cd.lianjia.com/ershoufang/jinjiang/pg64
https://cd.lianjia.com/ershoufang/jinjiang/pg65
https://cd.lianjia.com/ershoufang/jinjiang/pg66
https://cd.lianjia.com/ershoufang/jinjiang/pg67
https://cd.lianjia.com/ershoufang/jinjiang/pg68
https://cd.lianjia.com/ershoufang/jinjiang/pg69
https://cd.lianjia.com/ershoufang/jinjiang/pg70
https://cd.lianjia.com/ershoufang/jinjiang/pg71
https://cd.lianjia.com/ershoufang/jinjiang/pg72
https://cd.lianjia.com/ershoufang/jinjiang/pg73
https://cd.lianjia.com/ershoufang/jinjiang/pg74
https://cd.lianjia.com/ershoufang/jinjiang/pg75
https://cd.lianjia.com/ershoufang/jinjiang/pg76
https://cd.lianjia.com/ershoufang/jinjiang/pg77
https://cd.lianjia.com/ershoufang/jinjiang/pg78
https://cd.lianjia.com/ershoufang/jinjiang/pg79
https://cd.lianjia.com/ershoufang/jinjiang/pg80
https://cd.lianjia.com/ershoufang/jinjiang/pg81
https://cd.lianjia.com/ershoufang/jinjiang/pg82
https://cd.lianjia.com/ershoufang/jinjiang/pg83
https://cd.lianjia.com/ershoufang/jinjiang/pg84
https://cd.lianjia.com/ershoufang/jinjiang/pg85
https://cd.lianjia.com/ershoufang/jinjiang/pg86
https://cd.lianjia.com/ershoufang/jinjiang/pg87
https://cd.lianjia.com/ershoufang/jinjiang/pg88
https://cd.lianjia.com/ershoufang/jinjiang/pg89
https://cd.lianjia.com/ershoufang/jinjiang/pg90
https://cd.lianjia.com/ershoufang/jinjiang/pg91
https://cd.lianjia.com/ershoufang/jinjiang/pg92
https://cd.lianjia.com/ershoufang/jinjiang/pg93
https://cd.lianjia.com/ershoufang/jinjiang/pg94
https://cd.lianjia.com/ershoufang/jinjiang/pg95
https://cd.lianjia.com/ershoufang/jinjiang/pg96
https://cd.lianjia.com/ershoufang/jinjiang/pg97
https://cd.lianjia.com/ershoufang/jinjiang/pg98
https://cd.lianjia.com/ershoufang/jinjiang/pg99
https://cd.lianjia.com/ershoufang/qingyang/pg1
https://cd.lianjia.com/ershoufang/qingyang/pg2
https://cd.lianjia.com/ershoufang/qingyang/pg3
https://cd.lianjia.com/ershoufang/qingyang/pg4
https://cd.lianjia.com/ershoufang/qingyang/pg5
https://cd.lianjia.com/ershoufang/qingyang/pg6
https://cd.lianjia.com/ershoufang/qingyang/pg7
https://cd.lianjia.com/ershoufang/qingyang/pg8
https://cd.lianjia.com/ershoufang/qingyang/pg9
https://cd.lianjia.com/ershoufang/qingyang/pg10
https://cd.lianjia.com/ershoufang/qingyang/pg11
https://cd.lianjia.com/ershoufang/qingyang/pg12
https://cd.lianjia.com/ershoufang/qingyang/pg13
https://cd.lianjia.com/ershoufang/qingyang/pg14
https://cd.lianjia.com/ershoufang/qingyang/pg15
https://cd.lianjia.com/ershoufang/qingyang/pg16
https://cd.lianjia.com/ershoufang/qingyang/pg17
https://cd.lianjia.com/ershoufang/qingyang/pg18
https://cd.lianjia.com/ershoufang/qingyang/pg19
https://cd.lianjia.com/ershoufang/qingyang/pg20
https://cd.lianjia.com/ershoufang/qingyang/pg21
https://cd.lianjia.com/ershoufang/qingyang/pg22
https://cd.lianjia.com/ershoufang/qingyang/pg23
https://cd.lianjia.com/ershoufang/qingyang/pg24
https://cd.lianjia.com/ershoufang/qingyang/pg25
https://cd.lianjia.com/ershoufang/qingyang/pg26
https://cd.lianjia.com/ershoufang/qingyang/pg27
https://cd.lianjia.com/ershoufang/qingyang/pg28
https://cd.lianjia.com/ershoufang/qingyang/pg29
https://cd.lianjia.com/ershoufang/qingyang/pg30
https://cd.lianjia.com/ershoufang/qingyang/pg31
https://cd.lianjia.com/ershoufang/qingyang/pg32
https://cd.lianjia.com/ershoufang/qingyang/pg33
https://cd.lianjia.com/ershoufang/qingyang/pg34
https://cd.lianjia.com/ershoufang/qingyang/pg35
https://cd.lianjia.com/ershoufang/qingyang/pg36
https://cd.lianjia.com/ershoufang/qingyang/pg37
https://cd.lianjia.com/ershoufang/qingyang/pg38
https://cd.lianjia.com/ershoufang/qingyang/pg39
https://cd.lianjia.com/ershoufang/qingyang/pg40
https://cd.lianjia.com/ershoufang/qingyang/pg41
https://cd.lianjia.com/ershoufang/qingyang/pg42
https://cd.lianjia.com/ershoufang/qingyang/pg43
https://cd.lianjia.com/ershoufang/qingyang/pg44
https://cd.lianjia.com/ershoufang/qingyang/pg45
https://cd.lianjia.com/ershoufang/qingyang/pg46
https://cd.lianjia.com/ershoufang/qingyang/pg47
https://cd.lianjia.com/ershoufang/qingyang/pg48
https://cd.lianjia.com/ershoufang/qingyang/pg49
https://cd.lianjia.com/ershoufang/qingyang/pg50
https://cd.lianjia.com/ershoufang/qingyang/pg51
https://cd.lianjia.com/ershoufang/qingyang/pg52
https://cd.lianjia.com/ershoufang/qingyang/pg53
https://cd.lianjia.com/ershoufang/qingyang/pg54
https://cd.lianjia.com/ershoufang/qingyang/pg55
https://cd.lianjia.com/ershoufang/qingyang/pg56
https://cd.lianjia.com/ershoufang/qingyang/pg57
https://cd.lianjia.com/ershoufang/qingyang/pg58
https://cd.lianjia.com/ershoufang/qingyang/pg59
https://cd.lianjia.com/ershoufang/qingyang/pg60
https://cd.lianjia.com/ershoufang/qingyang/pg61
https://cd.lianjia.com/ershoufang/qingyang/pg62
https://cd.lianjia.com/ershoufang/qingyang/pg63
https://cd.lianjia.com/ershoufang/qingyang/pg64
https://cd.lianjia.com/ershoufang/qingyang/pg65
https://cd.lianjia.com/ershoufang/qingyang/pg66
https://cd.lianjia.com/ershoufang/qingyang/pg67
https://cd.lianjia.com/ershoufang/qingyang/pg68
https://cd.lianjia.com/ershoufang/qingyang/pg69
https://cd.lianjia.com/ershoufang/qingyang/pg70
https://cd.lianjia.com/ershoufang/qingyang/pg71
https://cd.lianjia.com/ershoufang/qingyang/pg72
https://cd.lianjia.com/ershoufang/qingyang/pg73
https://cd.lianjia.com/ershoufang/qingyang/pg74
https://cd.lianjia.com/ershoufang/qingyang/pg75
https://cd.lianjia.com/ershoufang/qingyang/pg76
https://cd.lianjia.com/ershoufang/qingyang/pg77
https://cd.lianjia.com/ershoufang/qingyang/pg78
https://cd.lianjia.com/ershoufang/qingyang/pg79
https://cd.lianjia.com/ershoufang/qingyang/pg80
https://cd.lianjia.com/ershoufang/qingyang/pg81
https://cd.lianjia.com/ershoufang/qingyang/pg82
https://cd.lianjia.com/ershoufang/qingyang/pg83
https://cd.lianjia.com/ershoufang/qingyang/pg84
https://cd.lianjia.com/ershoufang/qingyang/pg85
https://cd.lianjia.com/ershoufang/qingyang/pg86
https://cd.lianjia.com/ershoufang/qingyang/pg87
https://cd.lianjia.com/ershoufang/qingyang/pg88
https://cd.lianjia.com/ershoufang/qingyang/pg89
https://cd.lianjia.com/ershoufang/qingyang/pg90
https://cd.lianjia.com/ershoufang/qingyang/pg91
https://cd.lianjia.com/ershoufang/qingyang/pg92
开始爬。。。。
记录地区
https://cd.lianjia.com/ershoufang/jinjiang/pg93
https://cd.lianjia.com/ershoufang/jinjiang/pg93: 请求异常
https://cd.lianjia.com/ershoufang/jinjiang/pg94
https://cd.lianjia.com/ershoufang/jinjiang/pg94: 请求异常
https://cd.lianjia.com/ershoufang/jinjiang/pg11
https://cd.lianjia.com/ershoufang/jinjiang/pg11: 请求异常
https://cd.lianjia.com/ershoufang/jinjiang/pg95
https://cd.lianjia.com/ershoufang/jinjiang/pg95: 请求异常
https://cd.lianjia.com/ershoufang/jinjiang/pg12
https://cd.lianjia.com/ershoufang/jinjiang/pg12: 请求异常
https://cd.lianjia.com/ershoufang/jinjiang/pg96
https://cd.lianjia.com/ershoufang/jinjiang/pg96: 请求异常
https://cd.lianjia.com/ershoufang/jinjiang/pg13
https://cd.lianjia.com/ershoufang/jinjiang/pg13: 请求异常
https://cd.lianjia.com/ershoufang/jinjiang/pg97
https://cd.lianjia.com/ershoufang/jinjiang/pg97: 请求异常
https://cd.lianjia.com/ershoufang/jinjiang/pg14
https://cd.lianjia.com/ershoufang/jinjiang/pg14: 请求异常
https://cd.lianjia.com/ershoufang/jinjiang/pg98
https://cd.lianjia.com/ershoufang/jinjiang/pg98: 请求异常
https://cd.lianjia.com/ershoufang/jinjiang/pg15
https://cd.lianjia.com/ershoufang/jinjiang/pg15: 请求异常
https://cd.lianjia.com/ershoufang/jinjiang/pg99
https://cd.lianjia.com/ershoufang/jinjiang/pg99: 请求异常
https://cd.lianjia.com/ershoufang/jinjiang/pg16
https://cd.lianjia.com/ershoufang/jinjiang/pg16: 请求异常
https://cd.lianjia.com/ershoufang/jinjiang/pg17
https://cd.lianjia.com/ershoufang/jinjiang/pg17: 请求异常
https://cd.lianjia.com/ershoufang/jinjiang/pg18
https://cd.lianjia.com/ershoufang/jinjiang/pg18: 请求异常
https://cd.lianjia.com/ershoufang/jinjiang/pg19
https://cd.lianjia.com/ershoufang/jinjiang/pg19: 请求异常
https://cd.lianjia.com/ershoufang/jinjiang/pg20
https://cd.lianjia.com/ershoufang/jinjiang/pg20: 请求异常
https://cd.lianjia.com/ershoufang/jinjiang/pg21
https://cd.lianjia.com/ershoufang/jinjiang/pg21: 请求异常
https://cd.lianjia.com/ershoufang/jinjiang/pg22
https://cd.lianjia.com/ershoufang/jinjiang/pg22: 请求异常
https://cd.lianjia.com/ershoufang/jinjiang/pg23
https://cd.lianjia.com/ershoufang/jinjiang/pg23: 请求异常
https://cd.lianjia.com/ershoufang/jinjiang/pg24
https://cd.lianjia.com/ershoufang/jinjiang/pg24: 请求异常
https://cd.lianjia.com/ershoufang/jinjiang/pg25
https://cd.lianjia.com/ershoufang/jinjiang/pg25: 请求异常
https://cd.lianjia.com/ershoufang/jinjiang/pg26
https://cd.lianjia.com/ershoufang/jinjiang/pg26: 请求异常
https://cd.lianjia.com/ershoufang/jinjiang/pg27
https://cd.lianjia.com/ershoufang/jinjiang/pg27: 请求异常
https://cd.lianjia.com/ershoufang/jinjiang/pg28
https://cd.lianjia.com/ershoufang/jinjiang/pg28: 请求异常
https://cd.lianjia.com/ershoufang/jinjiang/pg29
https://cd.lianjia.com/ershoufang/jinjiang/pg29: 请求异常
https://cd.lianjia.com/ershoufang/jinjiang/pg30
https://cd.lianjia.com/ershoufang/jinjiang/pg30: 请求异常
https://cd.lianjia.com/ershoufang/jinjiang/pg31
https://cd.lianjia.com/ershoufang/jinjiang/pg31: 请求异常
https://cd.lianjia.com/ershoufang/jinjiang/pg32
https://cd.lianjia.com/ershoufang/jinjiang/pg32: 请求异常
https://cd.lianjia.com/ershoufang/jinjiang/pg33
https://cd.lianjia.com/ershoufang/jinjiang/pg33: 请求异常
https://cd.lianjia.com/ershoufang/jinjiang/pg34
https://cd.lianjia.com/ershoufang/jinjiang/pg34: 请求异常
https://cd.lianjia.com/ershoufang/jinjiang/pg35
https://cd.lianjia.com/ershoufang/jinjiang/pg35: 请求异常
https://cd.lianjia.com/ershoufang/jinjiang/pg36
https://cd.lianjia.com/ershoufang/jinjiang/pg36: 请求异常
https://cd.lianjia.com/ershoufang/jinjiang/pg37
https://cd.lianjia.com/ershoufang/jinjiang/pg37: 请求异常
https://cd.lianjia.com/ershoufang/jinjiang/pg38
https://cd.lianjia.com/ershoufang/jinjiang/pg38: 请求异常
https://cd.lianjia.com/ershoufang/jinjiang/pg39
https://cd.lianjia.com/ershoufang/jinjiang/pg39: 请求异常
https://cd.lianjia.com/ershoufang/jinjiang/pg40
https://cd.lianjia.com/ershoufang/jinjiang/pg40: 请求异常
https://cd.lianjia.com/ershoufang/jinjiang/pg41
https://cd.lianjia.com/ershoufang/jinjiang/pg41: 请求异常
https://cd.lianjia.com/ershoufang/jinjiang/pg42
https://cd.lianjia.com/ershoufang/jinjiang/pg42: 请求异常
https://cd.lianjia.com/ershoufang/jinjiang/pg43
https://cd.lianjia.com/ershoufang/jinjiang/pg43: 请求异常
https://cd.lianjia.com/ershoufang/jinjiang/pg44
https://cd.lianjia.com/ershoufang/jinjiang/pg44: 请求异常
https://cd.lianjia.com/ershoufang/jinjiang/pg45
https://cd.lianjia.com/ershoufang/jinjiang/pg45: 请求异常
https://cd.lianjia.com/ershoufang/jinjiang/pg46
https://cd.lianjia.com/ershoufang/jinjiang/pg46: 请求异常
https://cd.lianjia.com/ershoufang/jinjiang/pg47
https://cd.lianjia.com/ershoufang/jinjiang/pg47: 请求异常
https://cd.lianjia.com/ershoufang/jinjiang/pg48
https://cd.lianjia.com/ershoufang/jinjiang/pg48: 请求异常
https://cd.lianjia.com/ershoufang/jinjiang/pg49
https://cd.lianjia.com/ershoufang/jinjiang/pg49: 请求异常
https://cd.lianjia.com/ershoufang/jinjiang/pg50
https://cd.lianjia.com/ershoufang/jinjiang/pg50: 请求异常
https://cd.lianjia.com/ershoufang/jinjiang/pg51
https://cd.lianjia.com/ershoufang/jinjiang/pg51: 请求异常
https://cd.lianjia.com/ershoufang/jinjiang/pg52
https://cd.lianjia.com/ershoufang/jinjiang/pg52: 请求异常
https://cd.lianjia.com/ershoufang/jinjiang/pg53
https://cd.lianjia.com/ershoufang/jinjiang/pg53: 请求异常
https://cd.lianjia.com/ershoufang/jinjiang/pg54
https://cd.lianjia.com/ershoufang/jinjiang/pg54: 请求异常
https://cd.lianjia.com/ershoufang/jinjiang/pg55
开始爬。。。。
记录地区
https://cd.lianjia.com/ershoufang/jinjiang/pg93
https://cd.lianjia.com/ershoufang/jinjiang/pg94
https://cd.lianjia.com/ershoufang/jinjiang/pg11
https://cd.lianjia.com/ershoufang/jinjiang/pg95
https://cd.lianjia.com/ershoufang/jinjiang/pg12
https://cd.lianjia.com/ershoufang/jinjiang/pg96
https://cd.lianjia.com/ershoufang/jinjiang/pg13
https://cd.lianjia.com/ershoufang/jinjiang/pg97
https://cd.lianjia.com/ershoufang/jinjiang/pg14
https://cd.lianjia.com/ershoufang/jinjiang/pg98
https://cd.lianjia.com/ershoufang/jinjiang/pg15
https://cd.lianjia.com/ershoufang/jinjiang/pg99
https://cd.lianjia.com/ershoufang/jinjiang/pg16
https://cd.lianjia.com/ershoufang/jinjiang/pg17
https://cd.lianjia.com/ershoufang/jinjiang/pg18
https://cd.lianjia.com/ershoufang/jinjiang/pg19
https://cd.lianjia.com/ershoufang/jinjiang/pg20
https://cd.lianjia.com/ershoufang/jinjiang/pg21
https://cd.lianjia.com/ershoufang/jinjiang/pg22
https://cd.lianjia.com/ershoufang/jinjiang/pg23
https://cd.lianjia.com/ershoufang/jinjiang/pg24
https://cd.lianjia.com/ershoufang/jinjiang/pg25
https://cd.lianjia.com/ershoufang/jinjiang/pg26
https://cd.lianjia.com/ershoufang/jinjiang/pg27
https://cd.lianjia.com/ershoufang/jinjiang/pg28
https://cd.lianjia.com/ershoufang/jinjiang/pg29
https://cd.lianjia.com/ershoufang/jinjiang/pg30
https://cd.lianjia.com/ershoufang/jinjiang/pg31
https://cd.lianjia.com/ershoufang/jinjiang/pg32
https://cd.lianjia.com/ershoufang/jinjiang/pg33
https://cd.lianjia.com/ershoufang/jinjiang/pg34
https://cd.lianjia.com/ershoufang/jinjiang/pg35
https://cd.lianjia.com/ershoufang/jinjiang/pg36
https://cd.lianjia.com/ershoufang/jinjiang/pg37
https://cd.lianjia.com/ershoufang/jinjiang/pg38
https://cd.lianjia.com/ershoufang/jinjiang/pg39
https://cd.lianjia.com/ershoufang/jinjiang/pg40
https://cd.lianjia.com/ershoufang/jinjiang/pg41
https://cd.lianjia.com/ershoufang/jinjiang/pg42
https://cd.lianjia.com/ershoufang/jinjiang/pg43
https://cd.lianjia.com/ershoufang/jinjiang/pg44
https://cd.lianjia.com/ershoufang/jinjiang/pg45
https://cd.lianjia.com/ershoufang/jinjiang/pg46
https://cd.lianjia.com/ershoufang/jinjiang/pg47
https://cd.lianjia.com/ershoufang/jinjiang/pg48
https://cd.lianjia.com/ershoufang/jinjiang/pg49
https://cd.lianjia.com/ershoufang/jinjiang/pg50
https://cd.lianjia.com/ershoufang/jinjiang/pg51
https://cd.lianjia.com/ershoufang/jinjiang/pg52
https://cd.lianjia.com/ershoufang/jinjiang/pg53
https://cd.lianjia.com/ershoufang/jinjiang/pg54
https://cd.lianjia.com/ershoufang/jinjiang/pg55
https://cd.lianjia.com/ershoufang/jinjiang/pg56
https://cd.lianjia.com/ershoufang/jinjiang/pg57
https://cd.lianjia.com/ershoufang/jinjiang/pg58
https://cd.lianjia.com/ershoufang/jinjiang/pg59
https://cd.lianjia.com/ershoufang/jinjiang/pg60
https://cd.lianjia.com/ershoufang/jinjiang/pg61
https://cd.lianjia.com/ershoufang/jinjiang/pg62
https://cd.lianjia.com/ershoufang/jinjiang/pg63
https://cd.lianjia.com/ershoufang/jinjiang/pg64
https://cd.lianjia.com/ershoufang/jinjiang/pg65
https://cd.lianjia.com/ershoufang/jinjiang/pg66
https://cd.lianjia.com/ershoufang/jinjiang/pg67
https://cd.lianjia.com/ershoufang/jinjiang/pg68
https://cd.lianjia.com/ershoufang/jinjiang/pg69
https://cd.lianjia.com/ershoufang/jinjiang/pg70
https://cd.lianjia.com/ershoufang/jinjiang/pg71
https://cd.lianjia.com/ershoufang/jinjiang/pg72
https://cd.lianjia.com/ershoufang/jinjiang/pg73
https://cd.lianjia.com/ershoufang/jinjiang/pg74
https://cd.lianjia.com/ershoufang/jinjiang/pg75
https://cd.lianjia.com/ershoufang/jinjiang/pg76
https://cd.lianjia.com/ershoufang/jinjiang/pg77
https://cd.lianjia.com/ershoufang/jinjiang/pg78
https://cd.lianjia.com/ershoufang/jinjiang/pg79
https://cd.lianjia.com/ershoufang/jinjiang/pg80
https://cd.lianjia.com/ershoufang/jinjiang/pg81
https://cd.lianjia.com/ershoufang/jinjiang/pg82
https://cd.lianjia.com/ershoufang/jinjiang/pg1
https://cd.lianjia.com/ershoufang/jinjiang/pg83
https://cd.lianjia.com/ershoufang/jinjiang/pg84
https://cd.lianjia.com/ershoufang/jinjiang/pg85
https://cd.lianjia.com/ershoufang/jinjiang/pg2
https://cd.lianjia.com/ershoufang/jinjiang/pg86
https://cd.lianjia.com/ershoufang/jinjiang/pg3
https://cd.lianjia.com/ershoufang/jinjiang/pg87
https://cd.lianjia.com/ershoufang/jinjiang/pg4
https://cd.lianjia.com/ershoufang/jinjiang/pg88
https://cd.lianjia.com/ershoufang/jinjiang/pg5
https://cd.lianjia.com/ershoufang/jinjiang/pg89
https://cd.lianjia.com/ershoufang/jinjiang/pg6
https://cd.lianjia.com/ershoufang/jinjiang/pg90
https://cd.lianjia.com/ershoufang/jinjiang/pg7
https://cd.lianjia.com/ershoufang/jinjiang/pg91
https://cd.lianjia.com/ershoufang/jinjiang/pg8
https://cd.lianjia.com/ershoufang/jinjiang/pg92
https://cd.lianjia.com/ershoufang/jinjiang/pg9
https://cd.lianjia.com/ershoufang/jinjiang/pg10
